TpTrace Verbose: 0 : 20548, 1, 2022/12/22, 14:54:15.550, 6248610177836, vstest.console.dll, Version: 17.4.0-release-20221019-01 Current process architecture: X64
TpTrace Verbose: 0 : 20548, 1, 2022/12/22, 14:54:15.552, 6248610196601, vstest.console.dll, Runtime location: C:\Program Files\dotnet\shared\Microsoft.NETCore.App\7.0.1
TpTrace Verbose: 0 : 20548, 1, 2022/12/22, 14:54:15.555, 6248610227910, vstest.console.dll, ArtifactProcessingPostProcessModeProcessorExecutor.Initialize: ArtifactProcessingMode.Collect
TpTrace Verbose: 0 : 20548, 1, 2022/12/22, 14:54:15.555, 6248610229373, vstest.console.dll, TestSessionCorrelationIdProcessorModeProcessorExecutor.Initialize: TestSessionCorrelationId '22864_fa8b8da6-8fb7-4751-996b-203d13588e7f'
TpTrace Information: 0 : 20548, 1, 2022/12/22, 14:54:15.563, 6248610304738, vstest.console.dll, FilePatternParser: The given file C:\Users\HP\OneDrive\Documents\projects\tdd\Pragmatic-Test-Driven-Development-in-C-Sharp-and-NET\UqsWeather\Uqs.Weather.Tests.Unit\bin\Debug\net6.0\fine-code-coverage\build-output\Uqs.Weather.Tests.Unit.dll is a full path.
TpTrace Verbose: 0 : 20548, 1, 2022/12/22, 14:54:15.568, 6248610360422, vstest.console.dll, TestPluginCache.DiscoverTestExtensions: finding test extensions in assemblies ends with: RuntimeProvider.dll TPluginInfo: Microsoft.VisualStudio.TestPlatform.Common.ExtensionFramework.Utilities.TestRuntimePluginInformation TExtension: Microsoft.VisualStudio.TestPlatform.ObjectModel.Host.ITestRuntimeProvider
TpTrace Verbose: 0 : 20548, 1, 2022/12/22, 14:54:15.569, 6248610362506, vstest.console.dll, TestPluginCache.GetExtensionPaths: Filtered extension paths: 
TpTrace Verbose: 0 : 20548, 1, 2022/12/22, 14:54:15.569, 6248610363279, vstest.console.dll, TestPluginCache.GetExtensionPaths: Added default extension paths: C:\Program Files\dotnet\sdk\7.0.101\Extensions\Microsoft.Diagnostics.NETCore.Client.dll
C:\Program Files\dotnet\sdk\7.0.101\Extensions\Microsoft.TestPlatform.Extensions.BlameDataCollector.dll
C:\Program Files\dotnet\sdk\7.0.101\Extensions\Microsoft.TestPlatform.Extensions.EventLogCollector.dll
C:\Program Files\dotnet\sdk\7.0.101\Extensions\Microsoft.TestPlatform.TestHostRuntimeProvider.dll
C:\Program Files\dotnet\sdk\7.0.101\Extensions\Microsoft.VisualStudio.TestPlatform.Extensions.Html.TestLogger.dll
C:\Program Files\dotnet\sdk\7.0.101\Extensions\Microsoft.VisualStudio.TestPlatform.Extensions.Trx.TestLogger.dll
TpTrace Verbose: 0 : 20548, 1, 2022/12/22, 14:54:15.569, 6248610363631, vstest.console.dll, TestPluginCache.GetExtensionPaths: Added unfilterableExtensionPaths: 
TpTrace Information: 0 : 20548, 1, 2022/12/22, 14:54:15.569, 6248610370232, vstest.console.dll, AssemblyResolver.ctor: Creating AssemblyResolver with searchDirectories C:\Program Files\dotnet\sdk\7.0.101\Extensions,C:\Program Files\dotnet\sdk\7.0.101
TpTrace Verbose: 0 : 20548, 1, 2022/12/22, 14:54:15.570, 6248610380345, vstest.console.dll, TestPluginCache.DiscoverTestExtensions: Discovering the extensions using extension path.
TpTrace Verbose: 0 : 20548, 1, 2022/12/22, 14:54:15.570, 6248610381891, vstest.console.dll, TestPluginCache.GetExtensionPaths: Filtered extension paths: 
TpTrace Verbose: 0 : 20548, 1, 2022/12/22, 14:54:15.571, 6248610382380, vstest.console.dll, TestPluginCache.GetExtensionPaths: Added default extension paths: C:\Program Files\dotnet\sdk\7.0.101\Extensions\Microsoft.Diagnostics.NETCore.Client.dll
C:\Program Files\dotnet\sdk\7.0.101\Extensions\Microsoft.TestPlatform.Extensions.BlameDataCollector.dll
C:\Program Files\dotnet\sdk\7.0.101\Extensions\Microsoft.TestPlatform.Extensions.EventLogCollector.dll
C:\Program Files\dotnet\sdk\7.0.101\Extensions\Microsoft.TestPlatform.TestHostRuntimeProvider.dll
C:\Program Files\dotnet\sdk\7.0.101\Extensions\Microsoft.VisualStudio.TestPlatform.Extensions.Html.TestLogger.dll
C:\Program Files\dotnet\sdk\7.0.101\Extensions\Microsoft.VisualStudio.TestPlatform.Extensions.Trx.TestLogger.dll
TpTrace Verbose: 0 : 20548, 1, 2022/12/22, 14:54:15.571, 6248610382671, vstest.console.dll, TestPluginCache.GetExtensionPaths: Added unfilterableExtensionPaths: 
TpTrace Verbose: 0 : 20548, 1, 2022/12/22, 14:54:15.571, 6248610384127, vstest.console.dll, TestPluginCache.DiscoverTestExtensions: Discovering the extensions using allExtensionPaths: C:\Program Files\dotnet\sdk\7.0.101\Extensions\Microsoft.Diagnostics.NETCore.Client.dll
C:\Program Files\dotnet\sdk\7.0.101\Extensions\Microsoft.TestPlatform.Extensions.BlameDataCollector.dll
C:\Program Files\dotnet\sdk\7.0.101\Extensions\Microsoft.TestPlatform.Extensions.EventLogCollector.dll
C:\Program Files\dotnet\sdk\7.0.101\Extensions\Microsoft.TestPlatform.TestHostRuntimeProvider.dll
C:\Program Files\dotnet\sdk\7.0.101\Extensions\Microsoft.VisualStudio.TestPlatform.Extensions.Html.TestLogger.dll
C:\Program Files\dotnet\sdk\7.0.101\Extensions\Microsoft.VisualStudio.TestPlatform.Extensions.Trx.TestLogger.dll
TpTrace Information: 0 : 20548, 1, 2022/12/22, 14:54:15.571, 6248610385229, vstest.console.dll, AssemblyResolver.AddSearchDirectories: Adding more searchDirectories C:\Program Files\dotnet\sdk\7.0.101\Extensions,C:\Program Files\dotnet\sdk\7.0.101
TpTrace Information: 0 : 20548, 1, 2022/12/22, 14:54:15.571, 6248610385767, vstest.console.dll, AssemblyResolver.AddSearchDirectories: Adding more searchDirectories C:\Program Files\dotnet\sdk\7.0.101\Extensions,C:\Program Files\dotnet\sdk\7.0.101
TpTrace Information: 0 : 20548, 1, 2022/12/22, 14:54:15.571, 6248610386081, vstest.console.dll, AssemblyResolver.AddSearchDirectories: Adding more searchDirectories C:\Program Files\dotnet\sdk\7.0.101\Extensions,C:\Program Files\dotnet\sdk\7.0.101
TpTrace Information: 0 : 20548, 1, 2022/12/22, 14:54:15.571, 6248610386360, vstest.console.dll, AssemblyResolver.AddSearchDirectories: Adding more searchDirectories C:\Program Files\dotnet\sdk\7.0.101\Extensions,C:\Program Files\dotnet\sdk\7.0.101
TpTrace Information: 0 : 20548, 1, 2022/12/22, 14:54:15.571, 6248610386675, vstest.console.dll, AssemblyResolver.AddSearchDirectories: Adding more searchDirectories C:\Program Files\dotnet\sdk\7.0.101\Extensions,C:\Program Files\dotnet\sdk\7.0.101
TpTrace Information: 0 : 20548, 1, 2022/12/22, 14:54:15.571, 6248610386958, vstest.console.dll, AssemblyResolver.AddSearchDirectories: Adding more searchDirectories C:\Program Files\dotnet\sdk\7.0.101\Extensions,C:\Program Files\dotnet\sdk\7.0.101
TpTrace Information: 0 : 20548, 1, 2022/12/22, 14:54:15.571, 6248610391204, vstest.console.dll, AssemblyResolver.OnResolve: Microsoft.Diagnostics.NETCore.Client: Resolving assembly.
TpTrace Information: 0 : 20548, 1, 2022/12/22, 14:54:15.571, 6248610391844, vstest.console.dll, AssemblyResolver.OnResolve: Microsoft.Diagnostics.NETCore.Client: Searching in: 'C:\Program Files\dotnet\sdk\7.0.101\Extensions'.
TpTrace Information: 0 : 20548, 1, 2022/12/22, 14:54:15.579, 6248610470646, vstest.console.dll, AssemblyResolver.OnResolve: Microsoft.Diagnostics.NETCore.Client: Loading assembly 'C:\Program Files\dotnet\sdk\7.0.101\Extensions\Microsoft.Diagnostics.NETCore.Client.dll'.
TpTrace Information: 0 : 20548, 1, 2022/12/22, 14:54:15.580, 6248610478499, vstest.console.dll, AssemblyResolver.OnResolve: Resolved assembly: Microsoft.Diagnostics.NETCore.Client, from path: C:\Program Files\dotnet\sdk\7.0.101\Extensions\Microsoft.Diagnostics.NETCore.Client.dll
TpTrace Verbose: 0 : 20548, 1, 2022/12/22, 14:54:15.581, 6248610490281, vstest.console.dll, MetadataReaderExtensionsHelper: Discovering extensions inside assembly 'Microsoft.Diagnostics.NETCore.Client, Version=0.2.6.42401, Culture=neutral, PublicKeyToken=31bf3856ad364e35' file path 'C:\Program Files\dotnet\sdk\7.0.101\Extensions\Microsoft.Diagnostics.NETCore.Client.dll'
TpTrace Information: 0 : 20548, 1, 2022/12/22, 14:54:15.586, 6248610540081, vstest.console.dll, AssemblyResolver.OnResolve: Microsoft.Bcl.AsyncInterfaces: Resolving assembly.
TpTrace Information: 0 : 20548, 1, 2022/12/22, 14:54:15.586, 6248610540999, vstest.console.dll, AssemblyResolver.OnResolve: Microsoft.Bcl.AsyncInterfaces: Searching in: 'C:\Program Files\dotnet\sdk\7.0.101\Extensions'.
TpTrace Information: 0 : 20548, 1, 2022/12/22, 14:54:15.586, 6248610541733, vstest.console.dll, AssemblyResolver.OnResolve: Microsoft.Bcl.AsyncInterfaces: Assembly path does not exist: 'C:\Program Files\dotnet\sdk\7.0.101\Extensions\Microsoft.Bcl.AsyncInterfaces.dll', returning.
TpTrace Information: 0 : 20548, 1, 2022/12/22, 14:54:15.587, 6248610542697, vstest.console.dll, AssemblyResolver.OnResolve: Microsoft.Bcl.AsyncInterfaces: Assembly path does not exist: 'C:\Program Files\dotnet\sdk\7.0.101\Extensions\Microsoft.Bcl.AsyncInterfaces.exe', returning.
TpTrace Information: 0 : 20548, 1, 2022/12/22, 14:54:15.587, 6248610543034, vstest.console.dll, AssemblyResolver.OnResolve: Microsoft.Bcl.AsyncInterfaces: Searching in: 'C:\Program Files\dotnet\sdk\7.0.101'.
TpTrace Information: 0 : 20548, 1, 2022/12/22, 14:54:15.587, 6248610543548, vstest.console.dll, AssemblyResolver.OnResolve: Microsoft.Bcl.AsyncInterfaces: Assembly path does not exist: 'C:\Program Files\dotnet\sdk\7.0.101\Microsoft.Bcl.AsyncInterfaces.dll', returning.
TpTrace Information: 0 : 20548, 1, 2022/12/22, 14:54:15.587, 6248610544040, vstest.console.dll, AssemblyResolver.OnResolve: Microsoft.Bcl.AsyncInterfaces: Assembly path does not exist: 'C:\Program Files\dotnet\sdk\7.0.101\Microsoft.Bcl.AsyncInterfaces.exe', returning.
TpTrace Information: 0 : 20548, 1, 2022/12/22, 14:54:15.587, 6248610544386, vstest.console.dll, AssemblyResolver.OnResolve: Microsoft.Bcl.AsyncInterfaces: Failed to load assembly.
TpTrace Verbose: 0 : 20548, 1, 2022/12/22, 14:54:15.587, 6248610544745, vstest.console.dll, CurrentDomainAssemblyResolve: Resolving assembly 'Microsoft.Bcl.AsyncInterfaces'.
TpTrace Information: 0 : 20548, 1, 2022/12/22, 14:54:15.587, 6248610545293, vstest.console.dll, AssemblyResolver.OnResolve: Microsoft.Bcl.AsyncInterfaces: Resolving assembly.
TpTrace Information: 0 : 20548, 1, 2022/12/22, 14:54:15.587, 6248610545679, vstest.console.dll, AssemblyResolver.OnResolve: Microsoft.Bcl.AsyncInterfaces: Resolved from cache.
TpTrace Verbose: 0 : 20548, 1, 2022/12/22, 14:54:15.587, 6248610545962, vstest.console.dll, CurrentDomainAssemblyResolve: Resolving assembly 'Microsoft.Bcl.AsyncInterfaces'.
TpTrace Verbose: 0 : 20548, 1, 2022/12/22, 14:54:15.587, 6248610546331, vstest.console.dll, CurrentDomainAssemblyResolve: Failed to resolve assembly 'Microsoft.Bcl.AsyncInterfaces'.
TpTrace Verbose: 0 : 20548, 1, 2022/12/22, 14:54:15.588, 6248610555497, vstest.console.dll, CurrentDomainAssemblyResolve: Failed to resolve assembly 'Microsoft.Bcl.AsyncInterfaces'.
TpTrace Warning: 0 : 20548, 1, 2022/12/22, 14:54:15.595, 6248610629406, vstest.console.dll, TestPluginDiscoverer: Failed to get types from assembly 'Microsoft.Diagnostics.NETCore.Client, Version=0.2.6.42401, Culture=neutral, PublicKeyToken=31bf3856ad364e35'. Error: System.Reflection.ReflectionTypeLoadException: Unable to load one or more of the requested types.
Could not load file or assembly 'Microsoft.Bcl.AsyncInterfaces, Version=1.0.0.0, Culture=neutral, PublicKeyToken=cc7b13ffcd2ddd51'. The system cannot find the file specified.
   at System.Reflection.RuntimeModule.GetTypes(RuntimeModule module)
   at System.Reflection.Assembly.GetTypes()
   at Microsoft.VisualStudio.TestPlatform.Common.ExtensionFramework.TestPluginDiscoverer.GetTestExtensionsFromAssembly[TPluginInfo,TExtension](Assembly assembly, Dictionary`2 pluginInfos, String filePath)
System.IO.FileNotFoundException: Could not load file or assembly 'Microsoft.Bcl.AsyncInterfaces, Version=1.0.0.0, Culture=neutral, PublicKeyToken=cc7b13ffcd2ddd51'. The system cannot find the file specified.
File name: 'Microsoft.Bcl.AsyncInterfaces, Version=1.0.0.0, Culture=neutral, PublicKeyToken=cc7b13ffcd2ddd51'
 ---> System.IO.FileNotFoundException: Could not load file or assembly 'Microsoft.Bcl.AsyncInterfaces, Culture=neutral, PublicKeyToken=null'. The system cannot find the file specified.
File name: 'Microsoft.Bcl.AsyncInterfaces, Culture=neutral, PublicKeyToken=null'
   at System.Reflection.RuntimeAssembly.InternalLoad(AssemblyName assemblyName, StackCrawlMark& stackMark, AssemblyLoadContext assemblyLoadContext, RuntimeAssembly requestingAssembly, Boolean throwOnFileNotFound)
   at System.Reflection.Assembly.Load(AssemblyName assemblyRef)
   at Microsoft.VisualStudio.TestPlatform.Common.ExtensionFramework.TestPluginCache.CurrentDomainAssemblyResolve(Object sender, AssemblyResolveEventArgs args)
   at System.Runtime.Loader.AssemblyLoadContext.GetFirstResolvedAssemblyFromResolvingEvent(AssemblyName assemblyName)
   at System.Runtime.Loader.AssemblyLoadContext.ResolveUsingEvent(AssemblyName assemblyName)
   at System.Runtime.Loader.AssemblyLoadContext.ResolveUsingResolvingEvent(IntPtr gchManagedAssemblyLoadContext, AssemblyName assemblyName)
TpTrace Warning: 0 : 20548, 1, 2022/12/22, 14:54:15.596, 6248610633368, vstest.console.dll, LoaderExceptions: System.IO.FileNotFoundException: Could not load file or assembly 'Microsoft.Bcl.AsyncInterfaces, Version=1.0.0.0, Culture=neutral, PublicKeyToken=cc7b13ffcd2ddd51'. The system cannot find the file specified.
File name: 'Microsoft.Bcl.AsyncInterfaces, Version=1.0.0.0, Culture=neutral, PublicKeyToken=cc7b13ffcd2ddd51'
 ---> System.IO.FileNotFoundException: Could not load file or assembly 'Microsoft.Bcl.AsyncInterfaces, Culture=neutral, PublicKeyToken=null'. The system cannot find the file specified.
File name: 'Microsoft.Bcl.AsyncInterfaces, Culture=neutral, PublicKeyToken=null'
   at System.Reflection.RuntimeAssembly.InternalLoad(AssemblyName assemblyName, StackCrawlMark& stackMark, AssemblyLoadContext assemblyLoadContext, RuntimeAssembly requestingAssembly, Boolean throwOnFileNotFound)
   at System.Reflection.Assembly.Load(AssemblyName assemblyRef)
   at Microsoft.VisualStudio.TestPlatform.Common.ExtensionFramework.TestPluginCache.CurrentDomainAssemblyResolve(Object sender, AssemblyResolveEventArgs args)
   at System.Runtime.Loader.AssemblyLoadContext.GetFirstResolvedAssemblyFromResolvingEvent(AssemblyName assemblyName)
   at System.Runtime.Loader.AssemblyLoadContext.ResolveUsingEvent(AssemblyName assemblyName)
   at System.Runtime.Loader.AssemblyLoadContext.ResolveUsingResolvingEvent(IntPtr gchManagedAssemblyLoadContext, AssemblyName assemblyName)
TpTrace Information: 0 : 20548, 1, 2022/12/22, 14:54:15.596, 6248610635286, vstest.console.dll, AssemblyResolver.OnResolve: Microsoft.TestPlatform.Extensions.BlameDataCollector: Resolving assembly.
TpTrace Information: 0 : 20548, 1, 2022/12/22, 14:54:15.596, 6248610635762, vstest.console.dll, AssemblyResolver.OnResolve: Microsoft.TestPlatform.Extensions.BlameDataCollector: Searching in: 'C:\Program Files\dotnet\sdk\7.0.101\Extensions'.
TpTrace Information: 0 : 20548, 1, 2022/12/22, 14:54:15.597, 6248610642361, vstest.console.dll, AssemblyResolver.OnResolve: Microsoft.TestPlatform.Extensions.BlameDataCollector: Loading assembly 'C:\Program Files\dotnet\sdk\7.0.101\Extensions\Microsoft.TestPlatform.Extensions.BlameDataCollector.dll'.
TpTrace Information: 0 : 20548, 1, 2022/12/22, 14:54:15.597, 6248610648494, vstest.console.dll, AssemblyResolver.OnResolve: Resolved assembly: Microsoft.TestPlatform.Extensions.BlameDataCollector, from path: C:\Program Files\dotnet\sdk\7.0.101\Extensions\Microsoft.TestPlatform.Extensions.BlameDataCollector.dll
TpTrace Verbose: 0 : 20548, 1, 2022/12/22, 14:54:15.597, 6248610649350, vstest.console.dll, MetadataReaderExtensionsHelper: Discovering extensions inside assembly 'Microsoft.TestPlatform.Extensions.BlameDataCollector, Version=15.0.0.0, Culture=neutral, PublicKeyToken=b03f5f7f11d50a3a' file path 'C:\Program Files\dotnet\sdk\7.0.101\Extensions\Microsoft.TestPlatform.Extensions.BlameDataCollector.dll'
TpTrace Information: 0 : 20548, 1, 2022/12/22, 14:54:15.599, 6248610666008, vstest.console.dll, AssemblyResolver.OnResolve: Microsoft.TestPlatform.Extensions.EventLogCollector: Resolving assembly.
TpTrace Information: 0 : 20548, 1, 2022/12/22, 14:54:15.599, 6248610666801, vstest.console.dll, AssemblyResolver.OnResolve: Microsoft.TestPlatform.Extensions.EventLogCollector: Searching in: 'C:\Program Files\dotnet\sdk\7.0.101\Extensions'.
TpTrace Information: 0 : 20548, 1, 2022/12/22, 14:54:15.599, 6248610672234, vstest.console.dll, AssemblyResolver.OnResolve: Microsoft.TestPlatform.Extensions.EventLogCollector: Loading assembly 'C:\Program Files\dotnet\sdk\7.0.101\Extensions\Microsoft.TestPlatform.Extensions.EventLogCollector.dll'.
TpTrace Information: 0 : 20548, 1, 2022/12/22, 14:54:15.600, 6248610677689, vstest.console.dll, AssemblyResolver.OnResolve: Resolved assembly: Microsoft.TestPlatform.Extensions.EventLogCollector, from path: C:\Program Files\dotnet\sdk\7.0.101\Extensions\Microsoft.TestPlatform.Extensions.EventLogCollector.dll
TpTrace Verbose: 0 : 20548, 1, 2022/12/22, 14:54:15.600, 6248610678420, vstest.console.dll, MetadataReaderExtensionsHelper: Discovering extensions inside assembly 'Microsoft.TestPlatform.Extensions.EventLogCollector, Version=15.0.0.0, Culture=neutral, PublicKeyToken=b03f5f7f11d50a3a' file path 'C:\Program Files\dotnet\sdk\7.0.101\Extensions\Microsoft.TestPlatform.Extensions.EventLogCollector.dll'
TpTrace Information: 0 : 20548, 1, 2022/12/22, 14:54:15.603, 6248610705422, vstest.console.dll, AssemblyResolver.OnResolve: Microsoft.TestPlatform.TestHostRuntimeProvider: Resolving assembly.
TpTrace Information: 0 : 20548, 1, 2022/12/22, 14:54:15.603, 6248610706254, vstest.console.dll, AssemblyResolver.OnResolve: Microsoft.TestPlatform.TestHostRuntimeProvider: Searching in: 'C:\Program Files\dotnet\sdk\7.0.101\Extensions'.
TpTrace Information: 0 : 20548, 1, 2022/12/22, 14:54:15.603, 6248610711349, vstest.console.dll, AssemblyResolver.OnResolve: Microsoft.TestPlatform.TestHostRuntimeProvider: Loading assembly 'C:\Program Files\dotnet\sdk\7.0.101\Extensions\Microsoft.TestPlatform.TestHostRuntimeProvider.dll'.
TpTrace Information: 0 : 20548, 1, 2022/12/22, 14:54:15.604, 6248610716662, vstest.console.dll, AssemblyResolver.OnResolve: Resolved assembly: Microsoft.TestPlatform.TestHostRuntimeProvider, from path: C:\Program Files\dotnet\sdk\7.0.101\Extensions\Microsoft.TestPlatform.TestHostRuntimeProvider.dll
TpTrace Verbose: 0 : 20548, 1, 2022/12/22, 14:54:15.604, 6248610717433, vstest.console.dll, MetadataReaderExtensionsHelper: Discovering extensions inside assembly 'Microsoft.TestPlatform.TestHostRuntimeProvider, Version=15.0.0.0, Culture=neutral, PublicKeyToken=b03f5f7f11d50a3a' file path 'C:\Program Files\dotnet\sdk\7.0.101\Extensions\Microsoft.TestPlatform.TestHostRuntimeProvider.dll'
TpTrace Information: 0 : 20548, 1, 2022/12/22, 14:54:15.606, 6248610736137, vstest.console.dll, GetTestExtensionFromType: Register extension with identifier data 'HostProvider://DefaultTestHost' and type 'Microsoft.VisualStudio.TestPlatform.CrossPlatEngine.Hosting.DefaultTestHostManager, Microsoft.TestPlatform.TestHostRuntimeProvider, Version=15.0.0.0, Culture=neutral, PublicKeyToken=b03f5f7f11d50a3a' inside file 'C:\Program Files\dotnet\sdk\7.0.101\Extensions\Microsoft.TestPlatform.TestHostRuntimeProvider.dll'
TpTrace Information: 0 : 20548, 1, 2022/12/22, 14:54:15.606, 6248610738826, vstest.console.dll, GetTestExtensionFromType: Register extension with identifier data 'HostProvider://DotnetTestHost' and type 'Microsoft.VisualStudio.TestPlatform.CrossPlatEngine.Hosting.DotnetTestHostManager, Microsoft.TestPlatform.TestHostRuntimeProvider, Version=15.0.0.0, Culture=neutral, PublicKeyToken=b03f5f7f11d50a3a' inside file 'C:\Program Files\dotnet\sdk\7.0.101\Extensions\Microsoft.TestPlatform.TestHostRuntimeProvider.dll'
TpTrace Information: 0 : 20548, 1, 2022/12/22, 14:54:15.606, 6248610739651, vstest.console.dll, AssemblyResolver.OnResolve: Microsoft.VisualStudio.TestPlatform.Extensions.Html.TestLogger: Resolving assembly.
TpTrace Information: 0 : 20548, 1, 2022/12/22, 14:54:15.606, 6248610740060, vstest.console.dll, AssemblyResolver.OnResolve: Microsoft.VisualStudio.TestPlatform.Extensions.Html.TestLogger: Searching in: 'C:\Program Files\dotnet\sdk\7.0.101\Extensions'.
TpTrace Information: 0 : 20548, 1, 2022/12/22, 14:54:15.607, 6248610746012, vstest.console.dll, AssemblyResolver.OnResolve: Microsoft.VisualStudio.TestPlatform.Extensions.Html.TestLogger: Loading assembly 'C:\Program Files\dotnet\sdk\7.0.101\Extensions\Microsoft.VisualStudio.TestPlatform.Extensions.Html.TestLogger.dll'.
TpTrace Information: 0 : 20548, 1, 2022/12/22, 14:54:15.607, 6248610751846, vstest.console.dll, AssemblyResolver.OnResolve: Resolved assembly: Microsoft.VisualStudio.TestPlatform.Extensions.Html.TestLogger, from path: C:\Program Files\dotnet\sdk\7.0.101\Extensions\Microsoft.VisualStudio.TestPlatform.Extensions.Html.TestLogger.dll
TpTrace Verbose: 0 : 20548, 1, 2022/12/22, 14:54:15.608, 6248610752638, vstest.console.dll, MetadataReaderExtensionsHelper: Discovering extensions inside assembly 'Microsoft.VisualStudio.TestPlatform.Extensions.Html.TestLogger, Version=15.0.0.0, Culture=neutral, PublicKeyToken=b03f5f7f11d50a3a' file path 'C:\Program Files\dotnet\sdk\7.0.101\Extensions\Microsoft.VisualStudio.TestPlatform.Extensions.Html.TestLogger.dll'
TpTrace Information: 0 : 20548, 1, 2022/12/22, 14:54:15.609, 6248610763429, vstest.console.dll, AssemblyResolver.OnResolve: Microsoft.VisualStudio.TestPlatform.Extensions.Trx.TestLogger: Resolving assembly.
TpTrace Information: 0 : 20548, 1, 2022/12/22, 14:54:15.609, 6248610764157, vstest.console.dll, AssemblyResolver.OnResolve: Microsoft.VisualStudio.TestPlatform.Extensions.Trx.TestLogger: Searching in: 'C:\Program Files\dotnet\sdk\7.0.101\Extensions'.
TpTrace Information: 0 : 20548, 1, 2022/12/22, 14:54:15.609, 6248610769924, vstest.console.dll, AssemblyResolver.OnResolve: Microsoft.VisualStudio.TestPlatform.Extensions.Trx.TestLogger: Loading assembly 'C:\Program Files\dotnet\sdk\7.0.101\Extensions\Microsoft.VisualStudio.TestPlatform.Extensions.Trx.TestLogger.dll'.
TpTrace Information: 0 : 20548, 1, 2022/12/22, 14:54:15.610, 6248610776962, vstest.console.dll, AssemblyResolver.OnResolve: Resolved assembly: Microsoft.VisualStudio.TestPlatform.Extensions.Trx.TestLogger, from path: C:\Program Files\dotnet\sdk\7.0.101\Extensions\Microsoft.VisualStudio.TestPlatform.Extensions.Trx.TestLogger.dll
TpTrace Verbose: 0 : 20548, 1, 2022/12/22, 14:54:15.610, 6248610777850, vstest.console.dll, MetadataReaderExtensionsHelper: Discovering extensions inside assembly 'Microsoft.VisualStudio.TestPlatform.Extensions.Trx.TestLogger, Version=15.0.0.0, Culture=neutral, PublicKeyToken=b03f5f7f11d50a3a' file path 'C:\Program Files\dotnet\sdk\7.0.101\Extensions\Microsoft.VisualStudio.TestPlatform.Extensions.Trx.TestLogger.dll'
TpTrace Verbose: 0 : 20548, 1, 2022/12/22, 14:54:15.611, 6248610791607, vstest.console.dll, TestPluginCache: Discovered the extensions using extension path ''.
TpTrace Verbose: 0 : 20548, 1, 2022/12/22, 14:54:15.612, 6248610792515, vstest.console.dll, TestPluginCache: Discoverers are ''.
TpTrace Verbose: 0 : 20548, 1, 2022/12/22, 14:54:15.612, 6248610792833, vstest.console.dll, TestPluginCache: Executors are ''.
TpTrace Verbose: 0 : 20548, 1, 2022/12/22, 14:54:15.612, 6248610793077, vstest.console.dll, TestPluginCache: Executors2 are ''.
TpTrace Verbose: 0 : 20548, 1, 2022/12/22, 14:54:15.612, 6248610793316, vstest.console.dll, TestPluginCache: Setting providers are ''.
TpTrace Verbose: 0 : 20548, 1, 2022/12/22, 14:54:15.612, 6248610793545, vstest.console.dll, TestPluginCache: Loggers are ''.
TpTrace Verbose: 0 : 20548, 1, 2022/12/22, 14:54:15.612, 6248610794813, vstest.console.dll, TestPluginCache: TestHosts are 'HostProvider://DefaultTestHost,HostProvider://DotnetTestHost'.
TpTrace Verbose: 0 : 20548, 1, 2022/12/22, 14:54:15.612, 6248610795178, vstest.console.dll, TestPluginCache: DataCollectors are ''.
TpTrace Information: 0 : 20548, 1, 2022/12/22, 14:54:15.623, 6248610906319, vstest.console.dll, RunTestsArgumentProcessor:Execute: Test run is starting.
TpTrace Verbose: 0 : 20548, 1, 2022/12/22, 14:54:15.623, 6248610907498, vstest.console.dll, RunTestsArgumentProcessor:Execute: Queuing Test run.
TpTrace Information: 0 : 20548, 1, 2022/12/22, 14:54:15.623, 6248610911356, vstest.console.dll, TestRequestManager.RunTests: run tests started.
TpTrace Information: 0 : 20548, 1, 2022/12/22, 14:54:15.625, 6248610928149, vstest.console.dll, AssemblyMetadataProvider.GetFrameworkName: Determined framework:'.NETCoreApp,Version=v6.0' for source: 'C:\Users\HP\OneDrive\Documents\projects\tdd\Pragmatic-Test-Driven-Development-in-C-Sharp-and-NET\UqsWeather\Uqs.Weather.Tests.Unit\bin\Debug\net6.0\fine-code-coverage\build-output\Uqs.Weather.Tests.Unit.dll'
TpTrace Information: 0 : 20548, 1, 2022/12/22, 14:54:15.625, 6248610931259, vstest.console.dll, Determined framework for all sources: .NETCoreApp,Version=v6.0
TpTrace Verbose: 0 : 20548, 1, 2022/12/22, 14:54:15.626, 6248610937073, vstest.console.dll, TestRequestManager.UpdateRunSettingsIfRequired: Default architecture: X64 IsDefaultTargetArchitecture: True, Current process architecture: X64 OperatingSystem: Windows.
TpTrace Information: 0 : 20548, 1, 2022/12/22, 14:54:15.628, 6248610957449, vstest.console.dll, AssemblyMetadataProvider.GetArchitecture: Determined architecture:AnyCPU info for assembly: C:\Users\HP\OneDrive\Documents\projects\tdd\Pragmatic-Test-Driven-Development-in-C-Sharp-and-NET\UqsWeather\Uqs.Weather.Tests.Unit\bin\Debug\net6.0\fine-code-coverage\build-output\Uqs.Weather.Tests.Unit.dll
TpTrace Information: 0 : 20548, 1, 2022/12/22, 14:54:15.628, 6248610958175, vstest.console.dll, Determined platform for source 'C:\Users\HP\OneDrive\Documents\projects\tdd\Pragmatic-Test-Driven-Development-in-C-Sharp-and-NET\UqsWeather\Uqs.Weather.Tests.Unit\bin\Debug\net6.0\fine-code-coverage\build-output\Uqs.Weather.Tests.Unit.dll' was AnyCPU and it will use the default plaform X64.
TpTrace Information: 0 : 20548, 1, 2022/12/22, 14:54:15.628, 6248610958501, vstest.console.dll, None of the sources provided any runnable platform, using the default platform: X64
TpTrace Information: 0 : 20548, 1, 2022/12/22, 14:54:15.628, 6248610959439, vstest.console.dll, Platform was updated to 'X64'.
TpTrace Information: 0 : 20548, 1, 2022/12/22, 14:54:15.632, 6248610992686, vstest.console.dll, InferRunSettingsHelper.IsTestSettingsEnabled: Unable to navigate to RunSettings/MSTest. Current node: RunSettings
TpTrace Information: 0 : 20548, 1, 2022/12/22, 14:54:15.632, 6248610999283, vstest.console.dll, AssemblyResolver.OnResolve: Microsoft.VisualStudio.TestPlatform.Fakes: Resolving assembly.
TpTrace Information: 0 : 20548, 1, 2022/12/22, 14:54:15.632, 6248610999935, vstest.console.dll, AssemblyResolver.OnResolve: Microsoft.VisualStudio.TestPlatform.Fakes: Searching in: 'C:\Program Files\dotnet\sdk\7.0.101\Extensions'.
TpTrace Information: 0 : 20548, 1, 2022/12/22, 14:54:15.632, 6248611000735, vstest.console.dll, AssemblyResolver.OnResolve: Microsoft.VisualStudio.TestPlatform.Fakes: Assembly path does not exist: 'C:\Program Files\dotnet\sdk\7.0.101\Extensions\Microsoft.VisualStudio.TestPlatform.Fakes.dll', returning.
TpTrace Information: 0 : 20548, 1, 2022/12/22, 14:54:15.632, 6248611001300, vstest.console.dll, AssemblyResolver.OnResolve: Microsoft.VisualStudio.TestPlatform.Fakes: Assembly path does not exist: 'C:\Program Files\dotnet\sdk\7.0.101\Extensions\Microsoft.VisualStudio.TestPlatform.Fakes.exe', returning.
TpTrace Information: 0 : 20548, 1, 2022/12/22, 14:54:15.632, 6248611001603, vstest.console.dll, AssemblyResolver.OnResolve: Microsoft.VisualStudio.TestPlatform.Fakes: Searching in: 'C:\Program Files\dotnet\sdk\7.0.101'.
TpTrace Information: 0 : 20548, 1, 2022/12/22, 14:54:15.632, 6248611002112, vstest.console.dll, AssemblyResolver.OnResolve: Microsoft.VisualStudio.TestPlatform.Fakes: Assembly path does not exist: 'C:\Program Files\dotnet\sdk\7.0.101\Microsoft.VisualStudio.TestPlatform.Fakes.dll', returning.
TpTrace Information: 0 : 20548, 1, 2022/12/22, 14:54:15.633, 6248611002691, vstest.console.dll, AssemblyResolver.OnResolve: Microsoft.VisualStudio.TestPlatform.Fakes: Assembly path does not exist: 'C:\Program Files\dotnet\sdk\7.0.101\Microsoft.VisualStudio.TestPlatform.Fakes.exe', returning.
TpTrace Information: 0 : 20548, 1, 2022/12/22, 14:54:15.633, 6248611002988, vstest.console.dll, AssemblyResolver.OnResolve: Microsoft.VisualStudio.TestPlatform.Fakes: Failed to load assembly.
TpTrace Information: 0 : 20548, 1, 2022/12/22, 14:54:15.633, 6248611005229, vstest.console.dll, Failed to load assembly Microsoft.VisualStudio.TestPlatform.Fakes, Version=17.0.0.0, Culture=neutral. Reason:System.IO.FileNotFoundException: Could not load file or assembly 'Microsoft.VisualStudio.TestPlatform.Fakes, Version=17.0.0.0, Culture=neutral, PublicKeyToken=null'. The system cannot find the file specified.
File name: 'Microsoft.VisualStudio.TestPlatform.Fakes, Version=17.0.0.0, Culture=neutral, PublicKeyToken=null'
   at System.Reflection.RuntimeAssembly.InternalLoad(AssemblyName assemblyName, StackCrawlMark& stackMark, AssemblyLoadContext assemblyLoadContext, RuntimeAssembly requestingAssembly, Boolean throwOnFileNotFound)
   at System.Reflection.Assembly.Load(AssemblyName assemblyRef)
   at Microsoft.VisualStudio.TestPlatform.Common.Utilities.FakesUtilities.LoadTestPlatformAssembly()
TpTrace Verbose: 0 : 20548, 1, 2022/12/22, 14:54:15.636, 6248611039509, vstest.console.dll, TestPluginCache.DiscoverTestExtensions: finding test extensions in assemblies ends with: TestLogger.dll TPluginInfo: Microsoft.VisualStudio.TestPlatform.Common.ExtensionFramework.Utilities.TestLoggerPluginInformation TExtension: Microsoft.VisualStudio.TestPlatform.ObjectModel.Client.ITestLogger
TpTrace Verbose: 0 : 20548, 1, 2022/12/22, 14:54:15.636, 6248611040499, vstest.console.dll, TestPluginCache.GetExtensionPaths: Filtered extension paths: 
TpTrace Verbose: 0 : 20548, 1, 2022/12/22, 14:54:15.636, 6248611040877, vstest.console.dll, TestPluginCache.GetExtensionPaths: Added default extension paths: C:\Program Files\dotnet\sdk\7.0.101\Extensions\Microsoft.Diagnostics.NETCore.Client.dll
C:\Program Files\dotnet\sdk\7.0.101\Extensions\Microsoft.TestPlatform.Extensions.BlameDataCollector.dll
C:\Program Files\dotnet\sdk\7.0.101\Extensions\Microsoft.TestPlatform.Extensions.EventLogCollector.dll
C:\Program Files\dotnet\sdk\7.0.101\Extensions\Microsoft.TestPlatform.TestHostRuntimeProvider.dll
C:\Program Files\dotnet\sdk\7.0.101\Extensions\Microsoft.VisualStudio.TestPlatform.Extensions.Html.TestLogger.dll
C:\Program Files\dotnet\sdk\7.0.101\Extensions\Microsoft.VisualStudio.TestPlatform.Extensions.Trx.TestLogger.dll
TpTrace Verbose: 0 : 20548, 1, 2022/12/22, 14:54:15.636, 6248611041239, vstest.console.dll, TestPluginCache.GetExtensionPaths: Added unfilterableExtensionPaths: 
TpTrace Information: 0 : 20548, 1, 2022/12/22, 14:54:15.636, 6248611042297, vstest.console.dll, AssemblyResolver.AddSearchDirectories: Adding more searchDirectories C:\Program Files\dotnet\sdk\7.0.101\Extensions,C:\Program Files\dotnet\sdk\7.0.101
TpTrace Verbose: 0 : 20548, 1, 2022/12/22, 14:54:15.637, 6248611042724, vstest.console.dll, TestPluginCache.DiscoverTestExtensions: Discovering the extensions using extension path.
TpTrace Verbose: 0 : 20548, 1, 2022/12/22, 14:54:15.637, 6248611043056, vstest.console.dll, TestPluginCache.GetExtensionPaths: Filtered extension paths: 
TpTrace Verbose: 0 : 20548, 1, 2022/12/22, 14:54:15.637, 6248611043405, vstest.console.dll, TestPluginCache.GetExtensionPaths: Added default extension paths: C:\Program Files\dotnet\sdk\7.0.101\Extensions\Microsoft.Diagnostics.NETCore.Client.dll
C:\Program Files\dotnet\sdk\7.0.101\Extensions\Microsoft.TestPlatform.Extensions.BlameDataCollector.dll
C:\Program Files\dotnet\sdk\7.0.101\Extensions\Microsoft.TestPlatform.Extensions.EventLogCollector.dll
C:\Program Files\dotnet\sdk\7.0.101\Extensions\Microsoft.TestPlatform.TestHostRuntimeProvider.dll
C:\Program Files\dotnet\sdk\7.0.101\Extensions\Microsoft.VisualStudio.TestPlatform.Extensions.Html.TestLogger.dll
C:\Program Files\dotnet\sdk\7.0.101\Extensions\Microsoft.VisualStudio.TestPlatform.Extensions.Trx.TestLogger.dll
TpTrace Verbose: 0 : 20548, 1, 2022/12/22, 14:54:15.637, 6248611043673, vstest.console.dll, TestPluginCache.GetExtensionPaths: Added unfilterableExtensionPaths: 
TpTrace Verbose: 0 : 20548, 1, 2022/12/22, 14:54:15.637, 6248611043998, vstest.console.dll, TestPluginCache.DiscoverTestExtensions: Discovering the extensions using allExtensionPaths: C:\Program Files\dotnet\sdk\7.0.101\Extensions\Microsoft.Diagnostics.NETCore.Client.dll
C:\Program Files\dotnet\sdk\7.0.101\Extensions\Microsoft.TestPlatform.Extensions.BlameDataCollector.dll
C:\Program Files\dotnet\sdk\7.0.101\Extensions\Microsoft.TestPlatform.Extensions.EventLogCollector.dll
C:\Program Files\dotnet\sdk\7.0.101\Extensions\Microsoft.TestPlatform.TestHostRuntimeProvider.dll
C:\Program Files\dotnet\sdk\7.0.101\Extensions\Microsoft.VisualStudio.TestPlatform.Extensions.Html.TestLogger.dll
C:\Program Files\dotnet\sdk\7.0.101\Extensions\Microsoft.VisualStudio.TestPlatform.Extensions.Trx.TestLogger.dll
TpTrace Information: 0 : 20548, 1, 2022/12/22, 14:54:15.637, 6248611044488, vstest.console.dll, AssemblyResolver.AddSearchDirectories: Adding more searchDirectories C:\Program Files\dotnet\sdk\7.0.101\Extensions,C:\Program Files\dotnet\sdk\7.0.101
TpTrace Information: 0 : 20548, 1, 2022/12/22, 14:54:15.637, 6248611044863, vstest.console.dll, AssemblyResolver.AddSearchDirectories: Adding more searchDirectories C:\Program Files\dotnet\sdk\7.0.101\Extensions,C:\Program Files\dotnet\sdk\7.0.101
TpTrace Information: 0 : 20548, 1, 2022/12/22, 14:54:15.637, 6248611045154, vstest.console.dll, AssemblyResolver.AddSearchDirectories: Adding more searchDirectories C:\Program Files\dotnet\sdk\7.0.101\Extensions,C:\Program Files\dotnet\sdk\7.0.101
TpTrace Information: 0 : 20548, 1, 2022/12/22, 14:54:15.637, 6248611045426, vstest.console.dll, AssemblyResolver.AddSearchDirectories: Adding more searchDirectories C:\Program Files\dotnet\sdk\7.0.101\Extensions,C:\Program Files\dotnet\sdk\7.0.101
TpTrace Information: 0 : 20548, 1, 2022/12/22, 14:54:15.637, 6248611045795, vstest.console.dll, AssemblyResolver.AddSearchDirectories: Adding more searchDirectories C:\Program Files\dotnet\sdk\7.0.101\Extensions,C:\Program Files\dotnet\sdk\7.0.101
TpTrace Information: 0 : 20548, 1, 2022/12/22, 14:54:15.637, 6248611046091, vstest.console.dll, AssemblyResolver.AddSearchDirectories: Adding more searchDirectories C:\Program Files\dotnet\sdk\7.0.101\Extensions,C:\Program Files\dotnet\sdk\7.0.101
TpTrace Verbose: 0 : 20548, 1, 2022/12/22, 14:54:15.637, 6248611047259, vstest.console.dll, MetadataReaderExtensionsHelper: Discovering extensions inside assembly 'Microsoft.Diagnostics.NETCore.Client, Version=0.2.6.42401, Culture=neutral, PublicKeyToken=31bf3856ad364e35' file path 'C:\Program Files\dotnet\sdk\7.0.101\Extensions\Microsoft.Diagnostics.NETCore.Client.dll'
TpTrace Information: 0 : 20548, 1, 2022/12/22, 14:54:15.638, 6248611057152, vstest.console.dll, AssemblyResolver.OnResolve: Microsoft.Bcl.AsyncInterfaces: Resolving assembly.
TpTrace Information: 0 : 20548, 1, 2022/12/22, 14:54:15.638, 6248611057804, vstest.console.dll, AssemblyResolver.OnResolve: Microsoft.Bcl.AsyncInterfaces: Resolved from cache.
TpTrace Verbose: 0 : 20548, 1, 2022/12/22, 14:54:15.638, 6248611058103, vstest.console.dll, CurrentDomainAssemblyResolve: Resolving assembly 'Microsoft.Bcl.AsyncInterfaces'.
TpTrace Information: 0 : 20548, 1, 2022/12/22, 14:54:15.638, 6248611058553, vstest.console.dll, AssemblyResolver.OnResolve: Microsoft.Bcl.AsyncInterfaces: Resolving assembly.
TpTrace Information: 0 : 20548, 1, 2022/12/22, 14:54:15.638, 6248611058854, vstest.console.dll, AssemblyResolver.OnResolve: Microsoft.Bcl.AsyncInterfaces: Resolved from cache.
TpTrace Verbose: 0 : 20548, 1, 2022/12/22, 14:54:15.638, 6248611059221, vstest.console.dll, CurrentDomainAssemblyResolve: Resolving assembly 'Microsoft.Bcl.AsyncInterfaces'.
TpTrace Verbose: 0 : 20548, 1, 2022/12/22, 14:54:15.638, 6248611059470, vstest.console.dll, CurrentDomainAssemblyResolve: Failed to resolve assembly 'Microsoft.Bcl.AsyncInterfaces'.
TpTrace Verbose: 0 : 20548, 1, 2022/12/22, 14:54:15.638, 6248611060764, vstest.console.dll, CurrentDomainAssemblyResolve: Failed to resolve assembly 'Microsoft.Bcl.AsyncInterfaces'.
TpTrace Warning: 0 : 20548, 1, 2022/12/22, 14:54:15.639, 6248611063603, vstest.console.dll, TestPluginDiscoverer: Failed to get types from assembly 'Microsoft.Diagnostics.NETCore.Client, Version=0.2.6.42401, Culture=neutral, PublicKeyToken=31bf3856ad364e35'. Error: System.Reflection.ReflectionTypeLoadException: Unable to load one or more of the requested types.
Could not load file or assembly 'Microsoft.Bcl.AsyncInterfaces, Version=1.0.0.0, Culture=neutral, PublicKeyToken=cc7b13ffcd2ddd51'. The system cannot find the file specified.
   at System.Reflection.RuntimeModule.GetTypes(RuntimeModule module)
   at System.Reflection.Assembly.GetTypes()
   at Microsoft.VisualStudio.TestPlatform.Common.ExtensionFramework.TestPluginDiscoverer.GetTestExtensionsFromAssembly[TPluginInfo,TExtension](Assembly assembly, Dictionary`2 pluginInfos, String filePath)
System.IO.FileNotFoundException: Could not load file or assembly 'Microsoft.Bcl.AsyncInterfaces, Version=1.0.0.0, Culture=neutral, PublicKeyToken=cc7b13ffcd2ddd51'. The system cannot find the file specified.
File name: 'Microsoft.Bcl.AsyncInterfaces, Version=1.0.0.0, Culture=neutral, PublicKeyToken=cc7b13ffcd2ddd51'
 ---> System.IO.FileNotFoundException: Could not load file or assembly 'Microsoft.Bcl.AsyncInterfaces, Culture=neutral, PublicKeyToken=null'. The system cannot find the file specified.
File name: 'Microsoft.Bcl.AsyncInterfaces, Culture=neutral, PublicKeyToken=null'
   at System.Reflection.RuntimeAssembly.InternalLoad(AssemblyName assemblyName, StackCrawlMark& stackMark, AssemblyLoadContext assemblyLoadContext, RuntimeAssembly requestingAssembly, Boolean throwOnFileNotFound)
   at System.Reflection.Assembly.Load(AssemblyName assemblyRef)
   at Microsoft.VisualStudio.TestPlatform.Common.ExtensionFramework.TestPluginCache.CurrentDomainAssemblyResolve(Object sender, AssemblyResolveEventArgs args)
   at System.Runtime.Loader.AssemblyLoadContext.GetFirstResolvedAssemblyFromResolvingEvent(AssemblyName assemblyName)
   at System.Runtime.Loader.AssemblyLoadContext.ResolveUsingEvent(AssemblyName assemblyName)
   at System.Runtime.Loader.AssemblyLoadContext.ResolveUsingResolvingEvent(IntPtr gchManagedAssemblyLoadContext, AssemblyName assemblyName)
TpTrace Warning: 0 : 20548, 1, 2022/12/22, 14:54:15.639, 6248611065023, vstest.console.dll, LoaderExceptions: System.IO.FileNotFoundException: Could not load file or assembly 'Microsoft.Bcl.AsyncInterfaces, Version=1.0.0.0, Culture=neutral, PublicKeyToken=cc7b13ffcd2ddd51'. The system cannot find the file specified.
File name: 'Microsoft.Bcl.AsyncInterfaces, Version=1.0.0.0, Culture=neutral, PublicKeyToken=cc7b13ffcd2ddd51'
 ---> System.IO.FileNotFoundException: Could not load file or assembly 'Microsoft.Bcl.AsyncInterfaces, Culture=neutral, PublicKeyToken=null'. The system cannot find the file specified.
File name: 'Microsoft.Bcl.AsyncInterfaces, Culture=neutral, PublicKeyToken=null'
   at System.Reflection.RuntimeAssembly.InternalLoad(AssemblyName assemblyName, StackCrawlMark& stackMark, AssemblyLoadContext assemblyLoadContext, RuntimeAssembly requestingAssembly, Boolean throwOnFileNotFound)
   at System.Reflection.Assembly.Load(AssemblyName assemblyRef)
   at Microsoft.VisualStudio.TestPlatform.Common.ExtensionFramework.TestPluginCache.CurrentDomainAssemblyResolve(Object sender, AssemblyResolveEventArgs args)
   at System.Runtime.Loader.AssemblyLoadContext.GetFirstResolvedAssemblyFromResolvingEvent(AssemblyName assemblyName)
   at System.Runtime.Loader.AssemblyLoadContext.ResolveUsingEvent(AssemblyName assemblyName)
   at System.Runtime.Loader.AssemblyLoadContext.ResolveUsingResolvingEvent(IntPtr gchManagedAssemblyLoadContext, AssemblyName assemblyName)
TpTrace Verbose: 0 : 20548, 1, 2022/12/22, 14:54:15.639, 6248611065820, vstest.console.dll, MetadataReaderExtensionsHelper: Discovering extensions inside assembly 'Microsoft.TestPlatform.Extensions.BlameDataCollector, Version=15.0.0.0, Culture=neutral, PublicKeyToken=b03f5f7f11d50a3a' file path 'C:\Program Files\dotnet\sdk\7.0.101\Extensions\Microsoft.TestPlatform.Extensions.BlameDataCollector.dll'
TpTrace Information: 0 : 20548, 1, 2022/12/22, 14:54:15.640, 6248611073356, vstest.console.dll, GetTestExtensionFromType: Register extension with identifier data 'logger://Microsoft/TestPlatform/Extensions/Blame/v1' and type 'Microsoft.TestPlatform.Extensions.BlameDataCollector.BlameLogger, Microsoft.TestPlatform.Extensions.BlameDataCollector, Version=15.0.0.0, Culture=neutral, PublicKeyToken=b03f5f7f11d50a3a' inside file 'C:\Program Files\dotnet\sdk\7.0.101\Extensions\Microsoft.TestPlatform.Extensions.BlameDataCollector.dll'
TpTrace Verbose: 0 : 20548, 1, 2022/12/22, 14:54:15.640, 6248611074111, vstest.console.dll, MetadataReaderExtensionsHelper: Discovering extensions inside assembly 'Microsoft.TestPlatform.Extensions.EventLogCollector, Version=15.0.0.0, Culture=neutral, PublicKeyToken=b03f5f7f11d50a3a' file path 'C:\Program Files\dotnet\sdk\7.0.101\Extensions\Microsoft.TestPlatform.Extensions.EventLogCollector.dll'
TpTrace Verbose: 0 : 20548, 1, 2022/12/22, 14:54:15.640, 6248611079431, vstest.console.dll, MetadataReaderExtensionsHelper: Discovering extensions inside assembly 'Microsoft.TestPlatform.TestHostRuntimeProvider, Version=15.0.0.0, Culture=neutral, PublicKeyToken=b03f5f7f11d50a3a' file path 'C:\Program Files\dotnet\sdk\7.0.101\Extensions\Microsoft.TestPlatform.TestHostRuntimeProvider.dll'
TpTrace Verbose: 0 : 20548, 1, 2022/12/22, 14:54:15.641, 6248611084683, vstest.console.dll, MetadataReaderExtensionsHelper: Discovering extensions inside assembly 'Microsoft.VisualStudio.TestPlatform.Extensions.Html.TestLogger, Version=15.0.0.0, Culture=neutral, PublicKeyToken=b03f5f7f11d50a3a' file path 'C:\Program Files\dotnet\sdk\7.0.101\Extensions\Microsoft.VisualStudio.TestPlatform.Extensions.Html.TestLogger.dll'
TpTrace Information: 0 : 20548, 1, 2022/12/22, 14:54:15.641, 6248611091433, vstest.console.dll, GetTestExtensionFromType: Register extension with identifier data 'logger://Microsoft/TestPlatform/HtmlLogger/v1' and type 'Microsoft.VisualStudio.TestPlatform.Extensions.HtmlLogger.HtmlLogger, Microsoft.VisualStudio.TestPlatform.Extensions.Html.TestLogger, Version=15.0.0.0, Culture=neutral, PublicKeyToken=b03f5f7f11d50a3a' inside file 'C:\Program Files\dotnet\sdk\7.0.101\Extensions\Microsoft.VisualStudio.TestPlatform.Extensions.Html.TestLogger.dll'
TpTrace Verbose: 0 : 20548, 1, 2022/12/22, 14:54:15.641, 6248611092239, vstest.console.dll, MetadataReaderExtensionsHelper: Discovering extensions inside assembly 'Microsoft.VisualStudio.TestPlatform.Extensions.Trx.TestLogger, Version=15.0.0.0, Culture=neutral, PublicKeyToken=b03f5f7f11d50a3a' file path 'C:\Program Files\dotnet\sdk\7.0.101\Extensions\Microsoft.VisualStudio.TestPlatform.Extensions.Trx.TestLogger.dll'
TpTrace Information: 0 : 20548, 1, 2022/12/22, 14:54:15.642, 6248611098139, vstest.console.dll, GetTestExtensionFromType: Register extension with identifier data 'logger://Microsoft/TestPlatform/TrxLogger/v1' and type 'Microsoft.VisualStudio.TestPlatform.Extensions.TrxLogger.TrxLogger, Microsoft.VisualStudio.TestPlatform.Extensions.Trx.TestLogger, Version=15.0.0.0, Culture=neutral, PublicKeyToken=b03f5f7f11d50a3a' inside file 'C:\Program Files\dotnet\sdk\7.0.101\Extensions\Microsoft.VisualStudio.TestPlatform.Extensions.Trx.TestLogger.dll'
TpTrace Verbose: 0 : 20548, 1, 2022/12/22, 14:54:15.642, 6248611099114, vstest.console.dll, TestPluginCache: Discovered the extensions using extension path ''.
TpTrace Verbose: 0 : 20548, 1, 2022/12/22, 14:54:15.642, 6248611099452, vstest.console.dll, TestPluginCache: Discoverers are ''.
TpTrace Verbose: 0 : 20548, 1, 2022/12/22, 14:54:15.642, 6248611099703, vstest.console.dll, TestPluginCache: Executors are ''.
TpTrace Verbose: 0 : 20548, 1, 2022/12/22, 14:54:15.642, 6248611099938, vstest.console.dll, TestPluginCache: Executors2 are ''.
TpTrace Verbose: 0 : 20548, 1, 2022/12/22, 14:54:15.642, 6248611100172, vstest.console.dll, TestPluginCache: Setting providers are ''.
TpTrace Verbose: 0 : 20548, 1, 2022/12/22, 14:54:15.642, 6248611100835, vstest.console.dll, TestPluginCache: Loggers are 'logger://Microsoft/TestPlatform/Extensions/Blame/v1,logger://Microsoft/TestPlatform/HtmlLogger/v1,logger://Microsoft/TestPlatform/TrxLogger/v1'.
TpTrace Verbose: 0 : 20548, 1, 2022/12/22, 14:54:15.642, 6248611101266, vstest.console.dll, TestPluginCache: TestHosts are 'HostProvider://DefaultTestHost,HostProvider://DotnetTestHost'.
TpTrace Verbose: 0 : 20548, 1, 2022/12/22, 14:54:15.642, 6248611101560, vstest.console.dll, TestPluginCache: DataCollectors are ''.
TpTrace Information: 0 : 20548, 1, 2022/12/22, 14:54:15.643, 6248611110216, vstest.console.dll, TestPluginManager.CreateTestExtension: Attempting to load test extension: Microsoft.TestPlatform.Extensions.BlameDataCollector.BlameLogger
TpTrace Verbose: 0 : 20548, 1, 2022/12/22, 14:54:15.651, 6248611188860, vstest.console.dll, TestEngine: Initializing Parallel Execution as MaxCpuCount is set to: 1
TpTrace Information: 0 : 20548, 1, 2022/12/22, 14:54:15.653, 6248611205811, vstest.console.dll, TestPluginManager.CreateTestExtension: Attempting to load test extension: Microsoft.VisualStudio.TestPlatform.CrossPlatEngine.Hosting.DefaultTestHostManager
TpTrace Information: 0 : 20548, 1, 2022/12/22, 14:54:15.654, 6248611218287, vstest.console.dll, TestPluginManager.CreateTestExtension: Attempting to load test extension: Microsoft.VisualStudio.TestPlatform.CrossPlatEngine.Hosting.DotnetTestHostManager
TpTrace Information: 0 : 20548, 1, 2022/12/22, 14:54:15.655, 6248611225803, vstest.console.dll, InferRunSettingsHelper.IsTestSettingsEnabled: Unable to navigate to RunSettings/MSTest. Current node: RunSettings
TpTrace Verbose: 0 : 20548, 1, 2022/12/22, 14:54:15.659, 6248611267579, vstest.console.dll, TestEngine.GetExecutionManager: Chosen execution manager 'Microsoft.VisualStudio.TestPlatform.CrossPlatEngine.Client.Parallel.ParallelProxyExecutionManager, Microsoft.TestPlatform.CrossPlatEngine, Version=15.0.0.0, Culture=neutral, PublicKeyToken=b03f5f7f11d50a3a' ParallelLevel '1'.
TpTrace Verbose: 0 : 20548, 1, 2022/12/22, 14:54:15.659, 6248611269348, vstest.console.dll, TestRunRequest.ExecuteAsync: Creating test run request.
TpTrace Verbose: 0 : 20548, 1, 2022/12/22, 14:54:15.659, 6248611271927, vstest.console.dll, TestRunRequest.ExecuteAsync: Starting.
TpTrace Information: 0 : 20548, 1, 2022/12/22, 14:54:15.660, 6248611274890, vstest.console.dll, TestRunRequest.ExecuteAsync: Starting run with settings:TestRunCriteria:
   KeepAlive=False,FrequencyOfRunStatsChangeEvent=10,RunStatsChangeEventTimeout=00:00:01.5000000,TestCaseFilter=,TestExecutorLauncher=
   Settingsxml=<RunSettings>
  <RunConfiguration>
    <ResultsDirectory>C:\Users\HP\OneDrive\Documents\projects\tdd\Pragmatic-Test-Driven-Development-in-C-Sharp-and-NET\UqsWeather\Uqs.Weather.Tests.Unit\bin\Debug\net6.0\fine-code-coverage\coverage-tool-output</ResultsDirectory>
    <TargetPlatform>X64</TargetPlatform>
    <TargetFrameworkVersion>.NETCoreApp,Version=v6.0</TargetFrameworkVersion>
    <DesignMode>False</DesignMode>
    <CollectSourceInformation>False</CollectSourceInformation>
  </RunConfiguration>
  <LoggerRunSettings>
    <Loggers>
      <Logger friendlyName="blame" enabled="True" />
      <Logger friendlyName="Console" uri="logger://microsoft/TestPlatform/ConsoleLogger/v1" assemblyQualifiedName="Microsoft.VisualStudio.TestPlatform.CommandLine.Internal.ConsoleLogger, vstest.console, Version=15.0.0.0, Culture=neutral, PublicKeyToken=b03f5f7f11d50a3a" codeBase="C:\Program Files\dotnet\sdk\7.0.101\vstest.console.dll" enabled="True" />
    </Loggers>
  </LoggerRunSettings>
  <DataCollectionRunSettings>
    <DataCollectors>
      <DataCollector friendlyName="blame" enabled="True">
        <Configuration>
          <ResultsDirectory>C:\Users\HP\OneDrive\Documents\projects\tdd\Pragmatic-Test-Driven-Development-in-C-Sharp-and-NET\UqsWeather\Uqs.Weather.Tests.Unit\bin\Debug\net6.0\fine-code-coverage\coverage-tool-output</ResultsDirectory>
        </Configuration>
      </DataCollector>
    </DataCollectors>
  </DataCollectionRunSettings>
</RunSettings>

TpTrace Verbose: 0 : 20548, 1, 2022/12/22, 14:54:15.660, 6248611275456, vstest.console.dll, TestRunRequest.ExecuteAsync: Wait for the first run request is over.
TpTrace Verbose: 0 : 20548, 1, 2022/12/22, 14:54:15.660, 6248611278364, vstest.console.dll, MulticastDelegateUtilities.SafeInvoke: TestRun.TestRunStart: Invoking callbacks was skipped because there are no subscribers.
TpTrace Verbose: 0 : 20548, 4, 2022/12/22, 14:54:15.660, 6248611280871, vstest.console.dll, MulticastDelegateUtilities.SafeInvoke: InternalTestLoggerEvents.SendTestRunStart: Invoking callback 1/1 for Microsoft.VisualStudio.TestPlatform.CommandLine.Internal.ConsoleLogger., took 0 ms.
TpTrace Verbose: 0 : 20548, 1, 2022/12/22, 14:54:15.661, 6248611290769, vstest.console.dll, ParallelProxyExecutionManager: Start execution. Total sources: 1
TpTrace Verbose: 0 : 20548, 1, 2022/12/22, 14:54:15.663, 6248611307594, vstest.console.dll, TestRequestSender is acting as server.
TpTrace Verbose: 0 : 20548, 1, 2022/12/22, 14:54:15.664, 6248611320932, vstest.console.dll, DataCollectionRequestSender.InitializeCommunication : Initialize communication. 
TpTrace Information: 0 : 20548, 1, 2022/12/22, 14:54:15.668, 6248611361346, vstest.console.dll, Listening on Endpoint : 127.0.0.1:62065
TpTrace Verbose: 0 : 20548, 1, 2022/12/22, 14:54:15.675, 6248611425349, vstest.console.dll, DotnetDataCollectionLauncher: Adding  --runtimeconfig "C:\Program Files\dotnet\sdk\7.0.101\datacollector.runtimeconfig.json" in args
TpTrace Verbose: 0 : 20548, 1, 2022/12/22, 14:54:15.675, 6248611426566, vstest.console.dll, DotnetDataCollectionLauncher: Adding  --depsfile "C:\Program Files\dotnet\sdk\7.0.101\datacollector.deps.json" in args
TpTrace Verbose: 0 : 20548, 1, 2022/12/22, 14:54:15.675, 6248611428873, vstest.console.dll, DotnetDataCollectionLauncher: Full path of dotnet.exe is C:\Program Files\dotnet\dotnet.exe
TpTrace Information: 0 : 20548, 1, 2022/12/22, 14:54:15.681, 6248611492339, vstest.console.dll, ProxyDataCollectionManager.Initialize: Launched datacollector processId: 34800 port: 62065
TpTrace Information: 0 : 20548, 1, 2022/12/22, 14:54:15.682, 6248611494243, vstest.console.dll, ProxyDataCollectionManager.Initialize: waiting for connection with timeout: 90 seconds
TpTrace Verbose: 0 : 20548, 1, 2022/12/22, 14:54:15.682, 6248611495028, vstest.console.dll, DataCollectionRequestSender.WaitForRequestHandlerConnection : Waiting for connection with timeout: 90000
TpTrace Information: 0 : 20548, 7, 2022/12/22, 14:54:15.855, 6248613228961, vstest.console.dll, Using the buffer size of 16384 bytes
TpTrace Verbose: 0 : 20548, 1, 2022/12/22, 14:54:15.855, 6248613228961, vstest.console.dll, SocketCommunicationManager.WaitForClientConnection took: 173 ms, with 90000 ms timeout, and finished with True.
TpTrace Verbose: 0 : 20548, 1, 2022/12/22, 14:54:15.855, 6248613231574, vstest.console.dll, ProxyDataCollectionManager.InvokeDataCollectionServiceAction: Starting.
TpTrace Information: 0 : 20548, 7, 2022/12/22, 14:54:15.856, 6248613232345, vstest.console.dll, Accepted Client request and set the flag
TpTrace Information: 0 : 20548, 1, 2022/12/22, 14:54:15.856, 6248613232698, vstest.console.dll, ProxyDataCollectionManager.BeforeTestRunStart: Get environment variable and port for datacollector processId: 34800 port: 62065
TpTrace Verbose: 0 : 20548, 1, 2022/12/22, 14:54:15.856, 6248613234748, vstest.console.dll, DataCollectionRequestSender.SendBeforeTestRunStartAndGetResult: Send BeforeTestRunStart message with settingsXml <RunSettings><RunConfiguration><ResultsDirectory>C:\Users\HP\OneDrive\Documents\projects\tdd\Pragmatic-Test-Driven-Development-in-C-Sharp-and-NET\UqsWeather\Uqs.Weather.Tests.Unit\bin\Debug\net6.0\fine-code-coverage\coverage-tool-output</ResultsDirectory><TargetPlatform>X64</TargetPlatform><TargetFrameworkVersion>.NETCoreApp,Version=v6.0</TargetFrameworkVersion><DesignMode>False</DesignMode><CollectSourceInformation>False</CollectSourceInformation><TestAdaptersPaths>C:\Program Files\dotnet\sdk\7.0.101\Extensions</TestAdaptersPaths></RunConfiguration><LoggerRunSettings><Loggers><Logger friendlyName="blame" enabled="True" /><Logger friendlyName="Console" uri="logger://microsoft/TestPlatform/ConsoleLogger/v1" assemblyQualifiedName="Microsoft.VisualStudio.TestPlatform.CommandLine.Internal.ConsoleLogger, vstest.console, Version=15.0.0.0, Culture=neutral, PublicKeyToken=b03f5f7f11d50a3a" codeBase="C:\Program Files\dotnet\sdk\7.0.101\vstest.console.dll" enabled="True" /></Loggers></LoggerRunSettings><DataCollectionRunSettings><DataCollectors><DataCollector friendlyName="blame" enabled="True"><Configuration><ResultsDirectory>C:\Users\HP\OneDrive\Documents\projects\tdd\Pragmatic-Test-Driven-Development-in-C-Sharp-and-NET\UqsWeather\Uqs.Weather.Tests.Unit\bin\Debug\net6.0\fine-code-coverage\coverage-tool-output</ResultsDirectory></Configuration></DataCollector></DataCollectors></DataCollectionRunSettings></RunSettings> and sources System.Collections.Generic.List`1[System.String]: 
TpTrace Verbose: 0 : 20548, 1, 2022/12/22, 14:54:15.975, 6248614430683, vstest.console.dll, DataCollectionRequestSender.SendBeforeTestRunStartAndGetResult: Received message: (DataCollection.SendMessage) -> {"MessageType":"DataCollection.SendMessage","Payload":{"FriendlyName":null,"Uri":null,"TestCaseId":"00000000-0000-0000-0000-000000000000","Message":"Logging DataCollector Diagnostics in file: C:\\Users\\HP\\OneDrive\\Documents\\projects\\tdd\\Pragmatic-Test-Driven-Development-in-C-Sharp-and-NET\\UqsWeather\\Uqs.Weather.Tests.Unit\\bin\\Debug\\net6.0\\fine-code-coverage\\coverage-tool-output\\diagnostics.datacollector.22-12-22_14-54-15_67506_1.log","Level":0}}
TpTrace Verbose: 0 : 20548, 1, 2022/12/22, 14:54:16.057, 6248615250665, vstest.console.dll, DataCollectionRequestSender.SendBeforeTestRunStartAndGetResult: Received message: (DataCollection.BeforeTestRunStartResult) -> {"MessageType":"DataCollection.BeforeTestRunStartResult","Payload":{"EnvironmentVariables":{},"DataCollectionEventsPort":62067}}
TpTrace Information: 0 : 20548, 1, 2022/12/22, 14:54:16.062, 6248615298578, vstest.console.dll, ProxyDataCollectionManager.BeforeTestRunStart: SendBeforeTestRunStartAndGetResult successful, env variable from datacollector:   and testhost port: 62067
TpTrace Information: 0 : 20548, 1, 2022/12/22, 14:54:16.062, 6248615299527, vstest.console.dll, ProxyDataCollectionManager.InvokeDataCollectionServiceAction: Completed.
TpTrace Verbose: 0 : 20548, 7, 2022/12/22, 14:54:16.062, 6248615300642, vstest.console.dll, ParallelProxyExecutionManager: Execution started. Started clients: 1
TpTrace Verbose: 0 : 20548, 1, 2022/12/22, 14:54:16.062, 6248615300951, vstest.console.dll, ProxyParallelExecutionManager: No sources available for execution.
TpTrace Information: 0 : 20548, 1, 2022/12/22, 14:54:16.062, 6248615301891, vstest.console.dll, TestRunRequest.ExecuteAsync: Started.
TpTrace Verbose: 0 : 20548, 1, 2022/12/22, 14:54:16.063, 6248615302639, vstest.console.dll, TestRunRequest.WaitForCompletion: Waiting with timeout -1.
TpTrace Verbose: 0 : 20548, 7, 2022/12/22, 14:54:16.063, 6248615303155, vstest.console.dll, TestRunRequest:SendTestRunMessage: Starting.
TpTrace Verbose: 0 : 20548, 7, 2022/12/22, 14:54:16.063, 6248615304475, vstest.console.dll, MulticastDelegateUtilities.SafeInvoke: TestRun.LogMessages: Invoking callback 1/1 for Microsoft.VisualStudio.TestPlatform.CommandLine.TestRunResultAggregator., took 0 ms.
TpTrace Information: 0 : 20548, 7, 2022/12/22, 14:54:16.063, 6248615304826, vstest.console.dll, TestRunRequest:SendTestRunMessage: Completed.
TpTrace Verbose: 0 : 20548, 4, 2022/12/22, 14:54:16.063, 6248615306141, vstest.console.dll, MulticastDelegateUtilities.SafeInvoke: InternalTestLoggerEvents.SendTestRunMessage: Invoking callback 1/1 for Microsoft.VisualStudio.TestPlatform.CommandLine.Internal.ConsoleLogger., took 0 ms.
TpTrace Verbose: 0 : 20548, 7, 2022/12/22, 14:54:16.063, 6248615306516, vstest.console.dll, ProxyExecutionManager: Test host is always Lazy initialize.
TpTrace Verbose: 0 : 20548, 7, 2022/12/22, 14:54:16.063, 6248615308960, vstest.console.dll, TestRequestSender.InitializeCommunication: initialize communication. 
TpTrace Information: 0 : 20548, 7, 2022/12/22, 14:54:16.064, 6248615313463, vstest.console.dll, SocketServer.Start: Listening on endpoint : 127.0.0.1:62068
TpTrace Verbose: 0 : 20548, 7, 2022/12/22, 14:54:16.064, 6248615321787, vstest.console.dll, DotnetTestHostmanager.GetTestHostProcessStartInfo: Platform environment 'X64' target architecture 'X64' framework '.NETCoreApp,Version=v6.0' OS 'Windows'
TpTrace Verbose: 0 : 20548, 7, 2022/12/22, 14:54:16.065, 6248615324220, vstest.console.dll, DotnetTestHostmanager: Adding  --runtimeconfig "C:\Users\HP\OneDrive\Documents\projects\tdd\Pragmatic-Test-Driven-Development-in-C-Sharp-and-NET\UqsWeather\Uqs.Weather.Tests.Unit\bin\Debug\net6.0\fine-code-coverage\build-output\Uqs.Weather.Tests.Unit.runtimeconfig.json" in args
TpTrace Verbose: 0 : 20548, 7, 2022/12/22, 14:54:16.065, 6248615325594, vstest.console.dll, DotnetTestHostmanager: Adding  --depsfile "C:\Users\HP\OneDrive\Documents\projects\tdd\Pragmatic-Test-Driven-Development-in-C-Sharp-and-NET\UqsWeather\Uqs.Weather.Tests.Unit\bin\Debug\net6.0\fine-code-coverage\build-output\Uqs.Weather.Tests.Unit.deps.json" in args
TpTrace Verbose: 0 : 20548, 7, 2022/12/22, 14:54:16.065, 6248615327537, vstest.console.dll, DotnetTestHostmanager.IsWinOnArm: Current PROCESSOR_ARCHITECTURE from environment variable 'AMD64'
TpTrace Verbose: 0 : 20548, 7, 2022/12/22, 14:54:16.065, 6248615328411, vstest.console.dll, DotnetTestHostmanager.IsWinOnArm: Is Windows on ARM 'False'
TpTrace Verbose: 0 : 20548, 7, 2022/12/22, 14:54:16.065, 6248615329696, vstest.console.dll, DotnetTestHostManager: testhost.exe found at path: C:\Users\HP\OneDrive\Documents\projects\tdd\Pragmatic-Test-Driven-Development-in-C-Sharp-and-NET\UqsWeather\Uqs.Weather.Tests.Unit\bin\Debug\net6.0\fine-code-coverage\build-output\testhost.exe
TpTrace Verbose: 0 : 20548, 7, 2022/12/22, 14:54:16.065, 6248615330216, vstest.console.dll, DotnetTestHostmanager: Full path of host exe is C:\Users\HP\OneDrive\Documents\projects\tdd\Pragmatic-Test-Driven-Development-in-C-Sharp-and-NET\UqsWeather\Uqs.Weather.Tests.Unit\bin\Debug\net6.0\fine-code-coverage\build-output\testhost.exe
TpTrace Verbose: 0 : 20548, 7, 2022/12/22, 14:54:16.065, 6248615331447, vstest.console.dll, DotnetTestHostmanager.LaunchTestHostAsync: Found 'VSTEST_WINAPPHOST_DOTNET_ROOT' in env variables, value 'C:\Program Files\dotnet', forwarding to 'DOTNET_ROOT'
TpTrace Verbose: 0 : 20548, 7, 2022/12/22, 14:54:16.066, 6248615333320, vstest.console.dll, DotnetTestHostManager: Starting process 'C:\Users\HP\OneDrive\Documents\projects\tdd\Pragmatic-Test-Driven-Development-in-C-Sharp-and-NET\UqsWeather\Uqs.Weather.Tests.Unit\bin\Debug\net6.0\fine-code-coverage\build-output\testhost.exe' with command line ' --runtimeconfig "C:\Users\HP\OneDrive\Documents\projects\tdd\Pragmatic-Test-Driven-Development-in-C-Sharp-and-NET\UqsWeather\Uqs.Weather.Tests.Unit\bin\Debug\net6.0\fine-code-coverage\build-output\Uqs.Weather.Tests.Unit.runtimeconfig.json" --depsfile "C:\Users\HP\OneDrive\Documents\projects\tdd\Pragmatic-Test-Driven-Development-in-C-Sharp-and-NET\UqsWeather\Uqs.Weather.Tests.Unit\bin\Debug\net6.0\fine-code-coverage\build-output\Uqs.Weather.Tests.Unit.deps.json" --port 62068 --endpoint 127.0.0.1:062068 --role client --parentprocessid 20548 --diag "C:\Users\HP\OneDrive\Documents\projects\tdd\Pragmatic-Test-Driven-Development-in-C-Sharp-and-NET\UqsWeather\Uqs.Weather.Tests.Unit\bin\Debug\net6.0\fine-code-coverage\coverage-tool-output\diagnostics.host.22-12-22_14-54-16_06451_7.log" --tracelevel 4 --datacollectionport 62067 --telemetryoptedin false'
TpTrace Verbose: 0 : 20548, 7, 2022/12/22, 14:54:16.072, 6248615395129, vstest.console.dll, MulticastDelegateUtilities.SafeInvoke: HostProviderEvents.OnHostLaunched: Invoking callback 1/2 for Microsoft.VisualStudio.TestPlatform.CrossPlatEngine.Client.ProxyExecutionManagerWithDataCollection., took 1 ms.
TpTrace Verbose: 0 : 20548, 7, 2022/12/22, 14:54:16.072, 6248615398614, vstest.console.dll, Test Runtime launched
TpTrace Verbose: 0 : 20548, 7, 2022/12/22, 14:54:16.072, 6248615399608, vstest.console.dll, MulticastDelegateUtilities.SafeInvoke: HostProviderEvents.OnHostLaunched: Invoking callback 2/2 for Microsoft.VisualStudio.TestPlatform.CrossPlatEngine.Client.ProxyOperationManager., took 0 ms.
TpTrace Verbose: 0 : 20548, 7, 2022/12/22, 14:54:16.072, 6248615401734, vstest.console.dll, TestRequestSender.WaitForRequestHandlerConnection: waiting for connection with timeout: 90000.
TpTrace Verbose: 0 : 20548, 7, 2022/12/22, 14:54:16.236, 6248617041917, vstest.console.dll, TestRequestSender.WaitForRequestHandlerConnection: waiting took 164 ms, with timeout 90000 ms, and result 0, which is success.
TpTrace Verbose: 0 : 20548, 12, 2022/12/22, 14:54:16.236, 6248617041915, vstest.console.dll, MulticastDelegateUtilities.SafeInvoke: SocketServer: ClientConnected: Invoking callback 1/1 for Microsoft.VisualStudio.TestPlatform.CommunicationUtilities.TestRequestSender., took 0 ms.
TpTrace Verbose: 0 : 20548, 12, 2022/12/22, 14:54:16.237, 6248617043773, vstest.console.dll, SocketServer.OnClientConnected: Client connected for endPoint: 127.0.0.1:62068, starting MessageLoopAsync:
TpTrace Verbose: 0 : 20548, 12, 2022/12/22, 14:54:16.237, 6248617045550, vstest.console.dll, TcpClientExtensions.MessageLoopAsync: Polling on remoteEndPoint: 127.0.0.1:62069 localEndPoint: 127.0.0.1:62068
TpTrace Verbose: 0 : 20548, 7, 2022/12/22, 14:54:16.238, 6248617053730, vstest.console.dll, TestRequestSender.CheckVersionWithTestHost: Sending check version message: {"MessageType":"ProtocolVersion","Payload":7}
TpTrace Verbose: 0 : 20548, 12, 2022/12/22, 14:54:16.382, 6248618501292, vstest.console.dll, TcpClientExtensions.MessageLoopAsync: NotifyDataAvailable remoteEndPoint: 127.0.0.1:62069 localEndPoint: 127.0.0.1:62068
TpTrace Verbose: 0 : 20548, 12, 2022/12/22, 14:54:16.383, 6248618504220, vstest.console.dll, TestRequestSender.CheckVersionWithTestHost: onMessageReceived received message: (ProtocolVersion) -> {"MessageType":"ProtocolVersion","Payload":7}
TpTrace Verbose: 0 : 20548, 12, 2022/12/22, 14:54:16.383, 6248618510527, vstest.console.dll, MulticastDelegateUtilities.SafeInvoke: LengthPrefixCommunicationChannel: MessageReceived: Invoking callback 1/1 for Microsoft.VisualStudio.TestPlatform.CommunicationUtilities.TestRequestSender+<>c__DisplayClass26_0., took 0 ms.
TpTrace Verbose: 0 : 20548, 12, 2022/12/22, 14:54:16.383, 6248618511591, vstest.console.dll, TcpClientExtensions.MessageLoopAsync: Polling on remoteEndPoint: 127.0.0.1:62069 localEndPoint: 127.0.0.1:62068
TpTrace Verbose: 0 : 20548, 7, 2022/12/22, 14:54:16.383, 6248618511618, vstest.console.dll, TestPluginCache.GetExtensionPaths: Filtered extension paths: 
TpTrace Verbose: 0 : 20548, 7, 2022/12/22, 14:54:16.384, 6248618512666, vstest.console.dll, TestPluginCache.GetExtensionPaths: Added default extension paths: C:\Program Files\dotnet\sdk\7.0.101\Extensions\Microsoft.Diagnostics.NETCore.Client.dll
C:\Program Files\dotnet\sdk\7.0.101\Extensions\Microsoft.TestPlatform.Extensions.BlameDataCollector.dll
C:\Program Files\dotnet\sdk\7.0.101\Extensions\Microsoft.TestPlatform.Extensions.EventLogCollector.dll
C:\Program Files\dotnet\sdk\7.0.101\Extensions\Microsoft.TestPlatform.TestHostRuntimeProvider.dll
C:\Program Files\dotnet\sdk\7.0.101\Extensions\Microsoft.VisualStudio.TestPlatform.Extensions.Html.TestLogger.dll
C:\Program Files\dotnet\sdk\7.0.101\Extensions\Microsoft.VisualStudio.TestPlatform.Extensions.Trx.TestLogger.dll
TpTrace Verbose: 0 : 20548, 7, 2022/12/22, 14:54:16.384, 6248618513078, vstest.console.dll, TestPluginCache.GetExtensionPaths: Added unfilterableExtensionPaths: 
TpTrace Verbose: 0 : 20548, 7, 2022/12/22, 14:54:16.387, 6248618548882, vstest.console.dll, TestRequestSender.InitializeExecution: Sending initialize execution with message: {"Version":7,"MessageType":"TestExecution.Initialize","Payload":["C:\\Users\\HP\\OneDrive\\Documents\\projects\\tdd\\Pragmatic-Test-Driven-Development-in-C-Sharp-and-NET\\UqsWeather\\Uqs.Weather.Tests.Unit\\bin\\Debug\\net6.0\\fine-code-coverage\\build-output\\xunit.runner.visualstudio.dotnetcore.testadapter.dll"]}
TpTrace Warning: 0 : 20548, 7, 2022/12/22, 14:54:16.388, 6248618553929, vstest.console.dll, InferRunSettingsHelper.MakeRunsettingsCompatible: Removing the following settings: TargetPlatform from RunSettings file. To use those settings please move to latest version of Microsoft.NET.Test.Sdk
TpTrace Verbose: 0 : 20548, 12, 2022/12/22, 14:54:16.388, 6248618560678, vstest.console.dll, TcpClientExtensions.MessageLoopAsync: NotifyDataAvailable remoteEndPoint: 127.0.0.1:62069 localEndPoint: 127.0.0.1:62068
TpTrace Verbose: 0 : 20548, 12, 2022/12/22, 14:54:16.389, 6248618565028, vstest.console.dll, TestRequestSender.OnExecutionMessageReceived: Received message: {"Version":7,"MessageType":"TestSession.Message","Payload":{"MessageLevel":0,"Message":"Logging TestHost Diagnostics in file: C:\\Users\\HP\\OneDrive\\Documents\\projects\\tdd\\Pragmatic-Test-Driven-Development-in-C-Sharp-and-NET\\UqsWeather\\Uqs.Weather.Tests.Unit\\bin\\Debug\\net6.0\\fine-code-coverage\\coverage-tool-output\\diagnostics.host.22-12-22_14-54-16_06451_7.log"}}
TpTrace Verbose: 0 : 20548, 12, 2022/12/22, 14:54:16.392, 6248618594913, vstest.console.dll, TestRunRequest:SendTestRunMessage: Starting.
TpTrace Verbose: 0 : 20548, 12, 2022/12/22, 14:54:16.392, 6248618597189, vstest.console.dll, MulticastDelegateUtilities.SafeInvoke: TestRun.LogMessages: Invoking callback 1/1 for Microsoft.VisualStudio.TestPlatform.CommandLine.TestRunResultAggregator., took 0 ms.
TpTrace Verbose: 0 : 20548, 4, 2022/12/22, 14:54:16.392, 6248618597235, vstest.console.dll, MulticastDelegateUtilities.SafeInvoke: InternalTestLoggerEvents.SendTestRunMessage: Invoking callback 1/1 for Microsoft.VisualStudio.TestPlatform.CommandLine.Internal.ConsoleLogger., took 0 ms.
TpTrace Information: 0 : 20548, 12, 2022/12/22, 14:54:16.392, 6248618598040, vstest.console.dll, TestRunRequest:SendTestRunMessage: Completed.
TpTrace Verbose: 0 : 20548, 12, 2022/12/22, 14:54:16.392, 6248618599378, vstest.console.dll, MulticastDelegateUtilities.SafeInvoke: LengthPrefixCommunicationChannel: MessageReceived: Invoking callback 1/1 for Microsoft.VisualStudio.TestPlatform.CommunicationUtilities.TestRequestSender+<>c__DisplayClass31_0., took 3 ms.
TpTrace Verbose: 0 : 20548, 12, 2022/12/22, 14:54:16.392, 6248618599791, vstest.console.dll, TcpClientExtensions.MessageLoopAsync: Polling on remoteEndPoint: 127.0.0.1:62069 localEndPoint: 127.0.0.1:62068
TpTrace Verbose: 0 : 20548, 7, 2022/12/22, 14:54:16.396, 6248618635533, vstest.console.dll, TestRequestSender.StartTestRun: Sending test run with message: {"Version":7,"MessageType":"TestExecution.StartWithSources","Payload":{"AdapterSourceMap":{"_none_":["C:\\Users\\HP\\OneDrive\\Documents\\projects\\tdd\\Pragmatic-Test-Driven-Development-in-C-Sharp-and-NET\\UqsWeather\\Uqs.Weather.Tests.Unit\\bin\\Debug\\net6.0\\fine-code-coverage\\build-output\\Uqs.Weather.Tests.Unit.dll"]},"RunSettings":"<RunSettings>\r\n  <RunConfiguration>\r\n    <ResultsDirectory>C:\\Users\\HP\\OneDrive\\Documents\\projects\\tdd\\Pragmatic-Test-Driven-Development-in-C-Sharp-and-NET\\UqsWeather\\Uqs.Weather.Tests.Unit\\bin\\Debug\\net6.0\\fine-code-coverage\\coverage-tool-output</ResultsDirectory>\r\n    <TargetFrameworkVersion>.NETCoreApp,Version=v6.0</TargetFrameworkVersion>\r\n    <DesignMode>False</DesignMode>\r\n    <CollectSourceInformation>False</CollectSourceInformation>\r\n  </RunConfiguration>\r\n  <LoggerRunSettings>\r\n    <Loggers>\r\n      <Logger friendlyName=\"blame\" enabled=\"True\" />\r\n      <Logger friendlyName=\"Console\" uri=\"logger://microsoft/TestPlatform/ConsoleLogger/v1\" assemblyQualifiedName=\"Microsoft.VisualStudio.TestPlatform.CommandLine.Internal.ConsoleLogger, vstest.console, Version=15.0.0.0, Culture=neutral, PublicKeyToken=b03f5f7f11d50a3a\" codeBase=\"C:\\Program Files\\dotnet\\sdk\\7.0.101\\vstest.console.dll\" enabled=\"True\" />\r\n    </Loggers>\r\n  </LoggerRunSettings>\r\n  <DataCollectionRunSettings>\r\n    <DataCollectors>\r\n      <DataCollector friendlyName=\"blame\" enabled=\"True\">\r\n        <Configuration>\r\n          <ResultsDirectory>C:\\Users\\HP\\OneDrive\\Documents\\projects\\tdd\\Pragmatic-Test-Driven-Development-in-C-Sharp-and-NET\\UqsWeather\\Uqs.Weather.Tests.Unit\\bin\\Debug\\net6.0\\fine-code-coverage\\coverage-tool-output</ResultsDirectory>\r\n        </Configuration>\r\n      </DataCollector>\r\n    </DataCollectors>\r\n  </DataCollectionRunSettings>\r\n</RunSettings>","TestExecutionContext":{"FrequencyOfRunStatsChangeEvent":10,"RunStatsChangeEventTimeout":"00:00:01.5000000","InIsolation":false,"KeepAlive":false,"AreTestCaseLevelEventsRequired":false,"IsDebug":false,"TestCaseFilter":null,"FilterOptions":null},"Package":null}}
TpTrace Verbose: 0 : 20548, 12, 2022/12/22, 14:54:16.578, 6248620452482, vstest.console.dll, TcpClientExtensions.MessageLoopAsync: NotifyDataAvailable remoteEndPoint: 127.0.0.1:62069 localEndPoint: 127.0.0.1:62068
TpTrace Verbose: 0 : 20548, 12, 2022/12/22, 14:54:16.578, 6248620454268, vstest.console.dll, TestRequestSender.OnExecutionMessageReceived: Received message: {"Version":7,"MessageType":"TestSession.Message","Payload":{"MessageLevel":0,"Message":"[xUnit.net 00:00:00.00] xUnit.net VSTest Adapter v2.4.5+1caef2f33e (64-bit .NET 6.0.12)"}}
TpTrace Verbose: 0 : 20548, 12, 2022/12/22, 14:54:16.578, 6248620456979, vstest.console.dll, TestRunRequest:SendTestRunMessage: Starting.
TpTrace Verbose: 0 : 20548, 12, 2022/12/22, 14:54:16.578, 6248620457911, vstest.console.dll, MulticastDelegateUtilities.SafeInvoke: TestRun.LogMessages: Invoking callback 1/1 for Microsoft.VisualStudio.TestPlatform.CommandLine.TestRunResultAggregator., took 0 ms.
TpTrace Verbose: 0 : 20548, 4, 2022/12/22, 14:54:16.578, 6248620458065, vstest.console.dll, MulticastDelegateUtilities.SafeInvoke: InternalTestLoggerEvents.SendTestRunMessage: Invoking callback 1/1 for Microsoft.VisualStudio.TestPlatform.CommandLine.Internal.ConsoleLogger., took 0 ms.
TpTrace Information: 0 : 20548, 12, 2022/12/22, 14:54:16.578, 6248620458720, vstest.console.dll, TestRunRequest:SendTestRunMessage: Completed.
TpTrace Verbose: 0 : 20548, 12, 2022/12/22, 14:54:16.578, 6248620459867, vstest.console.dll, MulticastDelegateUtilities.SafeInvoke: LengthPrefixCommunicationChannel: MessageReceived: Invoking callback 1/1 for Microsoft.VisualStudio.TestPlatform.CommunicationUtilities.TestRequestSender+<>c__DisplayClass31_0., took 0 ms.
TpTrace Verbose: 0 : 20548, 12, 2022/12/22, 14:54:16.578, 6248620460230, vstest.console.dll, TcpClientExtensions.MessageLoopAsync: Polling on remoteEndPoint: 127.0.0.1:62069 localEndPoint: 127.0.0.1:62068
TpTrace Verbose: 0 : 20548, 12, 2022/12/22, 14:54:17.222, 6248626900835, vstest.console.dll, TcpClientExtensions.MessageLoopAsync: NotifyDataAvailable remoteEndPoint: 127.0.0.1:62069 localEndPoint: 127.0.0.1:62068
TpTrace Verbose: 0 : 20548, 12, 2022/12/22, 14:54:17.223, 6248626902501, vstest.console.dll, TestRequestSender.OnExecutionMessageReceived: Received message: {"Version":7,"MessageType":"TestSession.Message","Payload":{"MessageLevel":0,"Message":"[xUnit.net 00:00:00.65]   Discovering: Uqs.Weather.Tests.Unit"}}
TpTrace Verbose: 0 : 20548, 12, 2022/12/22, 14:54:17.223, 6248626903860, vstest.console.dll, TestRunRequest:SendTestRunMessage: Starting.
TpTrace Verbose: 0 : 20548, 12, 2022/12/22, 14:54:17.223, 6248626904435, vstest.console.dll, MulticastDelegateUtilities.SafeInvoke: TestRun.LogMessages: Invoking callback 1/1 for Microsoft.VisualStudio.TestPlatform.CommandLine.TestRunResultAggregator., took 0 ms.
TpTrace Information: 0 : 20548, 12, 2022/12/22, 14:54:17.223, 6248626904906, vstest.console.dll, TestRunRequest:SendTestRunMessage: Completed.
TpTrace Verbose: 0 : 20548, 4, 2022/12/22, 14:54:17.223, 6248626905049, vstest.console.dll, MulticastDelegateUtilities.SafeInvoke: InternalTestLoggerEvents.SendTestRunMessage: Invoking callback 1/1 for Microsoft.VisualStudio.TestPlatform.CommandLine.Internal.ConsoleLogger., took 0 ms.
TpTrace Verbose: 0 : 20548, 12, 2022/12/22, 14:54:17.223, 6248626905185, vstest.console.dll, MulticastDelegateUtilities.SafeInvoke: LengthPrefixCommunicationChannel: MessageReceived: Invoking callback 1/1 for Microsoft.VisualStudio.TestPlatform.CommunicationUtilities.TestRequestSender+<>c__DisplayClass31_0., took 0 ms.
TpTrace Verbose: 0 : 20548, 12, 2022/12/22, 14:54:17.223, 6248626906260, vstest.console.dll, TcpClientExtensions.MessageLoopAsync: Polling on remoteEndPoint: 127.0.0.1:62069 localEndPoint: 127.0.0.1:62068
TpTrace Verbose: 0 : 20548, 12, 2022/12/22, 14:54:17.272, 6248627392973, vstest.console.dll, TcpClientExtensions.MessageLoopAsync: NotifyDataAvailable remoteEndPoint: 127.0.0.1:62069 localEndPoint: 127.0.0.1:62068
TpTrace Verbose: 0 : 20548, 12, 2022/12/22, 14:54:17.272, 6248627394373, vstest.console.dll, TestRequestSender.OnExecutionMessageReceived: Received message: {"Version":7,"MessageType":"TestSession.Message","Payload":{"MessageLevel":0,"Message":"[xUnit.net 00:00:00.70]   Discovered:  Uqs.Weather.Tests.Unit"}}
TpTrace Verbose: 0 : 20548, 12, 2022/12/22, 14:54:17.272, 6248627395460, vstest.console.dll, TestRunRequest:SendTestRunMessage: Starting.
TpTrace Verbose: 0 : 20548, 12, 2022/12/22, 14:54:17.272, 6248627396004, vstest.console.dll, MulticastDelegateUtilities.SafeInvoke: TestRun.LogMessages: Invoking callback 1/1 for Microsoft.VisualStudio.TestPlatform.CommandLine.TestRunResultAggregator., took 0 ms.
TpTrace Information: 0 : 20548, 12, 2022/12/22, 14:54:17.272, 6248627396298, vstest.console.dll, TestRunRequest:SendTestRunMessage: Completed.
TpTrace Verbose: 0 : 20548, 12, 2022/12/22, 14:54:17.272, 6248627396600, vstest.console.dll, MulticastDelegateUtilities.SafeInvoke: LengthPrefixCommunicationChannel: MessageReceived: Invoking callback 1/1 for Microsoft.VisualStudio.TestPlatform.CommunicationUtilities.TestRequestSender+<>c__DisplayClass31_0., took 0 ms.
TpTrace Verbose: 0 : 20548, 12, 2022/12/22, 14:54:17.272, 6248627396911, vstest.console.dll, TcpClientExtensions.MessageLoopAsync: Polling on remoteEndPoint: 127.0.0.1:62069 localEndPoint: 127.0.0.1:62068
TpTrace Verbose: 0 : 20548, 4, 2022/12/22, 14:54:17.272, 6248627396658, vstest.console.dll, MulticastDelegateUtilities.SafeInvoke: InternalTestLoggerEvents.SendTestRunMessage: Invoking callback 1/1 for Microsoft.VisualStudio.TestPlatform.CommandLine.Internal.ConsoleLogger., took 0 ms.
TpTrace Verbose: 0 : 20548, 12, 2022/12/22, 14:54:17.274, 6248627414162, vstest.console.dll, TcpClientExtensions.MessageLoopAsync: NotifyDataAvailable remoteEndPoint: 127.0.0.1:62069 localEndPoint: 127.0.0.1:62068
TpTrace Verbose: 0 : 20548, 12, 2022/12/22, 14:54:17.274, 6248627415082, vstest.console.dll, TestRequestSender.OnExecutionMessageReceived: Received message: {"Version":7,"MessageType":"TestSession.Message","Payload":{"MessageLevel":0,"Message":"[xUnit.net 00:00:00.70]   Starting:    Uqs.Weather.Tests.Unit"}}
TpTrace Verbose: 0 : 20548, 12, 2022/12/22, 14:54:17.274, 6248627415931, vstest.console.dll, TestRunRequest:SendTestRunMessage: Starting.
TpTrace Verbose: 0 : 20548, 12, 2022/12/22, 14:54:17.274, 6248627416421, vstest.console.dll, MulticastDelegateUtilities.SafeInvoke: TestRun.LogMessages: Invoking callback 1/1 for Microsoft.VisualStudio.TestPlatform.CommandLine.TestRunResultAggregator., took 0 ms.
TpTrace Information: 0 : 20548, 12, 2022/12/22, 14:54:17.274, 6248627416718, vstest.console.dll, TestRunRequest:SendTestRunMessage: Completed.
TpTrace Verbose: 0 : 20548, 12, 2022/12/22, 14:54:17.274, 6248627417009, vstest.console.dll, MulticastDelegateUtilities.SafeInvoke: LengthPrefixCommunicationChannel: MessageReceived: Invoking callback 1/1 for Microsoft.VisualStudio.TestPlatform.CommunicationUtilities.TestRequestSender+<>c__DisplayClass31_0., took 0 ms.
TpTrace Verbose: 0 : 20548, 4, 2022/12/22, 14:54:17.274, 6248627417016, vstest.console.dll, MulticastDelegateUtilities.SafeInvoke: InternalTestLoggerEvents.SendTestRunMessage: Invoking callback 1/1 for Microsoft.VisualStudio.TestPlatform.CommandLine.Internal.ConsoleLogger., took 0 ms.
TpTrace Verbose: 0 : 20548, 12, 2022/12/22, 14:54:17.274, 6248627417317, vstest.console.dll, TcpClientExtensions.MessageLoopAsync: Polling on remoteEndPoint: 127.0.0.1:62069 localEndPoint: 127.0.0.1:62068
TpTrace Verbose: 0 : 20548, 12, 2022/12/22, 14:54:17.377, 6248628442917, vstest.console.dll, TcpClientExtensions.MessageLoopAsync: NotifyDataAvailable remoteEndPoint: 127.0.0.1:62069 localEndPoint: 127.0.0.1:62068
TpTrace Verbose: 0 : 20548, 12, 2022/12/22, 14:54:17.377, 6248628444246, vstest.console.dll, TestRequestSender.OnExecutionMessageReceived: Received message: {"Version":7,"MessageType":"TestSession.Message","Payload":{"MessageLevel":0,"Message":"[xUnit.net 00:00:00.80]   Finished:    Uqs.Weather.Tests.Unit"}}
TpTrace Verbose: 0 : 20548, 12, 2022/12/22, 14:54:17.377, 6248628445519, vstest.console.dll, TestRunRequest:SendTestRunMessage: Starting.
TpTrace Verbose: 0 : 20548, 12, 2022/12/22, 14:54:17.377, 6248628446086, vstest.console.dll, MulticastDelegateUtilities.SafeInvoke: TestRun.LogMessages: Invoking callback 1/1 for Microsoft.VisualStudio.TestPlatform.CommandLine.TestRunResultAggregator., took 0 ms.
TpTrace Information: 0 : 20548, 12, 2022/12/22, 14:54:17.377, 6248628446386, vstest.console.dll, TestRunRequest:SendTestRunMessage: Completed.
TpTrace Verbose: 0 : 20548, 4, 2022/12/22, 14:54:17.377, 6248628446604, vstest.console.dll, MulticastDelegateUtilities.SafeInvoke: InternalTestLoggerEvents.SendTestRunMessage: Invoking callback 1/1 for Microsoft.VisualStudio.TestPlatform.CommandLine.Internal.ConsoleLogger., took 0 ms.
TpTrace Verbose: 0 : 20548, 12, 2022/12/22, 14:54:17.377, 6248628446675, vstest.console.dll, MulticastDelegateUtilities.SafeInvoke: LengthPrefixCommunicationChannel: MessageReceived: Invoking callback 1/1 for Microsoft.VisualStudio.TestPlatform.CommunicationUtilities.TestRequestSender+<>c__DisplayClass31_0., took 0 ms.
TpTrace Verbose: 0 : 20548, 12, 2022/12/22, 14:54:17.377, 6248628448134, vstest.console.dll, TcpClientExtensions.MessageLoopAsync: Polling on remoteEndPoint: 127.0.0.1:62069 localEndPoint: 127.0.0.1:62068
TpTrace Verbose: 0 : 20548, 12, 2022/12/22, 14:54:17.416, 6248628840351, vstest.console.dll, TcpClientExtensions.MessageLoopAsync: NotifyDataAvailable remoteEndPoint: 127.0.0.1:62069 localEndPoint: 127.0.0.1:62068
TpTrace Verbose: 0 : 20548, 12, 2022/12/22, 14:54:17.417, 6248628842678, vstest.console.dll, TestRequestSender.OnExecutionMessageReceived: Received message: {"Version":7,"MessageType":"TestExecution.Completed","Payload":{"TestRunCompleteArgs":{"TestRunStatistics":{"ExecutedTests":6,"Stats":{"Passed":6}},"IsCanceled":false,"IsAborted":false,"Error":null,"AttachmentSets":[],"InvokedDataCollectors":[],"ElapsedTimeInRunningTests":"00:00:00.8191139","Metrics":{},"DiscoveredExtensions":{"TestDiscoverers":["Xunit.Runner.VisualStudio.VsTestRunner, xunit.runner.visualstudio.dotnetcore.testadapter, Version=2.4.0.0, Culture=neutral, PublicKeyToken=8d05b1bb7a6fdb6c"],"TestExecutors":["executor://xunit/VsTestRunner2/netcoreapp"],"TestExecutors2":[],"TestSettingsProviders":[]}},"LastRunTests":{"NewTestResults":[{"TestCase":{"Id":"d907f666-43b4-0a41-1f5a-e5b74620cd8f","FullyQualifiedName":"Uqs.Weather.Tests.Unit.WeatherForecastControllerTests.ConvertCelsiusToFahrenheit_Celsius_CorrectFahrenheit","DisplayName":"Uqs.Weather.Tests.Unit.WeatherForecastControllerTests.ConvertCelsiusToFahrenheit_Celsius_CorrectFahrenheit(celsius: 0, fahrenheit: 32)","ExecutorUri":"executor://xunit/VsTestRunner2/netcoreapp","Source":"C:\\Users\\HP\\OneDrive\\Documents\\projects\\tdd\\Pragmatic-Test-Driven-Development-in-C-Sharp-and-NET\\UqsWeather\\Uqs.Weather.Tests.Unit\\bin\\Debug\\net6.0\\fine-code-coverage\\build-output\\Uqs.Weather.Tests.Unit.dll","CodeFilePath":null,"LineNumber":0,"Properties":[]},"Attachments":[],"Outcome":1,"ErrorMessage":null,"ErrorStackTrace":null,"DisplayName":"Uqs.Weather.Tests.Unit.WeatherForecastControllerTests.ConvertCelsiusToFahrenheit_Celsius_CorrectFahrenheit(celsius: 0, fahrenheit: 32)","Messages":[],"ComputerName":"DESKTOP-92MG8KH","Duration":"00:00:00.0034568","StartTime":"2022-12-22T15:54:17.3433388+00:00","EndTime":"2022-12-22T15:54:17.3433628+00:00","Properties":[]},{"TestCase":{"Id":"d600bd5a-2c4f-4243-050a-f81bce9baa85","FullyQualifiedName":"Uqs.Weather.Tests.Unit.WeatherForecastControllerTests.ConvertCelsiusToFahrenheit_Celsius_CorrectFahrenheit","DisplayName":"Uqs.Weather.Tests.Unit.WeatherForecastControllerTests.ConvertCelsiusToFahrenheit_Celsius_CorrectFahrenheit(celsius: -10.1, fahrenheit: 13.800000000000001)","ExecutorUri":"executor://xunit/VsTestRunner2/netcoreapp","Source":"C:\\Users\\HP\\OneDrive\\Documents\\projects\\tdd\\Pragmatic-Test-Driven-Development-in-C-Sharp-and-NET\\UqsWeather\\Uqs.Weather.Tests.Unit\\bin\\Debug\\net6.0\\fine-code-coverage\\build-output\\Uqs.Weather.Tests.Unit.dll","CodeFilePath":null,"LineNumber":0,"Properties":[]},"Attachments":[],"Outcome":1,"ErrorMessage":null,"ErrorStackTrace":null,"DisplayName":"Uqs.Weather.Tests.Unit.WeatherForecastControllerTests.ConvertCelsiusToFahrenheit_Celsius_CorrectFahrenheit(celsius: -10.1, fahrenheit: 13.800000000000001)","Messages":[],"ComputerName":"DESKTOP-92MG8KH","Duration":"00:00:00.0000159","StartTime":"2022-12-22T15:54:17.3640854+00:00","EndTime":"2022-12-22T15:54:17.364086+00:00","Properties":[]},{"TestCase":{"Id":"fa8e9e83-e34d-7348-398e-19cf7f162463","FullyQualifiedName":"Uqs.Weather.Tests.Unit.WeatherForecastControllerTests.ConvertCelsiusToFahrenheit_Celsius_CorrectFahrenheit","DisplayName":"Uqs.Weather.Tests.Unit.WeatherForecastControllerTests.ConvertCelsiusToFahrenheit_Celsius_CorrectFahrenheit(celsius: -100, fahrenheit: -148)","ExecutorUri":"executor://xunit/VsTestRunner2/netcoreapp","Source":"C:\\Users\\HP\\OneDrive\\Documents\\projects\\tdd\\Pragmatic-Test-Driven-Development-in-C-Sharp-and-NET\\UqsWeather\\Uqs.Weather.Tests.Unit\\bin\\Debug\\net6.0\\fine-code-coverage\\build-output\\Uqs.Weather.Tests.Unit.dll","CodeFilePath":null,"LineNumber":0,"Properties":[]},"Attachments":[],"Outcome":1,"ErrorMessage":null,"ErrorStackTrace":null,"DisplayName":"Uqs.Weather.Tests.Unit.WeatherForecastControllerTests.ConvertCelsiusToFahrenheit_Celsius_CorrectFahrenheit(celsius: -100, fahrenheit: -148)","Messages":[],"ComputerName":"DESKTOP-92MG8KH","Duration":"00:00:00.0000046","StartTime":"2022-12-22T15:54:17.3663014+00:00","EndTime":"2022-12-22T15:54:17.3663015+00:00","Properties":[]},{"TestCase":{"Id":"7946dc9c-3eb8-6d83-3938-0b601ebd7574","FullyQualifiedName":"Uqs.Weather.Tests.Unit.WeatherForecastControllerTests.ConvertCelsiusToFahrenheit_Celsius_CorrectFahrenheit","DisplayName":"Uqs.Weather.Tests.Unit.WeatherForecastControllerTests.ConvertCelsiusToFahrenheit_Celsius_CorrectFahrenheit(celsius: 10, fahrenheit: 50)","ExecutorUri":"executor://xunit/VsTestRunner2/netcoreapp","Source":"C:\\Users\\HP\\OneDrive\\Documents\\projects\\tdd\\Pragmatic-Test-Driven-Development-in-C-Sharp-and-NET\\UqsWeather\\Uqs.Weather.Tests.Unit\\bin\\Debug\\net6.0\\fine-code-coverage\\build-output\\Uqs.Weather.Tests.Unit.dll","CodeFilePath":null,"LineNumber":0,"Properties":[]},"Attachments":[],"Outcome":1,"ErrorMessage":null,"ErrorStackTrace":null,"DisplayName":"Uqs.Weather.Tests.Unit.WeatherForecastControllerTests.ConvertCelsiusToFahrenheit_Celsius_CorrectFahrenheit(celsius: 10, fahrenheit: 50)","Messages":[],"ComputerName":"DESKTOP-92MG8KH","Duration":"00:00:00.0000040","StartTime":"2022-12-22T15:54:17.3681823+00:00","EndTime":"2022-12-22T15:54:17.3681824+00:00","Properties":[]},{"TestCase":{"Id":"209c8eeb-1545-0214-c9cc-1a1842576aaf","FullyQualifiedName":"Uqs.Weather.Tests.Unit.WeatherForecastControllerTests.ConvertCelsiusToFahrenheit_Celsius_CorrectFahrenheit","DisplayName":"Uqs.Weather.Tests.Unit.WeatherForecastControllerTests.ConvertCelsiusToFahrenheit_Celsius_CorrectFahrenheit(celsius: 100, fahrenheit: 212)","ExecutorUri":"executor://xunit/VsTestRunner2/netcoreapp","Source":"C:\\Users\\HP\\OneDrive\\Documents\\projects\\tdd\\Pragmatic-Test-Driven-Development-in-C-Sharp-and-NET\\UqsWeather\\Uqs.Weather.Tests.Unit\\bin\\Debug\\net6.0\\fine-code-coverage\\build-output\\Uqs.Weather.Tests.Unit.dll","CodeFilePath":null,"LineNumber":0,"Properties":[]},"Attachments":[],"Outcome":1,"ErrorMessage":null,"ErrorStackTrace":null,"DisplayName":"Uqs.Weather.Tests.Unit.WeatherForecastControllerTests.ConvertCelsiusToFahrenheit_Celsius_CorrectFahrenheit(celsius: 100, fahrenheit: 212)","Messages":[],"ComputerName":"DESKTOP-92MG8KH","Duration":"00:00:00.0000034","StartTime":"2022-12-22T15:54:17.3729889+00:00","EndTime":"2022-12-22T15:54:17.372989+00:00","Properties":[]},{"TestCase":{"Id":"165bf86f-d30a-8693-0ba5-e48cb1984706","FullyQualifiedName":"Uqs.Weather.Tests.Unit.WeatherForecastControllerTests.ConvertCelsiusToFahrenheit_0Celsius_32Fahrenheit","DisplayName":"Uqs.Weather.Tests.Unit.WeatherForecastControllerTests.ConvertCelsiusToFahrenheit_0Celsius_32Fahrenheit","ExecutorUri":"executor://xunit/VsTestRunner2/netcoreapp","Source":"C:\\Users\\HP\\OneDrive\\Documents\\projects\\tdd\\Pragmatic-Test-Driven-Development-in-C-Sharp-and-NET\\UqsWeather\\Uqs.Weather.Tests.Unit\\bin\\Debug\\net6.0\\fine-code-coverage\\build-output\\Uqs.Weather.Tests.Unit.dll","CodeFilePath":null,"LineNumber":0,"Properties":[]},"Attachments":[],"Outcome":1,"ErrorMessage":null,"ErrorStackTrace":null,"DisplayName":"Uqs.Weather.Tests.Unit.WeatherForecastControllerTests.ConvertCelsiusToFahrenheit_0Celsius_32Fahrenheit","Messages":[],"ComputerName":"DESKTOP-92MG8KH","Duration":"00:00:00.0020011","StartTime":"2022-12-22T15:54:17.3749654+00:00","EndTime":"2022-12-22T15:54:17.3749654+00:00","Properties":[]}],"TestRunStatistics":{"ExecutedTests":6,"Stats":{"Passed":6}},"ActiveTests":[]},"RunAttachments":[],"ExecutorUris":["executor://xunit/VsTestRunner2/netcoreapp"]}}
TpTrace Verbose: 0 : 20548, 12, 2022/12/22, 14:54:17.417, 6248628843963, vstest.console.dll, TestRequestSender.EndSession: Sending end session.
TpTrace Verbose: 0 : 20548, 12, 2022/12/22, 14:54:17.417, 6248628845433, vstest.console.dll, ProxyOperationManager.Close: waiting for test host to exit for 100 ms
TpTrace Warning: 0 : 20548, 10, 2022/12/22, 14:54:17.437, 6248629044453, vstest.console.dll, TestHostManagerCallbacks.ErrorReceivedCallback Test host standard error line: 
TpTrace Verbose: 0 : 20548, 10, 2022/12/22, 14:54:17.451, 6248629185759, vstest.console.dll, TestHostProvider.ExitCallBack: Host exited starting callback.
TpTrace Information: 0 : 20548, 10, 2022/12/22, 14:54:17.451, 6248629187966, vstest.console.dll, TestHostManagerCallbacks.ExitCallBack: Testhost processId: 27528 exited with exitcode: 0 error: ''
TpTrace Verbose: 0 : 20548, 10, 2022/12/22, 14:54:17.451, 6248629188488, vstest.console.dll, DotnetTestHostManager.OnHostExited: invoking OnHostExited callback
TpTrace Verbose: 0 : 20548, 10, 2022/12/22, 14:54:17.451, 6248629189031, vstest.console.dll, CrossPlatEngine.TestHostManagerHostExited: calling on client process exit callback.
TpTrace Information: 0 : 20548, 10, 2022/12/22, 14:54:17.451, 6248629189557, vstest.console.dll, TestRequestSender.OnClientProcessExit: Test host process exited. Standard error: 
TpTrace Information: 0 : 20548, 10, 2022/12/22, 14:54:17.451, 6248629189937, vstest.console.dll, SocketServer.Stop: Stop server endPoint: 127.0.0.1:62068
TpTrace Information: 0 : 20548, 10, 2022/12/22, 14:54:17.451, 6248629190184, vstest.console.dll, SocketServer.Stop: Cancellation requested. Stopping message loop.
TpTrace Information: 0 : 20548, 12, 2022/12/22, 14:54:17.451, 6248629190968, vstest.console.dll, SocketServer.Stop: Stop server endPoint: 127.0.0.1:62068
TpTrace Verbose: 0 : 20548, 10, 2022/12/22, 14:54:17.451, 6248629191048, vstest.console.dll, MulticastDelegateUtilities.SafeInvoke: HostProviderEvents.OnHostExited: Invoking callback 1/1 for Microsoft.VisualStudio.TestPlatform.CrossPlatEngine.Client.ProxyOperationManager., took 0 ms.
TpTrace Information: 0 : 20548, 12, 2022/12/22, 14:54:17.451, 6248629191561, vstest.console.dll, SocketServer.Stop: Cancellation requested. Stopping message loop.
TpTrace Information: 0 : 20548, 12, 2022/12/22, 14:54:17.452, 6248629192979, vstest.console.dll, Closing the connection
TpTrace Verbose: 0 : 20548, 12, 2022/12/22, 14:54:17.452, 6248629195098, vstest.console.dll, ProxyDataCollectionManager.InvokeDataCollectionServiceAction: Starting.
TpTrace Information: 0 : 20548, 12, 2022/12/22, 14:54:17.452, 6248629195530, vstest.console.dll, ProxyDataCollectionManager.AfterTestRunEnd: Get attachment set and invoked data collectors processId: 34800 port: 62065
TpTrace Verbose: 0 : 20548, 12, 2022/12/22, 14:54:17.452, 6248629195959, vstest.console.dll, DataCollectionRequestSender.SendAfterTestRunStartAndGetResult: Send AfterTestRunEnd message with isCancelled: False
TpTrace Verbose: 0 : 20548, 12, 2022/12/22, 14:54:17.459, 6248629269268, vstest.console.dll, DataCollectionRequestSender.SendAfterTestRunStartAndGetResult: Received message: (DataCollection.AfterTestRunEndResult) -> {"MessageType":"DataCollection.AfterTestRunEndResult","Payload":{"AttachmentSets":[],"InvokedDataCollectors":[{"Uri":"datacollector://Microsoft/TestPlatform/Extensions/Blame/v1","FriendlyName":"Blame","AssemblyQualifiedName":"Microsoft.TestPlatform.Extensions.BlameDataCollector.BlameCollector, Microsoft.TestPlatform.Extensions.BlameDataCollector, Version=15.0.0.0, Culture=neutral, PublicKeyToken=b03f5f7f11d50a3a","FilePath":"C:\\Program Files\\dotnet\\sdk\\7.0.101\\Extensions\\Microsoft.TestPlatform.Extensions.BlameDataCollector.dll","HasAttachmentProcessor":false}],"Metrics":{}}}
TpTrace Warning: 0 : 20548, 9, 2022/12/22, 14:54:17.464, 6248629319594, vstest.console.dll, DataCollectionLauncher.ErrorReceivedCallback datacollector standard error line: 
TpTrace Information: 0 : 20548, 12, 2022/12/22, 14:54:17.467, 6248629350042, vstest.console.dll, ProxyDataCollectionManager.InvokeDataCollectionServiceAction: Completed.
TpTrace Information: 0 : 20548, 9, 2022/12/22, 14:54:17.472, 6248629401152, vstest.console.dll, DataCollectionLauncher.ExitCallBack: Data collector exited with exitcode: 0 error: ''
TpTrace Verbose: 0 : 20548, 12, 2022/12/22, 14:54:17.524, 6248629916204, vstest.console.dll, TestRunRequest:SendTestRunStatsChange: Starting.
TpTrace Verbose: 0 : 20548, 12, 2022/12/22, 14:54:17.524, 6248629920239, vstest.console.dll, MulticastDelegateUtilities.SafeInvoke: TestRun.RunStatsChanged: Invoking callbacks was skipped because there are no subscribers.
TpTrace Information: 0 : 20548, 12, 2022/12/22, 14:54:17.524, 6248629920806, vstest.console.dll, TestRunRequest:SendTestRunStatsChange: Completed.
TpTrace Verbose: 0 : 20548, 12, 2022/12/22, 14:54:17.525, 6248629925209, vstest.console.dll, ParallelProxyExecutionManager: HandlePartialRunComplete: Total completed clients = 1, Run complete = True, Run canceled: False.
TpTrace Verbose: 0 : 20548, 4, 2022/12/22, 14:54:17.526, 6248629935933, vstest.console.dll, MulticastDelegateUtilities.SafeInvoke: InternalTestLoggerEvents.SendTestResult: Invoking callback 1/1 for Microsoft.VisualStudio.TestPlatform.CommandLine.Internal.ConsoleLogger., took 1 ms.
TpTrace Verbose: 0 : 20548, 4, 2022/12/22, 14:54:17.526, 6248629938540, vstest.console.dll, MulticastDelegateUtilities.SafeInvoke: InternalTestLoggerEvents.SendTestResult: Invoking callback 1/1 for Microsoft.VisualStudio.TestPlatform.CommandLine.Internal.ConsoleLogger., took 0 ms.
TpTrace Verbose: 0 : 20548, 4, 2022/12/22, 14:54:17.526, 6248629939280, vstest.console.dll, MulticastDelegateUtilities.SafeInvoke: InternalTestLoggerEvents.SendTestResult: Invoking callback 1/1 for Microsoft.VisualStudio.TestPlatform.CommandLine.Internal.ConsoleLogger., took 0 ms.
TpTrace Verbose: 0 : 20548, 4, 2022/12/22, 14:54:17.526, 6248629939715, vstest.console.dll, MulticastDelegateUtilities.SafeInvoke: InternalTestLoggerEvents.SendTestResult: Invoking callback 1/1 for Microsoft.VisualStudio.TestPlatform.CommandLine.Internal.ConsoleLogger., took 0 ms.
TpTrace Verbose: 0 : 20548, 4, 2022/12/22, 14:54:17.526, 6248629940098, vstest.console.dll, MulticastDelegateUtilities.SafeInvoke: InternalTestLoggerEvents.SendTestResult: Invoking callback 1/1 for Microsoft.VisualStudio.TestPlatform.CommandLine.Internal.ConsoleLogger., took 0 ms.
TpTrace Verbose: 0 : 20548, 4, 2022/12/22, 14:54:17.526, 6248629940493, vstest.console.dll, MulticastDelegateUtilities.SafeInvoke: InternalTestLoggerEvents.SendTestResult: Invoking callback 1/1 for Microsoft.VisualStudio.TestPlatform.CommandLine.Internal.ConsoleLogger., took 0 ms.
TpTrace Verbose: 0 : 20548, 4, 2022/12/22, 14:54:17.534, 6248630012480, vstest.console.dll, MulticastDelegateUtilities.SafeInvoke: InternalTestLoggerEvents.SendTestRunComplete: Invoking callback 1/2 for Microsoft.TestPlatform.Extensions.BlameDataCollector.BlameLogger., took 0 ms.
TpTrace Verbose: 0 : 20548, 4, 2022/12/22, 14:54:17.540, 6248630073774, vstest.console.dll, MulticastDelegateUtilities.SafeInvoke: InternalTestLoggerEvents.SendTestRunComplete: Invoking callback 2/2 for Microsoft.VisualStudio.TestPlatform.CommandLine.Internal.ConsoleLogger., took 6 ms.
TpTrace Verbose: 0 : 20548, 12, 2022/12/22, 14:54:17.540, 6248630078428, vstest.console.dll, TestRunRequest:TestRunComplete: Starting. IsAborted:False IsCanceled:False.
TpTrace Verbose: 0 : 20548, 12, 2022/12/22, 14:54:17.541, 6248630091009, vstest.console.dll, TestLoggerManager.HandleTestRunComplete: Ignoring as the object is disposed.
TpTrace Verbose: 0 : 20548, 12, 2022/12/22, 14:54:17.542, 6248630093745, vstest.console.dll, MulticastDelegateUtilities.SafeInvoke: TestRun.TestRunComplete: Invoking callback 1/2 for Microsoft.VisualStudio.TestPlatform.CommandLine.TestRunResultAggregator., took 0 ms.
TpTrace Verbose: 0 : 20548, 12, 2022/12/22, 14:54:17.542, 6248630095198, vstest.console.dll, MulticastDelegateUtilities.SafeInvoke: TestRun.TestRunComplete: Invoking callback 2/2 for Microsoft.VisualStudio.TestPlatform.CommandLine.Processors.RunTestsArgumentExecutor+TestRunRequestEventsRegistrar., took 0 ms.
TpTrace Information: 0 : 20548, 12, 2022/12/22, 14:54:17.542, 6248630096086, vstest.console.dll, TestRunRequest:TestRunComplete: Completed.
TpTrace Verbose: 0 : 20548, 12, 2022/12/22, 14:54:17.542, 6248630096467, vstest.console.dll, TestRequestSender.SetOperationComplete: Setting operation complete.
TpTrace Information: 0 : 20548, 12, 2022/12/22, 14:54:17.542, 6248630096769, vstest.console.dll, SocketServer.Stop: Stop server endPoint: 127.0.0.1:62068
TpTrace Information: 0 : 20548, 12, 2022/12/22, 14:54:17.542, 6248630097026, vstest.console.dll, SocketServer.Stop: Cancellation requested. Stopping message loop.
TpTrace Verbose: 0 : 20548, 1, 2022/12/22, 14:54:17.542, 6248630097084, vstest.console.dll, TestRunRequest.Dispose: Starting.
TpTrace Information: 0 : 20548, 1, 2022/12/22, 14:54:17.542, 6248630097833, vstest.console.dll, TestRunRequest.Dispose: Completed.
TpTrace Verbose: 0 : 20548, 12, 2022/12/22, 14:54:17.542, 6248630097371, vstest.console.dll, MulticastDelegateUtilities.SafeInvoke: LengthPrefixCommunicationChannel: MessageReceived: Invoking callback 1/1 for Microsoft.VisualStudio.TestPlatform.CommunicationUtilities.TestRequestSender+<>c__DisplayClass31_0., took 125 ms.
TpTrace Information: 0 : 20548, 12, 2022/12/22, 14:54:17.542, 6248630098670, vstest.console.dll, SocketServer.PrivateStop: Stopping server endPoint: 127.0.0.1:62068 error: 
TpTrace Information: 0 : 20548, 1, 2022/12/22, 14:54:17.542, 6248630098918, vstest.console.dll, TestRequestManager.RunTests: run tests completed.
TpTrace Information: 0 : 20548, 1, 2022/12/22, 14:54:17.542, 6248630100191, vstest.console.dll, RunTestsArgumentProcessor:Execute: Test run is completed.
TpTrace Verbose: 0 : 20548, 1, 2022/12/22, 14:54:17.542, 6248630102030, vstest.console.dll, Executor.Execute: Exiting with exit code of 0
TpTrace Verbose: 0 : 20548, 12, 2022/12/22, 14:54:17.542, 6248630102277, vstest.console.dll, LengthPrefixCommunicationChannel.Dispose: Dispose reader and writer.
TpTrace Information: 0 : 20548, 12, 2022/12/22, 14:54:17.543, 6248630103140, vstest.console.dll, SocketServer.Stop: Raise disconnected event endPoint: 127.0.0.1:62068 error: 
TpTrace Verbose: 0 : 20548, 12, 2022/12/22, 14:54:17.543, 6248630104072, vstest.console.dll, TestRequestSender: OnTestRunAbort: Operation is already complete. Skip error message.
TpTrace Verbose: 0 : 20548, 12, 2022/12/22, 14:54:17.543, 6248630104507, vstest.console.dll, MulticastDelegateUtilities.SafeInvoke: SocketServer: ClientDisconnected: Invoking callback 1/1 for Microsoft.VisualStudio.TestPlatform.CommunicationUtilities.TestRequestSender., took 0 ms.
TpTrace Verbose: 0 : 20548, 12, 2022/12/22, 14:54:17.543, 6248630104791, vstest.console.dll, TcpClientExtensions.MessageLoopAsync: exiting MessageLoopAsync remoteEndPoint: 127.0.0.1:62069 localEndPoint: 127.0.0.1:62068
