TpTrace Verbose: 0 : 29644, 1, 2022/12/19, 10:53:54.095, 3512138605754, vstest.console.dll, Version: 17.4.0-release-20221019-01 Current process architecture: X64
TpTrace Verbose: 0 : 29644, 1, 2022/12/19, 10:53:54.096, 3512138623480, vstest.console.dll, Runtime location: C:\Program Files\dotnet\shared\Microsoft.NETCore.App\7.0.1
TpTrace Verbose: 0 : 29644, 1, 2022/12/19, 10:53:54.100, 3512138657308, vstest.console.dll, ArtifactProcessingPostProcessModeProcessorExecutor.Initialize: ArtifactProcessingMode.Collect
TpTrace Verbose: 0 : 29644, 1, 2022/12/19, 10:53:54.100, 3512138658861, vstest.console.dll, TestSessionCorrelationIdProcessorModeProcessorExecutor.Initialize: TestSessionCorrelationId '24604_7606e1e1-9e5c-4581-99b4-bf2e4258533d'
TpTrace Information: 0 : 29644, 1, 2022/12/19, 10:53:54.115, 3512138812096, vstest.console.dll, FilePatternParser: The given file C:\Users\HP\OneDrive\Documents\projects\tdd\Pragmatic-Test-Driven-Development-in-C-Sharp-and-NET\UqsMathLib\Uqs.Arithmetic.Tests.Unit\bin\Debug\net6.0\fine-code-coverage\build-output\Uqs.Arithmetic.Tests.Unit.dll is a full path.
TpTrace Verbose: 0 : 29644, 1, 2022/12/19, 10:53:54.121, 3512138872670, vstest.console.dll, TestPluginCache.DiscoverTestExtensions: finding test extensions in assemblies ends with: RuntimeProvider.dll TPluginInfo: Microsoft.VisualStudio.TestPlatform.Common.ExtensionFramework.Utilities.TestRuntimePluginInformation TExtension: Microsoft.VisualStudio.TestPlatform.ObjectModel.Host.ITestRuntimeProvider
TpTrace Verbose: 0 : 29644, 1, 2022/12/19, 10:53:54.122, 3512138874796, vstest.console.dll, TestPluginCache.GetExtensionPaths: Filtered extension paths: 
TpTrace Verbose: 0 : 29644, 1, 2022/12/19, 10:53:54.122, 3512138875550, vstest.console.dll, TestPluginCache.GetExtensionPaths: Added default extension paths: C:\Program Files\dotnet\sdk\7.0.101\Extensions\Microsoft.Diagnostics.NETCore.Client.dll
C:\Program Files\dotnet\sdk\7.0.101\Extensions\Microsoft.TestPlatform.Extensions.BlameDataCollector.dll
C:\Program Files\dotnet\sdk\7.0.101\Extensions\Microsoft.TestPlatform.Extensions.EventLogCollector.dll
C:\Program Files\dotnet\sdk\7.0.101\Extensions\Microsoft.TestPlatform.TestHostRuntimeProvider.dll
C:\Program Files\dotnet\sdk\7.0.101\Extensions\Microsoft.VisualStudio.TestPlatform.Extensions.Html.TestLogger.dll
C:\Program Files\dotnet\sdk\7.0.101\Extensions\Microsoft.VisualStudio.TestPlatform.Extensions.Trx.TestLogger.dll
TpTrace Verbose: 0 : 29644, 1, 2022/12/19, 10:53:54.122, 3512138875917, vstest.console.dll, TestPluginCache.GetExtensionPaths: Added unfilterableExtensionPaths: 
TpTrace Information: 0 : 29644, 1, 2022/12/19, 10:53:54.122, 3512138882934, vstest.console.dll, AssemblyResolver.ctor: Creating AssemblyResolver with searchDirectories C:\Program Files\dotnet\sdk\7.0.101\Extensions,C:\Program Files\dotnet\sdk\7.0.101
TpTrace Verbose: 0 : 29644, 1, 2022/12/19, 10:53:54.124, 3512138897798, vstest.console.dll, TestPluginCache.DiscoverTestExtensions: Discovering the extensions using extension path.
TpTrace Verbose: 0 : 29644, 1, 2022/12/19, 10:53:54.124, 3512138899221, vstest.console.dll, TestPluginCache.GetExtensionPaths: Filtered extension paths: 
TpTrace Verbose: 0 : 29644, 1, 2022/12/19, 10:53:54.124, 3512138899715, vstest.console.dll, TestPluginCache.GetExtensionPaths: Added default extension paths: C:\Program Files\dotnet\sdk\7.0.101\Extensions\Microsoft.Diagnostics.NETCore.Client.dll
C:\Program Files\dotnet\sdk\7.0.101\Extensions\Microsoft.TestPlatform.Extensions.BlameDataCollector.dll
C:\Program Files\dotnet\sdk\7.0.101\Extensions\Microsoft.TestPlatform.Extensions.EventLogCollector.dll
C:\Program Files\dotnet\sdk\7.0.101\Extensions\Microsoft.TestPlatform.TestHostRuntimeProvider.dll
C:\Program Files\dotnet\sdk\7.0.101\Extensions\Microsoft.VisualStudio.TestPlatform.Extensions.Html.TestLogger.dll
C:\Program Files\dotnet\sdk\7.0.101\Extensions\Microsoft.VisualStudio.TestPlatform.Extensions.Trx.TestLogger.dll
TpTrace Verbose: 0 : 29644, 1, 2022/12/19, 10:53:54.124, 3512138900015, vstest.console.dll, TestPluginCache.GetExtensionPaths: Added unfilterableExtensionPaths: 
TpTrace Verbose: 0 : 29644, 1, 2022/12/19, 10:53:54.124, 3512138901481, vstest.console.dll, TestPluginCache.DiscoverTestExtensions: Discovering the extensions using allExtensionPaths: C:\Program Files\dotnet\sdk\7.0.101\Extensions\Microsoft.Diagnostics.NETCore.Client.dll
C:\Program Files\dotnet\sdk\7.0.101\Extensions\Microsoft.TestPlatform.Extensions.BlameDataCollector.dll
C:\Program Files\dotnet\sdk\7.0.101\Extensions\Microsoft.TestPlatform.Extensions.EventLogCollector.dll
C:\Program Files\dotnet\sdk\7.0.101\Extensions\Microsoft.TestPlatform.TestHostRuntimeProvider.dll
C:\Program Files\dotnet\sdk\7.0.101\Extensions\Microsoft.VisualStudio.TestPlatform.Extensions.Html.TestLogger.dll
C:\Program Files\dotnet\sdk\7.0.101\Extensions\Microsoft.VisualStudio.TestPlatform.Extensions.Trx.TestLogger.dll
TpTrace Information: 0 : 29644, 1, 2022/12/19, 10:53:54.124, 3512138902523, vstest.console.dll, AssemblyResolver.AddSearchDirectories: Adding more searchDirectories C:\Program Files\dotnet\sdk\7.0.101\Extensions,C:\Program Files\dotnet\sdk\7.0.101
TpTrace Information: 0 : 29644, 1, 2022/12/19, 10:53:54.124, 3512138903064, vstest.console.dll, AssemblyResolver.AddSearchDirectories: Adding more searchDirectories C:\Program Files\dotnet\sdk\7.0.101\Extensions,C:\Program Files\dotnet\sdk\7.0.101
TpTrace Information: 0 : 29644, 1, 2022/12/19, 10:53:54.124, 3512138903385, vstest.console.dll, AssemblyResolver.AddSearchDirectories: Adding more searchDirectories C:\Program Files\dotnet\sdk\7.0.101\Extensions,C:\Program Files\dotnet\sdk\7.0.101
TpTrace Information: 0 : 29644, 1, 2022/12/19, 10:53:54.125, 3512138903677, vstest.console.dll, AssemblyResolver.AddSearchDirectories: Adding more searchDirectories C:\Program Files\dotnet\sdk\7.0.101\Extensions,C:\Program Files\dotnet\sdk\7.0.101
TpTrace Information: 0 : 29644, 1, 2022/12/19, 10:53:54.125, 3512138904009, vstest.console.dll, AssemblyResolver.AddSearchDirectories: Adding more searchDirectories C:\Program Files\dotnet\sdk\7.0.101\Extensions,C:\Program Files\dotnet\sdk\7.0.101
TpTrace Information: 0 : 29644, 1, 2022/12/19, 10:53:54.125, 3512138904292, vstest.console.dll, AssemblyResolver.AddSearchDirectories: Adding more searchDirectories C:\Program Files\dotnet\sdk\7.0.101\Extensions,C:\Program Files\dotnet\sdk\7.0.101
TpTrace Information: 0 : 29644, 1, 2022/12/19, 10:53:54.125, 3512138908948, vstest.console.dll, AssemblyResolver.OnResolve: Microsoft.Diagnostics.NETCore.Client: Resolving assembly.
TpTrace Information: 0 : 29644, 1, 2022/12/19, 10:53:54.125, 3512138909585, vstest.console.dll, AssemblyResolver.OnResolve: Microsoft.Diagnostics.NETCore.Client: Searching in: 'C:\Program Files\dotnet\sdk\7.0.101\Extensions'.
TpTrace Information: 0 : 29644, 1, 2022/12/19, 10:53:54.132, 3512138982791, vstest.console.dll, AssemblyResolver.OnResolve: Microsoft.Diagnostics.NETCore.Client: Loading assembly 'C:\Program Files\dotnet\sdk\7.0.101\Extensions\Microsoft.Diagnostics.NETCore.Client.dll'.
TpTrace Information: 0 : 29644, 1, 2022/12/19, 10:53:54.133, 3512138989622, vstest.console.dll, AssemblyResolver.OnResolve: Resolved assembly: Microsoft.Diagnostics.NETCore.Client, from path: C:\Program Files\dotnet\sdk\7.0.101\Extensions\Microsoft.Diagnostics.NETCore.Client.dll
TpTrace Verbose: 0 : 29644, 1, 2022/12/19, 10:53:54.134, 3512139000892, vstest.console.dll, MetadataReaderExtensionsHelper: Discovering extensions inside assembly 'Microsoft.Diagnostics.NETCore.Client, Version=0.2.6.42401, Culture=neutral, PublicKeyToken=31bf3856ad364e35' file path 'C:\Program Files\dotnet\sdk\7.0.101\Extensions\Microsoft.Diagnostics.NETCore.Client.dll'
TpTrace Information: 0 : 29644, 1, 2022/12/19, 10:53:54.138, 3512139042015, vstest.console.dll, AssemblyResolver.OnResolve: Microsoft.Bcl.AsyncInterfaces: Resolving assembly.
TpTrace Information: 0 : 29644, 1, 2022/12/19, 10:53:54.138, 3512139042857, vstest.console.dll, AssemblyResolver.OnResolve: Microsoft.Bcl.AsyncInterfaces: Searching in: 'C:\Program Files\dotnet\sdk\7.0.101\Extensions'.
TpTrace Information: 0 : 29644, 1, 2022/12/19, 10:53:54.139, 3512139043661, vstest.console.dll, AssemblyResolver.OnResolve: Microsoft.Bcl.AsyncInterfaces: Assembly path does not exist: 'C:\Program Files\dotnet\sdk\7.0.101\Extensions\Microsoft.Bcl.AsyncInterfaces.dll', returning.
TpTrace Information: 0 : 29644, 1, 2022/12/19, 10:53:54.139, 3512139044663, vstest.console.dll, AssemblyResolver.OnResolve: Microsoft.Bcl.AsyncInterfaces: Assembly path does not exist: 'C:\Program Files\dotnet\sdk\7.0.101\Extensions\Microsoft.Bcl.AsyncInterfaces.exe', returning.
TpTrace Information: 0 : 29644, 1, 2022/12/19, 10:53:54.139, 3512139045014, vstest.console.dll, AssemblyResolver.OnResolve: Microsoft.Bcl.AsyncInterfaces: Searching in: 'C:\Program Files\dotnet\sdk\7.0.101'.
TpTrace Information: 0 : 29644, 1, 2022/12/19, 10:53:54.139, 3512139045528, vstest.console.dll, AssemblyResolver.OnResolve: Microsoft.Bcl.AsyncInterfaces: Assembly path does not exist: 'C:\Program Files\dotnet\sdk\7.0.101\Microsoft.Bcl.AsyncInterfaces.dll', returning.
TpTrace Information: 0 : 29644, 1, 2022/12/19, 10:53:54.139, 3512139046017, vstest.console.dll, AssemblyResolver.OnResolve: Microsoft.Bcl.AsyncInterfaces: Assembly path does not exist: 'C:\Program Files\dotnet\sdk\7.0.101\Microsoft.Bcl.AsyncInterfaces.exe', returning.
TpTrace Information: 0 : 29644, 1, 2022/12/19, 10:53:54.139, 3512139046321, vstest.console.dll, AssemblyResolver.OnResolve: Microsoft.Bcl.AsyncInterfaces: Failed to load assembly.
TpTrace Verbose: 0 : 29644, 1, 2022/12/19, 10:53:54.139, 3512139046836, vstest.console.dll, CurrentDomainAssemblyResolve: Resolving assembly 'Microsoft.Bcl.AsyncInterfaces'.
TpTrace Information: 0 : 29644, 1, 2022/12/19, 10:53:54.139, 3512139047722, vstest.console.dll, AssemblyResolver.OnResolve: Microsoft.Bcl.AsyncInterfaces: Resolving assembly.
TpTrace Information: 0 : 29644, 1, 2022/12/19, 10:53:54.139, 3512139048202, vstest.console.dll, AssemblyResolver.OnResolve: Microsoft.Bcl.AsyncInterfaces: Resolved from cache.
TpTrace Verbose: 0 : 29644, 1, 2022/12/19, 10:53:54.139, 3512139048489, vstest.console.dll, CurrentDomainAssemblyResolve: Resolving assembly 'Microsoft.Bcl.AsyncInterfaces'.
TpTrace Verbose: 0 : 29644, 1, 2022/12/19, 10:53:54.139, 3512139048893, vstest.console.dll, CurrentDomainAssemblyResolve: Failed to resolve assembly 'Microsoft.Bcl.AsyncInterfaces'.
TpTrace Verbose: 0 : 29644, 1, 2022/12/19, 10:53:54.140, 3512139060251, vstest.console.dll, CurrentDomainAssemblyResolve: Failed to resolve assembly 'Microsoft.Bcl.AsyncInterfaces'.
TpTrace Warning: 0 : 29644, 1, 2022/12/19, 10:53:54.147, 3512139125497, vstest.console.dll, TestPluginDiscoverer: Failed to get types from assembly 'Microsoft.Diagnostics.NETCore.Client, Version=0.2.6.42401, Culture=neutral, PublicKeyToken=31bf3856ad364e35'. Error: System.Reflection.ReflectionTypeLoadException: Unable to load one or more of the requested types.
Could not load file or assembly 'Microsoft.Bcl.AsyncInterfaces, Version=1.0.0.0, Culture=neutral, PublicKeyToken=cc7b13ffcd2ddd51'. The system cannot find the file specified.
   at System.Reflection.RuntimeModule.GetTypes(RuntimeModule module)
   at System.Reflection.Assembly.GetTypes()
   at Microsoft.VisualStudio.TestPlatform.Common.ExtensionFramework.TestPluginDiscoverer.GetTestExtensionsFromAssembly[TPluginInfo,TExtension](Assembly assembly, Dictionary`2 pluginInfos, String filePath)
System.IO.FileNotFoundException: Could not load file or assembly 'Microsoft.Bcl.AsyncInterfaces, Version=1.0.0.0, Culture=neutral, PublicKeyToken=cc7b13ffcd2ddd51'. The system cannot find the file specified.
File name: 'Microsoft.Bcl.AsyncInterfaces, Version=1.0.0.0, Culture=neutral, PublicKeyToken=cc7b13ffcd2ddd51'
 ---> System.IO.FileNotFoundException: Could not load file or assembly 'Microsoft.Bcl.AsyncInterfaces, Culture=neutral, PublicKeyToken=null'. The system cannot find the file specified.
File name: 'Microsoft.Bcl.AsyncInterfaces, Culture=neutral, PublicKeyToken=null'
   at System.Reflection.RuntimeAssembly.InternalLoad(AssemblyName assemblyName, StackCrawlMark& stackMark, AssemblyLoadContext assemblyLoadContext, RuntimeAssembly requestingAssembly, Boolean throwOnFileNotFound)
   at System.Reflection.Assembly.Load(AssemblyName assemblyRef)
   at Microsoft.VisualStudio.TestPlatform.Common.ExtensionFramework.TestPluginCache.CurrentDomainAssemblyResolve(Object sender, AssemblyResolveEventArgs args)
   at System.Runtime.Loader.AssemblyLoadContext.GetFirstResolvedAssemblyFromResolvingEvent(AssemblyName assemblyName)
   at System.Runtime.Loader.AssemblyLoadContext.ResolveUsingEvent(AssemblyName assemblyName)
   at System.Runtime.Loader.AssemblyLoadContext.ResolveUsingResolvingEvent(IntPtr gchManagedAssemblyLoadContext, AssemblyName assemblyName)
TpTrace Warning: 0 : 29644, 1, 2022/12/19, 10:53:54.147, 3512139129217, vstest.console.dll, LoaderExceptions: System.IO.FileNotFoundException: Could not load file or assembly 'Microsoft.Bcl.AsyncInterfaces, Version=1.0.0.0, Culture=neutral, PublicKeyToken=cc7b13ffcd2ddd51'. The system cannot find the file specified.
File name: 'Microsoft.Bcl.AsyncInterfaces, Version=1.0.0.0, Culture=neutral, PublicKeyToken=cc7b13ffcd2ddd51'
 ---> System.IO.FileNotFoundException: Could not load file or assembly 'Microsoft.Bcl.AsyncInterfaces, Culture=neutral, PublicKeyToken=null'. The system cannot find the file specified.
File name: 'Microsoft.Bcl.AsyncInterfaces, Culture=neutral, PublicKeyToken=null'
   at System.Reflection.RuntimeAssembly.InternalLoad(AssemblyName assemblyName, StackCrawlMark& stackMark, AssemblyLoadContext assemblyLoadContext, RuntimeAssembly requestingAssembly, Boolean throwOnFileNotFound)
   at System.Reflection.Assembly.Load(AssemblyName assemblyRef)
   at Microsoft.VisualStudio.TestPlatform.Common.ExtensionFramework.TestPluginCache.CurrentDomainAssemblyResolve(Object sender, AssemblyResolveEventArgs args)
   at System.Runtime.Loader.AssemblyLoadContext.GetFirstResolvedAssemblyFromResolvingEvent(AssemblyName assemblyName)
   at System.Runtime.Loader.AssemblyLoadContext.ResolveUsingEvent(AssemblyName assemblyName)
   at System.Runtime.Loader.AssemblyLoadContext.ResolveUsingResolvingEvent(IntPtr gchManagedAssemblyLoadContext, AssemblyName assemblyName)
TpTrace Information: 0 : 29644, 1, 2022/12/19, 10:53:54.147, 3512139130971, vstest.console.dll, AssemblyResolver.OnResolve: Microsoft.TestPlatform.Extensions.BlameDataCollector: Resolving assembly.
TpTrace Information: 0 : 29644, 1, 2022/12/19, 10:53:54.147, 3512139131427, vstest.console.dll, AssemblyResolver.OnResolve: Microsoft.TestPlatform.Extensions.BlameDataCollector: Searching in: 'C:\Program Files\dotnet\sdk\7.0.101\Extensions'.
TpTrace Information: 0 : 29644, 1, 2022/12/19, 10:53:54.148, 3512139136727, vstest.console.dll, AssemblyResolver.OnResolve: Microsoft.TestPlatform.Extensions.BlameDataCollector: Loading assembly 'C:\Program Files\dotnet\sdk\7.0.101\Extensions\Microsoft.TestPlatform.Extensions.BlameDataCollector.dll'.
TpTrace Information: 0 : 29644, 1, 2022/12/19, 10:53:54.148, 3512139141824, vstest.console.dll, AssemblyResolver.OnResolve: Resolved assembly: Microsoft.TestPlatform.Extensions.BlameDataCollector, from path: C:\Program Files\dotnet\sdk\7.0.101\Extensions\Microsoft.TestPlatform.Extensions.BlameDataCollector.dll
TpTrace Verbose: 0 : 29644, 1, 2022/12/19, 10:53:54.148, 3512139142535, vstest.console.dll, MetadataReaderExtensionsHelper: Discovering extensions inside assembly 'Microsoft.TestPlatform.Extensions.BlameDataCollector, Version=15.0.0.0, Culture=neutral, PublicKeyToken=b03f5f7f11d50a3a' file path 'C:\Program Files\dotnet\sdk\7.0.101\Extensions\Microsoft.TestPlatform.Extensions.BlameDataCollector.dll'
TpTrace Information: 0 : 29644, 1, 2022/12/19, 10:53:54.150, 3512139158543, vstest.console.dll, AssemblyResolver.OnResolve: Microsoft.TestPlatform.Extensions.EventLogCollector: Resolving assembly.
TpTrace Information: 0 : 29644, 1, 2022/12/19, 10:53:54.150, 3512139159279, vstest.console.dll, AssemblyResolver.OnResolve: Microsoft.TestPlatform.Extensions.EventLogCollector: Searching in: 'C:\Program Files\dotnet\sdk\7.0.101\Extensions'.
TpTrace Information: 0 : 29644, 1, 2022/12/19, 10:53:54.151, 3512139163802, vstest.console.dll, AssemblyResolver.OnResolve: Microsoft.TestPlatform.Extensions.EventLogCollector: Loading assembly 'C:\Program Files\dotnet\sdk\7.0.101\Extensions\Microsoft.TestPlatform.Extensions.EventLogCollector.dll'.
TpTrace Information: 0 : 29644, 1, 2022/12/19, 10:53:54.151, 3512139168108, vstest.console.dll, AssemblyResolver.OnResolve: Resolved assembly: Microsoft.TestPlatform.Extensions.EventLogCollector, from path: C:\Program Files\dotnet\sdk\7.0.101\Extensions\Microsoft.TestPlatform.Extensions.EventLogCollector.dll
TpTrace Verbose: 0 : 29644, 1, 2022/12/19, 10:53:54.151, 3512139168731, vstest.console.dll, MetadataReaderExtensionsHelper: Discovering extensions inside assembly 'Microsoft.TestPlatform.Extensions.EventLogCollector, Version=15.0.0.0, Culture=neutral, PublicKeyToken=b03f5f7f11d50a3a' file path 'C:\Program Files\dotnet\sdk\7.0.101\Extensions\Microsoft.TestPlatform.Extensions.EventLogCollector.dll'
TpTrace Information: 0 : 29644, 1, 2022/12/19, 10:53:54.153, 3512139189705, vstest.console.dll, AssemblyResolver.OnResolve: Microsoft.TestPlatform.TestHostRuntimeProvider: Resolving assembly.
TpTrace Information: 0 : 29644, 1, 2022/12/19, 10:53:54.153, 3512139190368, vstest.console.dll, AssemblyResolver.OnResolve: Microsoft.TestPlatform.TestHostRuntimeProvider: Searching in: 'C:\Program Files\dotnet\sdk\7.0.101\Extensions'.
TpTrace Information: 0 : 29644, 1, 2022/12/19, 10:53:54.154, 3512139194816, vstest.console.dll, AssemblyResolver.OnResolve: Microsoft.TestPlatform.TestHostRuntimeProvider: Loading assembly 'C:\Program Files\dotnet\sdk\7.0.101\Extensions\Microsoft.TestPlatform.TestHostRuntimeProvider.dll'.
TpTrace Information: 0 : 29644, 1, 2022/12/19, 10:53:54.154, 3512139199833, vstest.console.dll, AssemblyResolver.OnResolve: Resolved assembly: Microsoft.TestPlatform.TestHostRuntimeProvider, from path: C:\Program Files\dotnet\sdk\7.0.101\Extensions\Microsoft.TestPlatform.TestHostRuntimeProvider.dll
TpTrace Verbose: 0 : 29644, 1, 2022/12/19, 10:53:54.154, 3512139200516, vstest.console.dll, MetadataReaderExtensionsHelper: Discovering extensions inside assembly 'Microsoft.TestPlatform.TestHostRuntimeProvider, Version=15.0.0.0, Culture=neutral, PublicKeyToken=b03f5f7f11d50a3a' file path 'C:\Program Files\dotnet\sdk\7.0.101\Extensions\Microsoft.TestPlatform.TestHostRuntimeProvider.dll'
TpTrace Information: 0 : 29644, 1, 2022/12/19, 10:53:54.156, 3512139218746, vstest.console.dll, GetTestExtensionFromType: Register extension with identifier data 'HostProvider://DefaultTestHost' and type 'Microsoft.VisualStudio.TestPlatform.CrossPlatEngine.Hosting.DefaultTestHostManager, Microsoft.TestPlatform.TestHostRuntimeProvider, Version=15.0.0.0, Culture=neutral, PublicKeyToken=b03f5f7f11d50a3a' inside file 'C:\Program Files\dotnet\sdk\7.0.101\Extensions\Microsoft.TestPlatform.TestHostRuntimeProvider.dll'
TpTrace Information: 0 : 29644, 1, 2022/12/19, 10:53:54.156, 3512139221270, vstest.console.dll, GetTestExtensionFromType: Register extension with identifier data 'HostProvider://DotnetTestHost' and type 'Microsoft.VisualStudio.TestPlatform.CrossPlatEngine.Hosting.DotnetTestHostManager, Microsoft.TestPlatform.TestHostRuntimeProvider, Version=15.0.0.0, Culture=neutral, PublicKeyToken=b03f5f7f11d50a3a' inside file 'C:\Program Files\dotnet\sdk\7.0.101\Extensions\Microsoft.TestPlatform.TestHostRuntimeProvider.dll'
TpTrace Information: 0 : 29644, 1, 2022/12/19, 10:53:54.156, 3512139222059, vstest.console.dll, AssemblyResolver.OnResolve: Microsoft.VisualStudio.TestPlatform.Extensions.Html.TestLogger: Resolving assembly.
TpTrace Information: 0 : 29644, 1, 2022/12/19, 10:53:54.156, 3512139222456, vstest.console.dll, AssemblyResolver.OnResolve: Microsoft.VisualStudio.TestPlatform.Extensions.Html.TestLogger: Searching in: 'C:\Program Files\dotnet\sdk\7.0.101\Extensions'.
TpTrace Information: 0 : 29644, 1, 2022/12/19, 10:53:54.157, 3512139228717, vstest.console.dll, AssemblyResolver.OnResolve: Microsoft.VisualStudio.TestPlatform.Extensions.Html.TestLogger: Loading assembly 'C:\Program Files\dotnet\sdk\7.0.101\Extensions\Microsoft.VisualStudio.TestPlatform.Extensions.Html.TestLogger.dll'.
TpTrace Information: 0 : 29644, 1, 2022/12/19, 10:53:54.158, 3512139235053, vstest.console.dll, AssemblyResolver.OnResolve: Resolved assembly: Microsoft.VisualStudio.TestPlatform.Extensions.Html.TestLogger, from path: C:\Program Files\dotnet\sdk\7.0.101\Extensions\Microsoft.VisualStudio.TestPlatform.Extensions.Html.TestLogger.dll
TpTrace Verbose: 0 : 29644, 1, 2022/12/19, 10:53:54.158, 3512139236074, vstest.console.dll, MetadataReaderExtensionsHelper: Discovering extensions inside assembly 'Microsoft.VisualStudio.TestPlatform.Extensions.Html.TestLogger, Version=15.0.0.0, Culture=neutral, PublicKeyToken=b03f5f7f11d50a3a' file path 'C:\Program Files\dotnet\sdk\7.0.101\Extensions\Microsoft.VisualStudio.TestPlatform.Extensions.Html.TestLogger.dll'
TpTrace Information: 0 : 29644, 1, 2022/12/19, 10:53:54.159, 3512139246009, vstest.console.dll, AssemblyResolver.OnResolve: Microsoft.VisualStudio.TestPlatform.Extensions.Trx.TestLogger: Resolving assembly.
TpTrace Information: 0 : 29644, 1, 2022/12/19, 10:53:54.159, 3512139246704, vstest.console.dll, AssemblyResolver.OnResolve: Microsoft.VisualStudio.TestPlatform.Extensions.Trx.TestLogger: Searching in: 'C:\Program Files\dotnet\sdk\7.0.101\Extensions'.
TpTrace Information: 0 : 29644, 1, 2022/12/19, 10:53:54.159, 3512139252029, vstest.console.dll, AssemblyResolver.OnResolve: Microsoft.VisualStudio.TestPlatform.Extensions.Trx.TestLogger: Loading assembly 'C:\Program Files\dotnet\sdk\7.0.101\Extensions\Microsoft.VisualStudio.TestPlatform.Extensions.Trx.TestLogger.dll'.
TpTrace Information: 0 : 29644, 1, 2022/12/19, 10:53:54.160, 3512139257849, vstest.console.dll, AssemblyResolver.OnResolve: Resolved assembly: Microsoft.VisualStudio.TestPlatform.Extensions.Trx.TestLogger, from path: C:\Program Files\dotnet\sdk\7.0.101\Extensions\Microsoft.VisualStudio.TestPlatform.Extensions.Trx.TestLogger.dll
TpTrace Verbose: 0 : 29644, 1, 2022/12/19, 10:53:54.160, 3512139258550, vstest.console.dll, MetadataReaderExtensionsHelper: Discovering extensions inside assembly 'Microsoft.VisualStudio.TestPlatform.Extensions.Trx.TestLogger, Version=15.0.0.0, Culture=neutral, PublicKeyToken=b03f5f7f11d50a3a' file path 'C:\Program Files\dotnet\sdk\7.0.101\Extensions\Microsoft.VisualStudio.TestPlatform.Extensions.Trx.TestLogger.dll'
TpTrace Verbose: 0 : 29644, 1, 2022/12/19, 10:53:54.161, 3512139272986, vstest.console.dll, TestPluginCache: Discovered the extensions using extension path ''.
TpTrace Verbose: 0 : 29644, 1, 2022/12/19, 10:53:54.162, 3512139273819, vstest.console.dll, TestPluginCache: Discoverers are ''.
TpTrace Verbose: 0 : 29644, 1, 2022/12/19, 10:53:54.162, 3512139274122, vstest.console.dll, TestPluginCache: Executors are ''.
TpTrace Verbose: 0 : 29644, 1, 2022/12/19, 10:53:54.162, 3512139274373, vstest.console.dll, TestPluginCache: Executors2 are ''.
TpTrace Verbose: 0 : 29644, 1, 2022/12/19, 10:53:54.162, 3512139274616, vstest.console.dll, TestPluginCache: Setting providers are ''.
TpTrace Verbose: 0 : 29644, 1, 2022/12/19, 10:53:54.162, 3512139274863, vstest.console.dll, TestPluginCache: Loggers are ''.
TpTrace Verbose: 0 : 29644, 1, 2022/12/19, 10:53:54.162, 3512139276084, vstest.console.dll, TestPluginCache: TestHosts are 'HostProvider://DefaultTestHost,HostProvider://DotnetTestHost'.
TpTrace Verbose: 0 : 29644, 1, 2022/12/19, 10:53:54.162, 3512139276457, vstest.console.dll, TestPluginCache: DataCollectors are ''.
TpTrace Information: 0 : 29644, 1, 2022/12/19, 10:53:54.172, 3512139382995, vstest.console.dll, RunTestsArgumentProcessor:Execute: Test run is starting.
TpTrace Verbose: 0 : 29644, 1, 2022/12/19, 10:53:54.173, 3512139383933, vstest.console.dll, RunTestsArgumentProcessor:Execute: Queuing Test run.
TpTrace Information: 0 : 29644, 1, 2022/12/19, 10:53:54.173, 3512139386277, vstest.console.dll, TestRequestManager.RunTests: run tests started.
TpTrace Information: 0 : 29644, 1, 2022/12/19, 10:53:54.174, 3512139397939, vstest.console.dll, AssemblyMetadataProvider.GetFrameworkName: Determined framework:'.NETCoreApp,Version=v6.0' for source: 'C:\Users\HP\OneDrive\Documents\projects\tdd\Pragmatic-Test-Driven-Development-in-C-Sharp-and-NET\UqsMathLib\Uqs.Arithmetic.Tests.Unit\bin\Debug\net6.0\fine-code-coverage\build-output\Uqs.Arithmetic.Tests.Unit.dll'
TpTrace Information: 0 : 29644, 1, 2022/12/19, 10:53:54.174, 3512139399632, vstest.console.dll, Determined framework for all sources: .NETCoreApp,Version=v6.0
TpTrace Verbose: 0 : 29644, 1, 2022/12/19, 10:53:54.174, 3512139403290, vstest.console.dll, TestRequestManager.UpdateRunSettingsIfRequired: Default architecture: X64 IsDefaultTargetArchitecture: True, Current process architecture: X64 OperatingSystem: Windows.
TpTrace Information: 0 : 29644, 1, 2022/12/19, 10:53:54.176, 3512139420297, vstest.console.dll, AssemblyMetadataProvider.GetArchitecture: Determined architecture:AnyCPU info for assembly: C:\Users\HP\OneDrive\Documents\projects\tdd\Pragmatic-Test-Driven-Development-in-C-Sharp-and-NET\UqsMathLib\Uqs.Arithmetic.Tests.Unit\bin\Debug\net6.0\fine-code-coverage\build-output\Uqs.Arithmetic.Tests.Unit.dll
TpTrace Information: 0 : 29644, 1, 2022/12/19, 10:53:54.176, 3512139420882, vstest.console.dll, Determined platform for source 'C:\Users\HP\OneDrive\Documents\projects\tdd\Pragmatic-Test-Driven-Development-in-C-Sharp-and-NET\UqsMathLib\Uqs.Arithmetic.Tests.Unit\bin\Debug\net6.0\fine-code-coverage\build-output\Uqs.Arithmetic.Tests.Unit.dll' was AnyCPU and it will use the default plaform X64.
TpTrace Information: 0 : 29644, 1, 2022/12/19, 10:53:54.176, 3512139421193, vstest.console.dll, None of the sources provided any runnable platform, using the default platform: X64
TpTrace Information: 0 : 29644, 1, 2022/12/19, 10:53:54.176, 3512139422025, vstest.console.dll, Platform was updated to 'X64'.
TpTrace Information: 0 : 29644, 1, 2022/12/19, 10:53:54.181, 3512139470136, vstest.console.dll, InferRunSettingsHelper.IsTestSettingsEnabled: Unable to navigate to RunSettings/MSTest. Current node: RunSettings
TpTrace Information: 0 : 29644, 1, 2022/12/19, 10:53:54.182, 3512139478342, vstest.console.dll, AssemblyResolver.OnResolve: Microsoft.VisualStudio.TestPlatform.Fakes: Resolving assembly.
TpTrace Information: 0 : 29644, 1, 2022/12/19, 10:53:54.182, 3512139479152, vstest.console.dll, AssemblyResolver.OnResolve: Microsoft.VisualStudio.TestPlatform.Fakes: Searching in: 'C:\Program Files\dotnet\sdk\7.0.101\Extensions'.
TpTrace Information: 0 : 29644, 1, 2022/12/19, 10:53:54.182, 3512139480386, vstest.console.dll, AssemblyResolver.OnResolve: Microsoft.VisualStudio.TestPlatform.Fakes: Assembly path does not exist: 'C:\Program Files\dotnet\sdk\7.0.101\Extensions\Microsoft.VisualStudio.TestPlatform.Fakes.dll', returning.
TpTrace Information: 0 : 29644, 1, 2022/12/19, 10:53:54.182, 3512139481309, vstest.console.dll, AssemblyResolver.OnResolve: Microsoft.VisualStudio.TestPlatform.Fakes: Assembly path does not exist: 'C:\Program Files\dotnet\sdk\7.0.101\Extensions\Microsoft.VisualStudio.TestPlatform.Fakes.exe', returning.
TpTrace Information: 0 : 29644, 1, 2022/12/19, 10:53:54.182, 3512139481813, vstest.console.dll, AssemblyResolver.OnResolve: Microsoft.VisualStudio.TestPlatform.Fakes: Searching in: 'C:\Program Files\dotnet\sdk\7.0.101'.
TpTrace Information: 0 : 29644, 1, 2022/12/19, 10:53:54.182, 3512139482622, vstest.console.dll, AssemblyResolver.OnResolve: Microsoft.VisualStudio.TestPlatform.Fakes: Assembly path does not exist: 'C:\Program Files\dotnet\sdk\7.0.101\Microsoft.VisualStudio.TestPlatform.Fakes.dll', returning.
TpTrace Information: 0 : 29644, 1, 2022/12/19, 10:53:54.183, 3512139483471, vstest.console.dll, AssemblyResolver.OnResolve: Microsoft.VisualStudio.TestPlatform.Fakes: Assembly path does not exist: 'C:\Program Files\dotnet\sdk\7.0.101\Microsoft.VisualStudio.TestPlatform.Fakes.exe', returning.
TpTrace Information: 0 : 29644, 1, 2022/12/19, 10:53:54.183, 3512139483953, vstest.console.dll, AssemblyResolver.OnResolve: Microsoft.VisualStudio.TestPlatform.Fakes: Failed to load assembly.
TpTrace Information: 0 : 29644, 1, 2022/12/19, 10:53:54.183, 3512139486879, vstest.console.dll, Failed to load assembly Microsoft.VisualStudio.TestPlatform.Fakes, Version=17.0.0.0, Culture=neutral. Reason:System.IO.FileNotFoundException: Could not load file or assembly 'Microsoft.VisualStudio.TestPlatform.Fakes, Version=17.0.0.0, Culture=neutral, PublicKeyToken=null'. The system cannot find the file specified.
File name: 'Microsoft.VisualStudio.TestPlatform.Fakes, Version=17.0.0.0, Culture=neutral, PublicKeyToken=null'
   at System.Reflection.RuntimeAssembly.InternalLoad(AssemblyName assemblyName, StackCrawlMark& stackMark, AssemblyLoadContext assemblyLoadContext, RuntimeAssembly requestingAssembly, Boolean throwOnFileNotFound)
   at System.Reflection.Assembly.Load(AssemblyName assemblyRef)
   at Microsoft.VisualStudio.TestPlatform.Common.Utilities.FakesUtilities.LoadTestPlatformAssembly()
TpTrace Verbose: 0 : 29644, 1, 2022/12/19, 10:53:54.187, 3512139525393, vstest.console.dll, TestPluginCache.DiscoverTestExtensions: finding test extensions in assemblies ends with: TestLogger.dll TPluginInfo: Microsoft.VisualStudio.TestPlatform.Common.ExtensionFramework.Utilities.TestLoggerPluginInformation TExtension: Microsoft.VisualStudio.TestPlatform.ObjectModel.Client.ITestLogger
TpTrace Verbose: 0 : 29644, 1, 2022/12/19, 10:53:54.187, 3512139526407, vstest.console.dll, TestPluginCache.GetExtensionPaths: Filtered extension paths: 
TpTrace Verbose: 0 : 29644, 1, 2022/12/19, 10:53:54.187, 3512139526788, vstest.console.dll, TestPluginCache.GetExtensionPaths: Added default extension paths: C:\Program Files\dotnet\sdk\7.0.101\Extensions\Microsoft.Diagnostics.NETCore.Client.dll
C:\Program Files\dotnet\sdk\7.0.101\Extensions\Microsoft.TestPlatform.Extensions.BlameDataCollector.dll
C:\Program Files\dotnet\sdk\7.0.101\Extensions\Microsoft.TestPlatform.Extensions.EventLogCollector.dll
C:\Program Files\dotnet\sdk\7.0.101\Extensions\Microsoft.TestPlatform.TestHostRuntimeProvider.dll
C:\Program Files\dotnet\sdk\7.0.101\Extensions\Microsoft.VisualStudio.TestPlatform.Extensions.Html.TestLogger.dll
C:\Program Files\dotnet\sdk\7.0.101\Extensions\Microsoft.VisualStudio.TestPlatform.Extensions.Trx.TestLogger.dll
TpTrace Verbose: 0 : 29644, 1, 2022/12/19, 10:53:54.187, 3512139527163, vstest.console.dll, TestPluginCache.GetExtensionPaths: Added unfilterableExtensionPaths: 
TpTrace Information: 0 : 29644, 1, 2022/12/19, 10:53:54.187, 3512139528342, vstest.console.dll, AssemblyResolver.AddSearchDirectories: Adding more searchDirectories C:\Program Files\dotnet\sdk\7.0.101\Extensions,C:\Program Files\dotnet\sdk\7.0.101
TpTrace Verbose: 0 : 29644, 1, 2022/12/19, 10:53:54.187, 3512139528760, vstest.console.dll, TestPluginCache.DiscoverTestExtensions: Discovering the extensions using extension path.
TpTrace Verbose: 0 : 29644, 1, 2022/12/19, 10:53:54.187, 3512139529078, vstest.console.dll, TestPluginCache.GetExtensionPaths: Filtered extension paths: 
TpTrace Verbose: 0 : 29644, 1, 2022/12/19, 10:53:54.187, 3512139529393, vstest.console.dll, TestPluginCache.GetExtensionPaths: Added default extension paths: C:\Program Files\dotnet\sdk\7.0.101\Extensions\Microsoft.Diagnostics.NETCore.Client.dll
C:\Program Files\dotnet\sdk\7.0.101\Extensions\Microsoft.TestPlatform.Extensions.BlameDataCollector.dll
C:\Program Files\dotnet\sdk\7.0.101\Extensions\Microsoft.TestPlatform.Extensions.EventLogCollector.dll
C:\Program Files\dotnet\sdk\7.0.101\Extensions\Microsoft.TestPlatform.TestHostRuntimeProvider.dll
C:\Program Files\dotnet\sdk\7.0.101\Extensions\Microsoft.VisualStudio.TestPlatform.Extensions.Html.TestLogger.dll
C:\Program Files\dotnet\sdk\7.0.101\Extensions\Microsoft.VisualStudio.TestPlatform.Extensions.Trx.TestLogger.dll
TpTrace Verbose: 0 : 29644, 1, 2022/12/19, 10:53:54.187, 3512139529670, vstest.console.dll, TestPluginCache.GetExtensionPaths: Added unfilterableExtensionPaths: 
TpTrace Verbose: 0 : 29644, 1, 2022/12/19, 10:53:54.187, 3512139530028, vstest.console.dll, TestPluginCache.DiscoverTestExtensions: Discovering the extensions using allExtensionPaths: C:\Program Files\dotnet\sdk\7.0.101\Extensions\Microsoft.Diagnostics.NETCore.Client.dll
C:\Program Files\dotnet\sdk\7.0.101\Extensions\Microsoft.TestPlatform.Extensions.BlameDataCollector.dll
C:\Program Files\dotnet\sdk\7.0.101\Extensions\Microsoft.TestPlatform.Extensions.EventLogCollector.dll
C:\Program Files\dotnet\sdk\7.0.101\Extensions\Microsoft.TestPlatform.TestHostRuntimeProvider.dll
C:\Program Files\dotnet\sdk\7.0.101\Extensions\Microsoft.VisualStudio.TestPlatform.Extensions.Html.TestLogger.dll
C:\Program Files\dotnet\sdk\7.0.101\Extensions\Microsoft.VisualStudio.TestPlatform.Extensions.Trx.TestLogger.dll
TpTrace Information: 0 : 29644, 1, 2022/12/19, 10:53:54.187, 3512139530808, vstest.console.dll, AssemblyResolver.AddSearchDirectories: Adding more searchDirectories C:\Program Files\dotnet\sdk\7.0.101\Extensions,C:\Program Files\dotnet\sdk\7.0.101
TpTrace Information: 0 : 29644, 1, 2022/12/19, 10:53:54.187, 3512139531237, vstest.console.dll, AssemblyResolver.AddSearchDirectories: Adding more searchDirectories C:\Program Files\dotnet\sdk\7.0.101\Extensions,C:\Program Files\dotnet\sdk\7.0.101
TpTrace Information: 0 : 29644, 1, 2022/12/19, 10:53:54.187, 3512139531529, vstest.console.dll, AssemblyResolver.AddSearchDirectories: Adding more searchDirectories C:\Program Files\dotnet\sdk\7.0.101\Extensions,C:\Program Files\dotnet\sdk\7.0.101
TpTrace Information: 0 : 29644, 1, 2022/12/19, 10:53:54.187, 3512139531811, vstest.console.dll, AssemblyResolver.AddSearchDirectories: Adding more searchDirectories C:\Program Files\dotnet\sdk\7.0.101\Extensions,C:\Program Files\dotnet\sdk\7.0.101
TpTrace Information: 0 : 29644, 1, 2022/12/19, 10:53:54.187, 3512139532134, vstest.console.dll, AssemblyResolver.AddSearchDirectories: Adding more searchDirectories C:\Program Files\dotnet\sdk\7.0.101\Extensions,C:\Program Files\dotnet\sdk\7.0.101
TpTrace Information: 0 : 29644, 1, 2022/12/19, 10:53:54.187, 3512139532416, vstest.console.dll, AssemblyResolver.AddSearchDirectories: Adding more searchDirectories C:\Program Files\dotnet\sdk\7.0.101\Extensions,C:\Program Files\dotnet\sdk\7.0.101
TpTrace Verbose: 0 : 29644, 1, 2022/12/19, 10:53:54.187, 3512139533384, vstest.console.dll, MetadataReaderExtensionsHelper: Discovering extensions inside assembly 'Microsoft.Diagnostics.NETCore.Client, Version=0.2.6.42401, Culture=neutral, PublicKeyToken=31bf3856ad364e35' file path 'C:\Program Files\dotnet\sdk\7.0.101\Extensions\Microsoft.Diagnostics.NETCore.Client.dll'
TpTrace Information: 0 : 29644, 1, 2022/12/19, 10:53:54.188, 3512139542858, vstest.console.dll, AssemblyResolver.OnResolve: Microsoft.Bcl.AsyncInterfaces: Resolving assembly.
TpTrace Information: 0 : 29644, 1, 2022/12/19, 10:53:54.188, 3512139543398, vstest.console.dll, AssemblyResolver.OnResolve: Microsoft.Bcl.AsyncInterfaces: Resolved from cache.
TpTrace Verbose: 0 : 29644, 1, 2022/12/19, 10:53:54.189, 3512139543694, vstest.console.dll, CurrentDomainAssemblyResolve: Resolving assembly 'Microsoft.Bcl.AsyncInterfaces'.
TpTrace Information: 0 : 29644, 1, 2022/12/19, 10:53:54.189, 3512139544121, vstest.console.dll, AssemblyResolver.OnResolve: Microsoft.Bcl.AsyncInterfaces: Resolving assembly.
TpTrace Information: 0 : 29644, 1, 2022/12/19, 10:53:54.189, 3512139544416, vstest.console.dll, AssemblyResolver.OnResolve: Microsoft.Bcl.AsyncInterfaces: Resolved from cache.
TpTrace Verbose: 0 : 29644, 1, 2022/12/19, 10:53:54.189, 3512139544724, vstest.console.dll, CurrentDomainAssemblyResolve: Resolving assembly 'Microsoft.Bcl.AsyncInterfaces'.
TpTrace Verbose: 0 : 29644, 1, 2022/12/19, 10:53:54.189, 3512139544985, vstest.console.dll, CurrentDomainAssemblyResolve: Failed to resolve assembly 'Microsoft.Bcl.AsyncInterfaces'.
TpTrace Verbose: 0 : 29644, 1, 2022/12/19, 10:53:54.189, 3512139546260, vstest.console.dll, CurrentDomainAssemblyResolve: Failed to resolve assembly 'Microsoft.Bcl.AsyncInterfaces'.
TpTrace Warning: 0 : 29644, 1, 2022/12/19, 10:53:54.189, 3512139549050, vstest.console.dll, TestPluginDiscoverer: Failed to get types from assembly 'Microsoft.Diagnostics.NETCore.Client, Version=0.2.6.42401, Culture=neutral, PublicKeyToken=31bf3856ad364e35'. Error: System.Reflection.ReflectionTypeLoadException: Unable to load one or more of the requested types.
Could not load file or assembly 'Microsoft.Bcl.AsyncInterfaces, Version=1.0.0.0, Culture=neutral, PublicKeyToken=cc7b13ffcd2ddd51'. The system cannot find the file specified.
   at System.Reflection.RuntimeModule.GetTypes(RuntimeModule module)
   at System.Reflection.Assembly.GetTypes()
   at Microsoft.VisualStudio.TestPlatform.Common.ExtensionFramework.TestPluginDiscoverer.GetTestExtensionsFromAssembly[TPluginInfo,TExtension](Assembly assembly, Dictionary`2 pluginInfos, String filePath)
System.IO.FileNotFoundException: Could not load file or assembly 'Microsoft.Bcl.AsyncInterfaces, Version=1.0.0.0, Culture=neutral, PublicKeyToken=cc7b13ffcd2ddd51'. The system cannot find the file specified.
File name: 'Microsoft.Bcl.AsyncInterfaces, Version=1.0.0.0, Culture=neutral, PublicKeyToken=cc7b13ffcd2ddd51'
 ---> System.IO.FileNotFoundException: Could not load file or assembly 'Microsoft.Bcl.AsyncInterfaces, Culture=neutral, PublicKeyToken=null'. The system cannot find the file specified.
File name: 'Microsoft.Bcl.AsyncInterfaces, Culture=neutral, PublicKeyToken=null'
   at System.Reflection.RuntimeAssembly.InternalLoad(AssemblyName assemblyName, StackCrawlMark& stackMark, AssemblyLoadContext assemblyLoadContext, RuntimeAssembly requestingAssembly, Boolean throwOnFileNotFound)
   at System.Reflection.Assembly.Load(AssemblyName assemblyRef)
   at Microsoft.VisualStudio.TestPlatform.Common.ExtensionFramework.TestPluginCache.CurrentDomainAssemblyResolve(Object sender, AssemblyResolveEventArgs args)
   at System.Runtime.Loader.AssemblyLoadContext.GetFirstResolvedAssemblyFromResolvingEvent(AssemblyName assemblyName)
   at System.Runtime.Loader.AssemblyLoadContext.ResolveUsingEvent(AssemblyName assemblyName)
   at System.Runtime.Loader.AssemblyLoadContext.ResolveUsingResolvingEvent(IntPtr gchManagedAssemblyLoadContext, AssemblyName assemblyName)
TpTrace Warning: 0 : 29644, 1, 2022/12/19, 10:53:54.189, 3512139551668, vstest.console.dll, LoaderExceptions: System.IO.FileNotFoundException: Could not load file or assembly 'Microsoft.Bcl.AsyncInterfaces, Version=1.0.0.0, Culture=neutral, PublicKeyToken=cc7b13ffcd2ddd51'. The system cannot find the file specified.
File name: 'Microsoft.Bcl.AsyncInterfaces, Version=1.0.0.0, Culture=neutral, PublicKeyToken=cc7b13ffcd2ddd51'
 ---> System.IO.FileNotFoundException: Could not load file or assembly 'Microsoft.Bcl.AsyncInterfaces, Culture=neutral, PublicKeyToken=null'. The system cannot find the file specified.
File name: 'Microsoft.Bcl.AsyncInterfaces, Culture=neutral, PublicKeyToken=null'
   at System.Reflection.RuntimeAssembly.InternalLoad(AssemblyName assemblyName, StackCrawlMark& stackMark, AssemblyLoadContext assemblyLoadContext, RuntimeAssembly requestingAssembly, Boolean throwOnFileNotFound)
   at System.Reflection.Assembly.Load(AssemblyName assemblyRef)
   at Microsoft.VisualStudio.TestPlatform.Common.ExtensionFramework.TestPluginCache.CurrentDomainAssemblyResolve(Object sender, AssemblyResolveEventArgs args)
   at System.Runtime.Loader.AssemblyLoadContext.GetFirstResolvedAssemblyFromResolvingEvent(AssemblyName assemblyName)
   at System.Runtime.Loader.AssemblyLoadContext.ResolveUsingEvent(AssemblyName assemblyName)
   at System.Runtime.Loader.AssemblyLoadContext.ResolveUsingResolvingEvent(IntPtr gchManagedAssemblyLoadContext, AssemblyName assemblyName)
TpTrace Verbose: 0 : 29644, 1, 2022/12/19, 10:53:54.189, 3512139552989, vstest.console.dll, MetadataReaderExtensionsHelper: Discovering extensions inside assembly 'Microsoft.TestPlatform.Extensions.BlameDataCollector, Version=15.0.0.0, Culture=neutral, PublicKeyToken=b03f5f7f11d50a3a' file path 'C:\Program Files\dotnet\sdk\7.0.101\Extensions\Microsoft.TestPlatform.Extensions.BlameDataCollector.dll'
TpTrace Information: 0 : 29644, 1, 2022/12/19, 10:53:54.191, 3512139563738, vstest.console.dll, GetTestExtensionFromType: Register extension with identifier data 'logger://Microsoft/TestPlatform/Extensions/Blame/v1' and type 'Microsoft.TestPlatform.Extensions.BlameDataCollector.BlameLogger, Microsoft.TestPlatform.Extensions.BlameDataCollector, Version=15.0.0.0, Culture=neutral, PublicKeyToken=b03f5f7f11d50a3a' inside file 'C:\Program Files\dotnet\sdk\7.0.101\Extensions\Microsoft.TestPlatform.Extensions.BlameDataCollector.dll'
TpTrace Verbose: 0 : 29644, 1, 2022/12/19, 10:53:54.191, 3512139565157, vstest.console.dll, MetadataReaderExtensionsHelper: Discovering extensions inside assembly 'Microsoft.TestPlatform.Extensions.EventLogCollector, Version=15.0.0.0, Culture=neutral, PublicKeyToken=b03f5f7f11d50a3a' file path 'C:\Program Files\dotnet\sdk\7.0.101\Extensions\Microsoft.TestPlatform.Extensions.EventLogCollector.dll'
TpTrace Verbose: 0 : 29644, 1, 2022/12/19, 10:53:54.191, 3512139571729, vstest.console.dll, MetadataReaderExtensionsHelper: Discovering extensions inside assembly 'Microsoft.TestPlatform.TestHostRuntimeProvider, Version=15.0.0.0, Culture=neutral, PublicKeyToken=b03f5f7f11d50a3a' file path 'C:\Program Files\dotnet\sdk\7.0.101\Extensions\Microsoft.TestPlatform.TestHostRuntimeProvider.dll'
TpTrace Verbose: 0 : 29644, 1, 2022/12/19, 10:53:54.192, 3512139578559, vstest.console.dll, MetadataReaderExtensionsHelper: Discovering extensions inside assembly 'Microsoft.VisualStudio.TestPlatform.Extensions.Html.TestLogger, Version=15.0.0.0, Culture=neutral, PublicKeyToken=b03f5f7f11d50a3a' file path 'C:\Program Files\dotnet\sdk\7.0.101\Extensions\Microsoft.VisualStudio.TestPlatform.Extensions.Html.TestLogger.dll'
TpTrace Information: 0 : 29644, 1, 2022/12/19, 10:53:54.193, 3512139587111, vstest.console.dll, GetTestExtensionFromType: Register extension with identifier data 'logger://Microsoft/TestPlatform/HtmlLogger/v1' and type 'Microsoft.VisualStudio.TestPlatform.Extensions.HtmlLogger.HtmlLogger, Microsoft.VisualStudio.TestPlatform.Extensions.Html.TestLogger, Version=15.0.0.0, Culture=neutral, PublicKeyToken=b03f5f7f11d50a3a' inside file 'C:\Program Files\dotnet\sdk\7.0.101\Extensions\Microsoft.VisualStudio.TestPlatform.Extensions.Html.TestLogger.dll'
TpTrace Verbose: 0 : 29644, 1, 2022/12/19, 10:53:54.193, 3512139587871, vstest.console.dll, MetadataReaderExtensionsHelper: Discovering extensions inside assembly 'Microsoft.VisualStudio.TestPlatform.Extensions.Trx.TestLogger, Version=15.0.0.0, Culture=neutral, PublicKeyToken=b03f5f7f11d50a3a' file path 'C:\Program Files\dotnet\sdk\7.0.101\Extensions\Microsoft.VisualStudio.TestPlatform.Extensions.Trx.TestLogger.dll'
TpTrace Information: 0 : 29644, 1, 2022/12/19, 10:53:54.194, 3512139593763, vstest.console.dll, GetTestExtensionFromType: Register extension with identifier data 'logger://Microsoft/TestPlatform/TrxLogger/v1' and type 'Microsoft.VisualStudio.TestPlatform.Extensions.TrxLogger.TrxLogger, Microsoft.VisualStudio.TestPlatform.Extensions.Trx.TestLogger, Version=15.0.0.0, Culture=neutral, PublicKeyToken=b03f5f7f11d50a3a' inside file 'C:\Program Files\dotnet\sdk\7.0.101\Extensions\Microsoft.VisualStudio.TestPlatform.Extensions.Trx.TestLogger.dll'
TpTrace Verbose: 0 : 29644, 1, 2022/12/19, 10:53:54.194, 3512139594679, vstest.console.dll, TestPluginCache: Discovered the extensions using extension path ''.
TpTrace Verbose: 0 : 29644, 1, 2022/12/19, 10:53:54.194, 3512139595036, vstest.console.dll, TestPluginCache: Discoverers are ''.
TpTrace Verbose: 0 : 29644, 1, 2022/12/19, 10:53:54.194, 3512139595298, vstest.console.dll, TestPluginCache: Executors are ''.
TpTrace Verbose: 0 : 29644, 1, 2022/12/19, 10:53:54.194, 3512139595543, vstest.console.dll, TestPluginCache: Executors2 are ''.
TpTrace Verbose: 0 : 29644, 1, 2022/12/19, 10:53:54.194, 3512139595781, vstest.console.dll, TestPluginCache: Setting providers are ''.
TpTrace Verbose: 0 : 29644, 1, 2022/12/19, 10:53:54.194, 3512139596470, vstest.console.dll, TestPluginCache: Loggers are 'logger://Microsoft/TestPlatform/Extensions/Blame/v1,logger://Microsoft/TestPlatform/HtmlLogger/v1,logger://Microsoft/TestPlatform/TrxLogger/v1'.
TpTrace Verbose: 0 : 29644, 1, 2022/12/19, 10:53:54.194, 3512139597299, vstest.console.dll, TestPluginCache: TestHosts are 'HostProvider://DefaultTestHost,HostProvider://DotnetTestHost'.
TpTrace Verbose: 0 : 29644, 1, 2022/12/19, 10:53:54.194, 3512139597635, vstest.console.dll, TestPluginCache: DataCollectors are ''.
TpTrace Information: 0 : 29644, 1, 2022/12/19, 10:53:54.195, 3512139606122, vstest.console.dll, TestPluginManager.CreateTestExtension: Attempting to load test extension: Microsoft.TestPlatform.Extensions.BlameDataCollector.BlameLogger
TpTrace Verbose: 0 : 29644, 1, 2022/12/19, 10:53:54.204, 3512139697918, vstest.console.dll, TestEngine: Initializing Parallel Execution as MaxCpuCount is set to: 1
TpTrace Information: 0 : 29644, 1, 2022/12/19, 10:53:54.207, 3512139728682, vstest.console.dll, TestPluginManager.CreateTestExtension: Attempting to load test extension: Microsoft.VisualStudio.TestPlatform.CrossPlatEngine.Hosting.DefaultTestHostManager
TpTrace Information: 0 : 29644, 1, 2022/12/19, 10:53:54.209, 3512139748153, vstest.console.dll, TestPluginManager.CreateTestExtension: Attempting to load test extension: Microsoft.VisualStudio.TestPlatform.CrossPlatEngine.Hosting.DotnetTestHostManager
TpTrace Information: 0 : 29644, 1, 2022/12/19, 10:53:54.210, 3512139761607, vstest.console.dll, InferRunSettingsHelper.IsTestSettingsEnabled: Unable to navigate to RunSettings/MSTest. Current node: RunSettings
TpTrace Verbose: 0 : 29644, 1, 2022/12/19, 10:53:54.216, 3512139813614, vstest.console.dll, TestEngine.GetExecutionManager: Chosen execution manager 'Microsoft.VisualStudio.TestPlatform.CrossPlatEngine.Client.Parallel.ParallelProxyExecutionManager, Microsoft.TestPlatform.CrossPlatEngine, Version=15.0.0.0, Culture=neutral, PublicKeyToken=b03f5f7f11d50a3a' ParallelLevel '1'.
TpTrace Verbose: 0 : 29644, 1, 2022/12/19, 10:53:54.216, 3512139816056, vstest.console.dll, TestRunRequest.ExecuteAsync: Creating test run request.
TpTrace Verbose: 0 : 29644, 1, 2022/12/19, 10:53:54.216, 3512139819641, vstest.console.dll, TestRunRequest.ExecuteAsync: Starting.
TpTrace Information: 0 : 29644, 1, 2022/12/19, 10:53:54.217, 3512139824735, vstest.console.dll, TestRunRequest.ExecuteAsync: Starting run with settings:TestRunCriteria:
   KeepAlive=False,FrequencyOfRunStatsChangeEvent=10,RunStatsChangeEventTimeout=00:00:01.5000000,TestCaseFilter=,TestExecutorLauncher=
   Settingsxml=<RunSettings>
  <RunConfiguration>
    <ResultsDirectory>C:\Users\HP\OneDrive\Documents\projects\tdd\Pragmatic-Test-Driven-Development-in-C-Sharp-and-NET\UqsMathLib\Uqs.Arithmetic.Tests.Unit\bin\Debug\net6.0\fine-code-coverage\coverage-tool-output</ResultsDirectory>
    <TargetPlatform>X64</TargetPlatform>
    <TargetFrameworkVersion>.NETCoreApp,Version=v6.0</TargetFrameworkVersion>
    <DesignMode>False</DesignMode>
    <CollectSourceInformation>False</CollectSourceInformation>
  </RunConfiguration>
  <LoggerRunSettings>
    <Loggers>
      <Logger friendlyName="blame" enabled="True" />
      <Logger friendlyName="Console" uri="logger://microsoft/TestPlatform/ConsoleLogger/v1" assemblyQualifiedName="Microsoft.VisualStudio.TestPlatform.CommandLine.Internal.ConsoleLogger, vstest.console, Version=15.0.0.0, Culture=neutral, PublicKeyToken=b03f5f7f11d50a3a" codeBase="C:\Program Files\dotnet\sdk\7.0.101\vstest.console.dll" enabled="True" />
    </Loggers>
  </LoggerRunSettings>
  <DataCollectionRunSettings>
    <DataCollectors>
      <DataCollector friendlyName="blame" enabled="True">
        <Configuration>
          <ResultsDirectory>C:\Users\HP\OneDrive\Documents\projects\tdd\Pragmatic-Test-Driven-Development-in-C-Sharp-and-NET\UqsMathLib\Uqs.Arithmetic.Tests.Unit\bin\Debug\net6.0\fine-code-coverage\coverage-tool-output</ResultsDirectory>
        </Configuration>
      </DataCollector>
    </DataCollectors>
  </DataCollectionRunSettings>
</RunSettings>

TpTrace Verbose: 0 : 29644, 1, 2022/12/19, 10:53:54.217, 3512139825745, vstest.console.dll, TestRunRequest.ExecuteAsync: Wait for the first run request is over.
TpTrace Verbose: 0 : 29644, 1, 2022/12/19, 10:53:54.217, 3512139829870, vstest.console.dll, MulticastDelegateUtilities.SafeInvoke: TestRun.TestRunStart: Invoking callbacks was skipped because there are no subscribers.
TpTrace Verbose: 0 : 29644, 4, 2022/12/19, 10:53:54.217, 3512139832519, vstest.console.dll, MulticastDelegateUtilities.SafeInvoke: InternalTestLoggerEvents.SendTestRunStart: Invoking callback 1/1 for Microsoft.VisualStudio.TestPlatform.CommandLine.Internal.ConsoleLogger., took 0 ms.
TpTrace Verbose: 0 : 29644, 1, 2022/12/19, 10:53:54.219, 3512139845749, vstest.console.dll, ParallelProxyExecutionManager: Start execution. Total sources: 1
TpTrace Verbose: 0 : 29644, 1, 2022/12/19, 10:53:54.221, 3512139866066, vstest.console.dll, TestRequestSender is acting as server.
TpTrace Verbose: 0 : 29644, 1, 2022/12/19, 10:53:54.223, 3512139892986, vstest.console.dll, DataCollectionRequestSender.InitializeCommunication : Initialize communication. 
TpTrace Information: 0 : 29644, 1, 2022/12/19, 10:53:54.231, 3512139971957, vstest.console.dll, Listening on Endpoint : 127.0.0.1:52828
TpTrace Verbose: 0 : 29644, 1, 2022/12/19, 10:53:54.241, 3512140064756, vstest.console.dll, DotnetDataCollectionLauncher: Adding  --runtimeconfig "C:\Program Files\dotnet\sdk\7.0.101\datacollector.runtimeconfig.json" in args
TpTrace Verbose: 0 : 29644, 1, 2022/12/19, 10:53:54.241, 3512140065977, vstest.console.dll, DotnetDataCollectionLauncher: Adding  --depsfile "C:\Program Files\dotnet\sdk\7.0.101\datacollector.deps.json" in args
TpTrace Verbose: 0 : 29644, 1, 2022/12/19, 10:53:54.241, 3512140068345, vstest.console.dll, DotnetDataCollectionLauncher: Full path of dotnet.exe is C:\Program Files\dotnet\dotnet.exe
TpTrace Information: 0 : 29644, 1, 2022/12/19, 10:53:54.247, 3512140127523, vstest.console.dll, ProxyDataCollectionManager.Initialize: Launched datacollector processId: 20032 port: 52828
TpTrace Information: 0 : 29644, 1, 2022/12/19, 10:53:54.247, 3512140129565, vstest.console.dll, ProxyDataCollectionManager.Initialize: waiting for connection with timeout: 90 seconds
TpTrace Verbose: 0 : 29644, 1, 2022/12/19, 10:53:54.247, 3512140130522, vstest.console.dll, DataCollectionRequestSender.WaitForRequestHandlerConnection : Waiting for connection with timeout: 90000
TpTrace Information: 0 : 29644, 7, 2022/12/19, 10:53:54.401, 3512141666446, vstest.console.dll, Using the buffer size of 16384 bytes
TpTrace Verbose: 0 : 29644, 1, 2022/12/19, 10:53:54.401, 3512141666778, vstest.console.dll, SocketCommunicationManager.WaitForClientConnection took: 153 ms, with 90000 ms timeout, and finished with True.
TpTrace Information: 0 : 29644, 7, 2022/12/19, 10:53:54.401, 3512141667765, vstest.console.dll, Accepted Client request and set the flag
TpTrace Verbose: 0 : 29644, 1, 2022/12/19, 10:53:54.401, 3512141669229, vstest.console.dll, ProxyDataCollectionManager.InvokeDataCollectionServiceAction: Starting.
TpTrace Information: 0 : 29644, 1, 2022/12/19, 10:53:54.401, 3512141670211, vstest.console.dll, ProxyDataCollectionManager.BeforeTestRunStart: Get environment variable and port for datacollector processId: 20032 port: 52828
TpTrace Verbose: 0 : 29644, 1, 2022/12/19, 10:53:54.401, 3512141671539, vstest.console.dll, DataCollectionRequestSender.SendBeforeTestRunStartAndGetResult: Send BeforeTestRunStart message with settingsXml <RunSettings><RunConfiguration><ResultsDirectory>C:\Users\HP\OneDrive\Documents\projects\tdd\Pragmatic-Test-Driven-Development-in-C-Sharp-and-NET\UqsMathLib\Uqs.Arithmetic.Tests.Unit\bin\Debug\net6.0\fine-code-coverage\coverage-tool-output</ResultsDirectory><TargetPlatform>X64</TargetPlatform><TargetFrameworkVersion>.NETCoreApp,Version=v6.0</TargetFrameworkVersion><DesignMode>False</DesignMode><CollectSourceInformation>False</CollectSourceInformation><TestAdaptersPaths>C:\Program Files\dotnet\sdk\7.0.101\Extensions</TestAdaptersPaths></RunConfiguration><LoggerRunSettings><Loggers><Logger friendlyName="blame" enabled="True" /><Logger friendlyName="Console" uri="logger://microsoft/TestPlatform/ConsoleLogger/v1" assemblyQualifiedName="Microsoft.VisualStudio.TestPlatform.CommandLine.Internal.ConsoleLogger, vstest.console, Version=15.0.0.0, Culture=neutral, PublicKeyToken=b03f5f7f11d50a3a" codeBase="C:\Program Files\dotnet\sdk\7.0.101\vstest.console.dll" enabled="True" /></Loggers></LoggerRunSettings><DataCollectionRunSettings><DataCollectors><DataCollector friendlyName="blame" enabled="True"><Configuration><ResultsDirectory>C:\Users\HP\OneDrive\Documents\projects\tdd\Pragmatic-Test-Driven-Development-in-C-Sharp-and-NET\UqsMathLib\Uqs.Arithmetic.Tests.Unit\bin\Debug\net6.0\fine-code-coverage\coverage-tool-output</ResultsDirectory></Configuration></DataCollector></DataCollectors></DataCollectionRunSettings></RunSettings> and sources System.Collections.Generic.List`1[System.String]: 
TpTrace Verbose: 0 : 29644, 1, 2022/12/19, 10:53:54.487, 3512142526028, vstest.console.dll, DataCollectionRequestSender.SendBeforeTestRunStartAndGetResult: Received message: (DataCollection.SendMessage) -> {"MessageType":"DataCollection.SendMessage","Payload":{"FriendlyName":null,"Uri":null,"TestCaseId":"00000000-0000-0000-0000-000000000000","Message":"Logging DataCollector Diagnostics in file: C:\\Users\\HP\\OneDrive\\Documents\\projects\\tdd\\Pragmatic-Test-Driven-Development-in-C-Sharp-and-NET\\UqsMathLib\\Uqs.Arithmetic.Tests.Unit\\bin\\Debug\\net6.0\\fine-code-coverage\\coverage-tool-output\\diagnostics.datacollector.22-12-19_10-53-54_24083_1.log","Level":0}}
TpTrace Verbose: 0 : 29644, 1, 2022/12/19, 10:53:54.564, 3512143301038, vstest.console.dll, DataCollectionRequestSender.SendBeforeTestRunStartAndGetResult: Received message: (DataCollection.BeforeTestRunStartResult) -> {"MessageType":"DataCollection.BeforeTestRunStartResult","Payload":{"EnvironmentVariables":{},"DataCollectionEventsPort":52831}}
TpTrace Information: 0 : 29644, 1, 2022/12/19, 10:53:54.569, 3512143345318, vstest.console.dll, ProxyDataCollectionManager.BeforeTestRunStart: SendBeforeTestRunStartAndGetResult successful, env variable from datacollector:   and testhost port: 52831
TpTrace Information: 0 : 29644, 1, 2022/12/19, 10:53:54.569, 3512143346300, vstest.console.dll, ProxyDataCollectionManager.InvokeDataCollectionServiceAction: Completed.
TpTrace Verbose: 0 : 29644, 7, 2022/12/19, 10:53:54.569, 3512143347348, vstest.console.dll, ParallelProxyExecutionManager: Execution started. Started clients: 1
TpTrace Verbose: 0 : 29644, 1, 2022/12/19, 10:53:54.569, 3512143347573, vstest.console.dll, ProxyParallelExecutionManager: No sources available for execution.
TpTrace Information: 0 : 29644, 1, 2022/12/19, 10:53:54.569, 3512143348939, vstest.console.dll, TestRunRequest.ExecuteAsync: Started.
TpTrace Verbose: 0 : 29644, 1, 2022/12/19, 10:53:54.569, 3512143349753, vstest.console.dll, TestRunRequest.WaitForCompletion: Waiting with timeout -1.
TpTrace Verbose: 0 : 29644, 7, 2022/12/19, 10:53:54.569, 3512143349751, vstest.console.dll, TestRunRequest:SendTestRunMessage: Starting.
TpTrace Verbose: 0 : 29644, 7, 2022/12/19, 10:53:54.569, 3512143351480, vstest.console.dll, MulticastDelegateUtilities.SafeInvoke: TestRun.LogMessages: Invoking callback 1/1 for Microsoft.VisualStudio.TestPlatform.CommandLine.TestRunResultAggregator., took 0 ms.
TpTrace Information: 0 : 29644, 7, 2022/12/19, 10:53:54.569, 3512143351869, vstest.console.dll, TestRunRequest:SendTestRunMessage: Completed.
TpTrace Verbose: 0 : 29644, 7, 2022/12/19, 10:53:54.570, 3512143353518, vstest.console.dll, ProxyExecutionManager: Test host is always Lazy initialize.
TpTrace Verbose: 0 : 29644, 4, 2022/12/19, 10:53:54.570, 3512143353510, vstest.console.dll, MulticastDelegateUtilities.SafeInvoke: InternalTestLoggerEvents.SendTestRunMessage: Invoking callback 1/1 for Microsoft.VisualStudio.TestPlatform.CommandLine.Internal.ConsoleLogger., took 0 ms.
TpTrace Verbose: 0 : 29644, 7, 2022/12/19, 10:53:54.570, 3512143355931, vstest.console.dll, TestRequestSender.InitializeCommunication: initialize communication. 
TpTrace Information: 0 : 29644, 7, 2022/12/19, 10:53:54.570, 3512143360437, vstest.console.dll, SocketServer.Start: Listening on endpoint : 127.0.0.1:52832
TpTrace Verbose: 0 : 29644, 7, 2022/12/19, 10:53:54.571, 3512143367899, vstest.console.dll, DotnetTestHostmanager.GetTestHostProcessStartInfo: Platform environment 'X64' target architecture 'X64' framework '.NETCoreApp,Version=v6.0' OS 'Windows'
TpTrace Verbose: 0 : 29644, 7, 2022/12/19, 10:53:54.571, 3512143369955, vstest.console.dll, DotnetTestHostmanager: Adding  --runtimeconfig "C:\Users\HP\OneDrive\Documents\projects\tdd\Pragmatic-Test-Driven-Development-in-C-Sharp-and-NET\UqsMathLib\Uqs.Arithmetic.Tests.Unit\bin\Debug\net6.0\fine-code-coverage\build-output\Uqs.Arithmetic.Tests.Unit.runtimeconfig.json" in args
TpTrace Verbose: 0 : 29644, 7, 2022/12/19, 10:53:54.571, 3512143370881, vstest.console.dll, DotnetTestHostmanager: Adding  --depsfile "C:\Users\HP\OneDrive\Documents\projects\tdd\Pragmatic-Test-Driven-Development-in-C-Sharp-and-NET\UqsMathLib\Uqs.Arithmetic.Tests.Unit\bin\Debug\net6.0\fine-code-coverage\build-output\Uqs.Arithmetic.Tests.Unit.deps.json" in args
TpTrace Verbose: 0 : 29644, 7, 2022/12/19, 10:53:54.571, 3512143372379, vstest.console.dll, DotnetTestHostmanager.IsWinOnArm: Current PROCESSOR_ARCHITECTURE from environment variable 'AMD64'
TpTrace Verbose: 0 : 29644, 7, 2022/12/19, 10:53:54.571, 3512143372880, vstest.console.dll, DotnetTestHostmanager.IsWinOnArm: Is Windows on ARM 'False'
TpTrace Verbose: 0 : 29644, 7, 2022/12/19, 10:53:54.572, 3512143373661, vstest.console.dll, DotnetTestHostManager: testhost.exe found at path: C:\Users\HP\OneDrive\Documents\projects\tdd\Pragmatic-Test-Driven-Development-in-C-Sharp-and-NET\UqsMathLib\Uqs.Arithmetic.Tests.Unit\bin\Debug\net6.0\fine-code-coverage\build-output\testhost.exe
TpTrace Verbose: 0 : 29644, 7, 2022/12/19, 10:53:54.572, 3512143374075, vstest.console.dll, DotnetTestHostmanager: Full path of host exe is C:\Users\HP\OneDrive\Documents\projects\tdd\Pragmatic-Test-Driven-Development-in-C-Sharp-and-NET\UqsMathLib\Uqs.Arithmetic.Tests.Unit\bin\Debug\net6.0\fine-code-coverage\build-output\testhost.exe
TpTrace Verbose: 0 : 29644, 7, 2022/12/19, 10:53:54.572, 3512143375130, vstest.console.dll, DotnetTestHostmanager.LaunchTestHostAsync: Found 'VSTEST_WINAPPHOST_DOTNET_ROOT' in env variables, value 'C:\Program Files\dotnet', forwarding to 'DOTNET_ROOT'
TpTrace Verbose: 0 : 29644, 7, 2022/12/19, 10:53:54.572, 3512143376681, vstest.console.dll, DotnetTestHostManager: Starting process 'C:\Users\HP\OneDrive\Documents\projects\tdd\Pragmatic-Test-Driven-Development-in-C-Sharp-and-NET\UqsMathLib\Uqs.Arithmetic.Tests.Unit\bin\Debug\net6.0\fine-code-coverage\build-output\testhost.exe' with command line ' --runtimeconfig "C:\Users\HP\OneDrive\Documents\projects\tdd\Pragmatic-Test-Driven-Development-in-C-Sharp-and-NET\UqsMathLib\Uqs.Arithmetic.Tests.Unit\bin\Debug\net6.0\fine-code-coverage\build-output\Uqs.Arithmetic.Tests.Unit.runtimeconfig.json" --depsfile "C:\Users\HP\OneDrive\Documents\projects\tdd\Pragmatic-Test-Driven-Development-in-C-Sharp-and-NET\UqsMathLib\Uqs.Arithmetic.Tests.Unit\bin\Debug\net6.0\fine-code-coverage\build-output\Uqs.Arithmetic.Tests.Unit.deps.json" --port 52832 --endpoint 127.0.0.1:052832 --role client --parentprocessid 29644 --diag "C:\Users\HP\OneDrive\Documents\projects\tdd\Pragmatic-Test-Driven-Development-in-C-Sharp-and-NET\UqsMathLib\Uqs.Arithmetic.Tests.Unit\bin\Debug\net6.0\fine-code-coverage\coverage-tool-output\diagnostics.host.22-12-19_10-53-54_57107_7.log" --tracelevel 4 --datacollectionport 52831 --telemetryoptedin false'
TpTrace Verbose: 0 : 29644, 7, 2022/12/19, 10:53:54.577, 3512143433103, vstest.console.dll, MulticastDelegateUtilities.SafeInvoke: HostProviderEvents.OnHostLaunched: Invoking callback 1/2 for Microsoft.VisualStudio.TestPlatform.CrossPlatEngine.Client.ProxyExecutionManagerWithDataCollection., took 1 ms.
TpTrace Verbose: 0 : 29644, 7, 2022/12/19, 10:53:54.578, 3512143436882, vstest.console.dll, Test Runtime launched
TpTrace Verbose: 0 : 29644, 7, 2022/12/19, 10:53:54.578, 3512143437702, vstest.console.dll, MulticastDelegateUtilities.SafeInvoke: HostProviderEvents.OnHostLaunched: Invoking callback 2/2 for Microsoft.VisualStudio.TestPlatform.CrossPlatEngine.Client.ProxyOperationManager., took 0 ms.
TpTrace Verbose: 0 : 29644, 7, 2022/12/19, 10:53:54.578, 3512143439473, vstest.console.dll, TestRequestSender.WaitForRequestHandlerConnection: waiting for connection with timeout: 90000.
TpTrace Verbose: 0 : 29644, 10, 2022/12/19, 10:53:54.750, 3512145163443, vstest.console.dll, MulticastDelegateUtilities.SafeInvoke: SocketServer: ClientConnected: Invoking callback 1/1 for Microsoft.VisualStudio.TestPlatform.CommunicationUtilities.TestRequestSender., took 0 ms.
TpTrace Verbose: 0 : 29644, 10, 2022/12/19, 10:53:54.751, 3512145164710, vstest.console.dll, SocketServer.OnClientConnected: Client connected for endPoint: 127.0.0.1:52832, starting MessageLoopAsync:
TpTrace Verbose: 0 : 29644, 7, 2022/12/19, 10:53:54.751, 3512145163650, vstest.console.dll, TestRequestSender.WaitForRequestHandlerConnection: waiting took 172 ms, with timeout 90000 ms, and result 0, which is success.
TpTrace Verbose: 0 : 29644, 10, 2022/12/19, 10:53:54.751, 3512145167003, vstest.console.dll, TcpClientExtensions.MessageLoopAsync: Polling on remoteEndPoint: 127.0.0.1:52833 localEndPoint: 127.0.0.1:52832
TpTrace Verbose: 0 : 29644, 7, 2022/12/19, 10:53:54.751, 3512145173093, vstest.console.dll, TestRequestSender.CheckVersionWithTestHost: Sending check version message: {"MessageType":"ProtocolVersion","Payload":7}
TpTrace Verbose: 0 : 29644, 10, 2022/12/19, 10:53:54.874, 3512146398327, vstest.console.dll, TcpClientExtensions.MessageLoopAsync: NotifyDataAvailable remoteEndPoint: 127.0.0.1:52833 localEndPoint: 127.0.0.1:52832
TpTrace Verbose: 0 : 29644, 10, 2022/12/19, 10:53:54.874, 3512146401118, vstest.console.dll, TestRequestSender.CheckVersionWithTestHost: onMessageReceived received message: (ProtocolVersion) -> {"MessageType":"ProtocolVersion","Payload":7}
TpTrace Verbose: 0 : 29644, 10, 2022/12/19, 10:53:54.875, 3512146406860, vstest.console.dll, MulticastDelegateUtilities.SafeInvoke: LengthPrefixCommunicationChannel: MessageReceived: Invoking callback 1/1 for Microsoft.VisualStudio.TestPlatform.CommunicationUtilities.TestRequestSender+<>c__DisplayClass26_0., took 0 ms.
TpTrace Verbose: 0 : 29644, 10, 2022/12/19, 10:53:54.875, 3512146407737, vstest.console.dll, TcpClientExtensions.MessageLoopAsync: Polling on remoteEndPoint: 127.0.0.1:52833 localEndPoint: 127.0.0.1:52832
TpTrace Verbose: 0 : 29644, 7, 2022/12/19, 10:53:54.875, 3512146407903, vstest.console.dll, TestPluginCache.GetExtensionPaths: Filtered extension paths: 
TpTrace Verbose: 0 : 29644, 7, 2022/12/19, 10:53:54.875, 3512146408705, vstest.console.dll, TestPluginCache.GetExtensionPaths: Added default extension paths: C:\Program Files\dotnet\sdk\7.0.101\Extensions\Microsoft.Diagnostics.NETCore.Client.dll
C:\Program Files\dotnet\sdk\7.0.101\Extensions\Microsoft.TestPlatform.Extensions.BlameDataCollector.dll
C:\Program Files\dotnet\sdk\7.0.101\Extensions\Microsoft.TestPlatform.Extensions.EventLogCollector.dll
C:\Program Files\dotnet\sdk\7.0.101\Extensions\Microsoft.TestPlatform.TestHostRuntimeProvider.dll
C:\Program Files\dotnet\sdk\7.0.101\Extensions\Microsoft.VisualStudio.TestPlatform.Extensions.Html.TestLogger.dll
C:\Program Files\dotnet\sdk\7.0.101\Extensions\Microsoft.VisualStudio.TestPlatform.Extensions.Trx.TestLogger.dll
TpTrace Verbose: 0 : 29644, 7, 2022/12/19, 10:53:54.875, 3512146409106, vstest.console.dll, TestPluginCache.GetExtensionPaths: Added unfilterableExtensionPaths: 
TpTrace Verbose: 0 : 29644, 7, 2022/12/19, 10:53:54.878, 3512146441379, vstest.console.dll, TestRequestSender.InitializeExecution: Sending initialize execution with message: {"Version":7,"MessageType":"TestExecution.Initialize","Payload":["C:\\Users\\HP\\OneDrive\\Documents\\projects\\tdd\\Pragmatic-Test-Driven-Development-in-C-Sharp-and-NET\\UqsMathLib\\Uqs.Arithmetic.Tests.Unit\\bin\\Debug\\net6.0\\fine-code-coverage\\build-output\\xunit.runner.visualstudio.dotnetcore.testadapter.dll"]}
TpTrace Warning: 0 : 29644, 7, 2022/12/19, 10:53:54.879, 3512146446009, vstest.console.dll, InferRunSettingsHelper.MakeRunsettingsCompatible: Removing the following settings: TargetPlatform from RunSettings file. To use those settings please move to latest version of Microsoft.NET.Test.Sdk
TpTrace Verbose: 0 : 29644, 10, 2022/12/19, 10:53:54.880, 3512146455122, vstest.console.dll, TcpClientExtensions.MessageLoopAsync: NotifyDataAvailable remoteEndPoint: 127.0.0.1:52833 localEndPoint: 127.0.0.1:52832
TpTrace Verbose: 0 : 29644, 10, 2022/12/19, 10:53:54.880, 3512146458866, vstest.console.dll, TestRequestSender.OnExecutionMessageReceived: Received message: {"Version":7,"MessageType":"TestSession.Message","Payload":{"MessageLevel":0,"Message":"Logging TestHost Diagnostics in file: C:\\Users\\HP\\OneDrive\\Documents\\projects\\tdd\\Pragmatic-Test-Driven-Development-in-C-Sharp-and-NET\\UqsMathLib\\Uqs.Arithmetic.Tests.Unit\\bin\\Debug\\net6.0\\fine-code-coverage\\coverage-tool-output\\diagnostics.host.22-12-19_10-53-54_57107_7.log"}}
TpTrace Verbose: 0 : 29644, 10, 2022/12/19, 10:53:54.882, 3512146482847, vstest.console.dll, TestRunRequest:SendTestRunMessage: Starting.
TpTrace Verbose: 0 : 29644, 10, 2022/12/19, 10:53:54.883, 3512146484527, vstest.console.dll, MulticastDelegateUtilities.SafeInvoke: TestRun.LogMessages: Invoking callback 1/1 for Microsoft.VisualStudio.TestPlatform.CommandLine.TestRunResultAggregator., took 0 ms.
TpTrace Information: 0 : 29644, 10, 2022/12/19, 10:53:54.883, 3512146484943, vstest.console.dll, TestRunRequest:SendTestRunMessage: Completed.
TpTrace Verbose: 0 : 29644, 4, 2022/12/19, 10:53:54.883, 3512146485135, vstest.console.dll, MulticastDelegateUtilities.SafeInvoke: InternalTestLoggerEvents.SendTestRunMessage: Invoking callback 1/1 for Microsoft.VisualStudio.TestPlatform.CommandLine.Internal.ConsoleLogger., took 0 ms.
TpTrace Verbose: 0 : 29644, 10, 2022/12/19, 10:53:54.883, 3512146485351, vstest.console.dll, MulticastDelegateUtilities.SafeInvoke: LengthPrefixCommunicationChannel: MessageReceived: Invoking callback 1/1 for Microsoft.VisualStudio.TestPlatform.CommunicationUtilities.TestRequestSender+<>c__DisplayClass31_0., took 2 ms.
TpTrace Verbose: 0 : 29644, 10, 2022/12/19, 10:53:54.883, 3512146486374, vstest.console.dll, TcpClientExtensions.MessageLoopAsync: Polling on remoteEndPoint: 127.0.0.1:52833 localEndPoint: 127.0.0.1:52832
TpTrace Verbose: 0 : 29644, 7, 2022/12/19, 10:53:54.886, 3512146518709, vstest.console.dll, TestRequestSender.StartTestRun: Sending test run with message: {"Version":7,"MessageType":"TestExecution.StartWithSources","Payload":{"AdapterSourceMap":{"_none_":["C:\\Users\\HP\\OneDrive\\Documents\\projects\\tdd\\Pragmatic-Test-Driven-Development-in-C-Sharp-and-NET\\UqsMathLib\\Uqs.Arithmetic.Tests.Unit\\bin\\Debug\\net6.0\\fine-code-coverage\\build-output\\Uqs.Arithmetic.Tests.Unit.dll"]},"RunSettings":"<RunSettings>\r\n  <RunConfiguration>\r\n    <ResultsDirectory>C:\\Users\\HP\\OneDrive\\Documents\\projects\\tdd\\Pragmatic-Test-Driven-Development-in-C-Sharp-and-NET\\UqsMathLib\\Uqs.Arithmetic.Tests.Unit\\bin\\Debug\\net6.0\\fine-code-coverage\\coverage-tool-output</ResultsDirectory>\r\n    <TargetFrameworkVersion>.NETCoreApp,Version=v6.0</TargetFrameworkVersion>\r\n    <DesignMode>False</DesignMode>\r\n    <CollectSourceInformation>False</CollectSourceInformation>\r\n  </RunConfiguration>\r\n  <LoggerRunSettings>\r\n    <Loggers>\r\n      <Logger friendlyName=\"blame\" enabled=\"True\" />\r\n      <Logger friendlyName=\"Console\" uri=\"logger://microsoft/TestPlatform/ConsoleLogger/v1\" assemblyQualifiedName=\"Microsoft.VisualStudio.TestPlatform.CommandLine.Internal.ConsoleLogger, vstest.console, Version=15.0.0.0, Culture=neutral, PublicKeyToken=b03f5f7f11d50a3a\" codeBase=\"C:\\Program Files\\dotnet\\sdk\\7.0.101\\vstest.console.dll\" enabled=\"True\" />\r\n    </Loggers>\r\n  </LoggerRunSettings>\r\n  <DataCollectionRunSettings>\r\n    <DataCollectors>\r\n      <DataCollector friendlyName=\"blame\" enabled=\"True\">\r\n        <Configuration>\r\n          <ResultsDirectory>C:\\Users\\HP\\OneDrive\\Documents\\projects\\tdd\\Pragmatic-Test-Driven-Development-in-C-Sharp-and-NET\\UqsMathLib\\Uqs.Arithmetic.Tests.Unit\\bin\\Debug\\net6.0\\fine-code-coverage\\coverage-tool-output</ResultsDirectory>\r\n        </Configuration>\r\n      </DataCollector>\r\n    </DataCollectors>\r\n  </DataCollectionRunSettings>\r\n</RunSettings>","TestExecutionContext":{"FrequencyOfRunStatsChangeEvent":10,"RunStatsChangeEventTimeout":"00:00:01.5000000","InIsolation":false,"KeepAlive":false,"AreTestCaseLevelEventsRequired":false,"IsDebug":false,"TestCaseFilter":null,"FilterOptions":null},"Package":null}}
TpTrace Verbose: 0 : 29644, 10, 2022/12/19, 10:53:55.038, 3512148039790, vstest.console.dll, TcpClientExtensions.MessageLoopAsync: NotifyDataAvailable remoteEndPoint: 127.0.0.1:52833 localEndPoint: 127.0.0.1:52832
TpTrace Verbose: 0 : 29644, 10, 2022/12/19, 10:53:55.038, 3512148041415, vstest.console.dll, TestRequestSender.OnExecutionMessageReceived: Received message: {"Version":7,"MessageType":"TestSession.Message","Payload":{"MessageLevel":0,"Message":"[xUnit.net 00:00:00.00] xUnit.net VSTest Adapter v2.4.5+1caef2f33e (64-bit .NET 6.0.12)"}}
TpTrace Verbose: 0 : 29644, 10, 2022/12/19, 10:53:55.039, 3512148043948, vstest.console.dll, TestRunRequest:SendTestRunMessage: Starting.
TpTrace Verbose: 0 : 29644, 10, 2022/12/19, 10:53:55.039, 3512148044721, vstest.console.dll, MulticastDelegateUtilities.SafeInvoke: TestRun.LogMessages: Invoking callback 1/1 for Microsoft.VisualStudio.TestPlatform.CommandLine.TestRunResultAggregator., took 0 ms.
TpTrace Information: 0 : 29644, 10, 2022/12/19, 10:53:55.039, 3512148045067, vstest.console.dll, TestRunRequest:SendTestRunMessage: Completed.
TpTrace Verbose: 0 : 29644, 10, 2022/12/19, 10:53:55.039, 3512148045403, vstest.console.dll, MulticastDelegateUtilities.SafeInvoke: LengthPrefixCommunicationChannel: MessageReceived: Invoking callback 1/1 for Microsoft.VisualStudio.TestPlatform.CommunicationUtilities.TestRequestSender+<>c__DisplayClass31_0., took 0 ms.
TpTrace Verbose: 0 : 29644, 4, 2022/12/19, 10:53:55.039, 3512148045381, vstest.console.dll, MulticastDelegateUtilities.SafeInvoke: InternalTestLoggerEvents.SendTestRunMessage: Invoking callback 1/1 for Microsoft.VisualStudio.TestPlatform.CommandLine.Internal.ConsoleLogger., took 0 ms.
TpTrace Verbose: 0 : 29644, 10, 2022/12/19, 10:53:55.039, 3512148045778, vstest.console.dll, TcpClientExtensions.MessageLoopAsync: Polling on remoteEndPoint: 127.0.0.1:52833 localEndPoint: 127.0.0.1:52832
TpTrace Verbose: 0 : 29644, 10, 2022/12/19, 10:53:55.406, 3512151718334, vstest.console.dll, TcpClientExtensions.MessageLoopAsync: NotifyDataAvailable remoteEndPoint: 127.0.0.1:52833 localEndPoint: 127.0.0.1:52832
TpTrace Verbose: 0 : 29644, 10, 2022/12/19, 10:53:55.406, 3512151720203, vstest.console.dll, TestRequestSender.OnExecutionMessageReceived: Received message: {"Version":7,"MessageType":"TestSession.Message","Payload":{"MessageLevel":0,"Message":"[xUnit.net 00:00:00.37]   Discovering: Uqs.Arithmetic.Tests.Unit"}}
TpTrace Verbose: 0 : 29644, 10, 2022/12/19, 10:53:55.406, 3512151721674, vstest.console.dll, TestRunRequest:SendTestRunMessage: Starting.
TpTrace Verbose: 0 : 29644, 10, 2022/12/19, 10:53:55.407, 3512151723872, vstest.console.dll, MulticastDelegateUtilities.SafeInvoke: TestRun.LogMessages: Invoking callback 1/1 for Microsoft.VisualStudio.TestPlatform.CommandLine.TestRunResultAggregator., took 0 ms.
TpTrace Verbose: 0 : 29644, 4, 2022/12/19, 10:53:55.407, 3512151723977, vstest.console.dll, MulticastDelegateUtilities.SafeInvoke: InternalTestLoggerEvents.SendTestRunMessage: Invoking callback 1/1 for Microsoft.VisualStudio.TestPlatform.CommandLine.Internal.ConsoleLogger., took 0 ms.
TpTrace Information: 0 : 29644, 10, 2022/12/19, 10:53:55.407, 3512151724865, vstest.console.dll, TestRunRequest:SendTestRunMessage: Completed.
TpTrace Verbose: 0 : 29644, 10, 2022/12/19, 10:53:55.407, 3512151726306, vstest.console.dll, MulticastDelegateUtilities.SafeInvoke: LengthPrefixCommunicationChannel: MessageReceived: Invoking callback 1/1 for Microsoft.VisualStudio.TestPlatform.CommunicationUtilities.TestRequestSender+<>c__DisplayClass31_0., took 0 ms.
TpTrace Verbose: 0 : 29644, 10, 2022/12/19, 10:53:55.407, 3512151727066, vstest.console.dll, TcpClientExtensions.MessageLoopAsync: Polling on remoteEndPoint: 127.0.0.1:52833 localEndPoint: 127.0.0.1:52832
TpTrace Verbose: 0 : 29644, 10, 2022/12/19, 10:53:55.456, 3512152219546, vstest.console.dll, TcpClientExtensions.MessageLoopAsync: NotifyDataAvailable remoteEndPoint: 127.0.0.1:52833 localEndPoint: 127.0.0.1:52832
TpTrace Verbose: 0 : 29644, 10, 2022/12/19, 10:53:55.456, 3512152220878, vstest.console.dll, TestRequestSender.OnExecutionMessageReceived: Received message: {"Version":7,"MessageType":"TestSession.Message","Payload":{"MessageLevel":0,"Message":"[xUnit.net 00:00:00.42]   Discovered:  Uqs.Arithmetic.Tests.Unit"}}
TpTrace Verbose: 0 : 29644, 10, 2022/12/19, 10:53:55.456, 3512152222068, vstest.console.dll, TestRunRequest:SendTestRunMessage: Starting.
TpTrace Verbose: 0 : 29644, 10, 2022/12/19, 10:53:55.456, 3512152222617, vstest.console.dll, MulticastDelegateUtilities.SafeInvoke: TestRun.LogMessages: Invoking callback 1/1 for Microsoft.VisualStudio.TestPlatform.CommandLine.TestRunResultAggregator., took 0 ms.
TpTrace Information: 0 : 29644, 10, 2022/12/19, 10:53:55.456, 3512152222925, vstest.console.dll, TestRunRequest:SendTestRunMessage: Completed.
TpTrace Verbose: 0 : 29644, 10, 2022/12/19, 10:53:55.456, 3512152223211, vstest.console.dll, MulticastDelegateUtilities.SafeInvoke: LengthPrefixCommunicationChannel: MessageReceived: Invoking callback 1/1 for Microsoft.VisualStudio.TestPlatform.CommunicationUtilities.TestRequestSender+<>c__DisplayClass31_0., took 0 ms.
TpTrace Verbose: 0 : 29644, 10, 2022/12/19, 10:53:55.457, 3512152223535, vstest.console.dll, TcpClientExtensions.MessageLoopAsync: Polling on remoteEndPoint: 127.0.0.1:52833 localEndPoint: 127.0.0.1:52832
TpTrace Verbose: 0 : 29644, 4, 2022/12/19, 10:53:55.456, 3512152223261, vstest.console.dll, MulticastDelegateUtilities.SafeInvoke: InternalTestLoggerEvents.SendTestRunMessage: Invoking callback 1/1 for Microsoft.VisualStudio.TestPlatform.CommandLine.Internal.ConsoleLogger., took 0 ms.
TpTrace Verbose: 0 : 29644, 10, 2022/12/19, 10:53:55.458, 3512152239236, vstest.console.dll, TcpClientExtensions.MessageLoopAsync: NotifyDataAvailable remoteEndPoint: 127.0.0.1:52833 localEndPoint: 127.0.0.1:52832
TpTrace Verbose: 0 : 29644, 10, 2022/12/19, 10:53:55.458, 3512152240067, vstest.console.dll, TestRequestSender.OnExecutionMessageReceived: Received message: {"Version":7,"MessageType":"TestSession.Message","Payload":{"MessageLevel":0,"Message":"[xUnit.net 00:00:00.42]   Starting:    Uqs.Arithmetic.Tests.Unit"}}
TpTrace Verbose: 0 : 29644, 10, 2022/12/19, 10:53:55.458, 3512152240850, vstest.console.dll, TestRunRequest:SendTestRunMessage: Starting.
TpTrace Verbose: 0 : 29644, 10, 2022/12/19, 10:53:55.458, 3512152241338, vstest.console.dll, MulticastDelegateUtilities.SafeInvoke: TestRun.LogMessages: Invoking callback 1/1 for Microsoft.VisualStudio.TestPlatform.CommandLine.TestRunResultAggregator., took 0 ms.
TpTrace Information: 0 : 29644, 10, 2022/12/19, 10:53:55.458, 3512152241636, vstest.console.dll, TestRunRequest:SendTestRunMessage: Completed.
TpTrace Verbose: 0 : 29644, 10, 2022/12/19, 10:53:55.458, 3512152241914, vstest.console.dll, MulticastDelegateUtilities.SafeInvoke: LengthPrefixCommunicationChannel: MessageReceived: Invoking callback 1/1 for Microsoft.VisualStudio.TestPlatform.CommunicationUtilities.TestRequestSender+<>c__DisplayClass31_0., took 0 ms.
TpTrace Verbose: 0 : 29644, 4, 2022/12/19, 10:53:55.458, 3512152241938, vstest.console.dll, MulticastDelegateUtilities.SafeInvoke: InternalTestLoggerEvents.SendTestRunMessage: Invoking callback 1/1 for Microsoft.VisualStudio.TestPlatform.CommandLine.Internal.ConsoleLogger., took 0 ms.
TpTrace Verbose: 0 : 29644, 10, 2022/12/19, 10:53:55.458, 3512152242233, vstest.console.dll, TcpClientExtensions.MessageLoopAsync: Polling on remoteEndPoint: 127.0.0.1:52833 localEndPoint: 127.0.0.1:52832
TpTrace Verbose: 0 : 29644, 10, 2022/12/19, 10:53:55.556, 3512153222834, vstest.console.dll, TcpClientExtensions.MessageLoopAsync: NotifyDataAvailable remoteEndPoint: 127.0.0.1:52833 localEndPoint: 127.0.0.1:52832
TpTrace Verbose: 0 : 29644, 10, 2022/12/19, 10:53:55.557, 3512153224452, vstest.console.dll, TestRequestSender.OnExecutionMessageReceived: Received message: {"Version":7,"MessageType":"TestSession.Message","Payload":{"MessageLevel":0,"Message":"[xUnit.net 00:00:00.52]   Finished:    Uqs.Arithmetic.Tests.Unit"}}
TpTrace Verbose: 0 : 29644, 10, 2022/12/19, 10:53:55.557, 3512153225953, vstest.console.dll, TestRunRequest:SendTestRunMessage: Starting.
TpTrace Verbose: 0 : 29644, 10, 2022/12/19, 10:53:55.557, 3512153226775, vstest.console.dll, MulticastDelegateUtilities.SafeInvoke: TestRun.LogMessages: Invoking callback 1/1 for Microsoft.VisualStudio.TestPlatform.CommandLine.TestRunResultAggregator., took 0 ms.
TpTrace Information: 0 : 29644, 10, 2022/12/19, 10:53:55.557, 3512153227244, vstest.console.dll, TestRunRequest:SendTestRunMessage: Completed.
TpTrace Verbose: 0 : 29644, 4, 2022/12/19, 10:53:55.557, 3512153227352, vstest.console.dll, MulticastDelegateUtilities.SafeInvoke: InternalTestLoggerEvents.SendTestRunMessage: Invoking callback 1/1 for Microsoft.VisualStudio.TestPlatform.CommandLine.Internal.ConsoleLogger., took 0 ms.
TpTrace Verbose: 0 : 29644, 10, 2022/12/19, 10:53:55.557, 3512153227742, vstest.console.dll, MulticastDelegateUtilities.SafeInvoke: LengthPrefixCommunicationChannel: MessageReceived: Invoking callback 1/1 for Microsoft.VisualStudio.TestPlatform.CommunicationUtilities.TestRequestSender+<>c__DisplayClass31_0., took 0 ms.
TpTrace Verbose: 0 : 29644, 10, 2022/12/19, 10:53:55.557, 3512153228712, vstest.console.dll, TcpClientExtensions.MessageLoopAsync: Polling on remoteEndPoint: 127.0.0.1:52833 localEndPoint: 127.0.0.1:52832
TpTrace Verbose: 0 : 29644, 10, 2022/12/19, 10:53:55.594, 3512153593868, vstest.console.dll, TcpClientExtensions.MessageLoopAsync: NotifyDataAvailable remoteEndPoint: 127.0.0.1:52833 localEndPoint: 127.0.0.1:52832
TpTrace Verbose: 0 : 29644, 10, 2022/12/19, 10:53:55.594, 3512153596381, vstest.console.dll, TestRequestSender.OnExecutionMessageReceived: Received message: {"Version":7,"MessageType":"TestExecution.Completed","Payload":{"TestRunCompleteArgs":{"TestRunStatistics":{"ExecutedTests":7,"Stats":{"Passed":7}},"IsCanceled":false,"IsAborted":false,"Error":null,"AttachmentSets":[],"InvokedDataCollectors":[],"ElapsedTimeInRunningTests":"00:00:00.5314568","Metrics":{},"DiscoveredExtensions":{"TestDiscoverers":["Xunit.Runner.VisualStudio.VsTestRunner, xunit.runner.visualstudio.dotnetcore.testadapter, Version=2.4.0.0, Culture=neutral, PublicKeyToken=8d05b1bb7a6fdb6c"],"TestExecutors":["executor://xunit/VsTestRunner2/netcoreapp"],"TestExecutors2":[],"TestSettingsProviders":[]}},"LastRunTests":{"NewTestResults":[{"TestCase":{"Id":"d795fa63-b4ce-7609-6324-2a2092a72f54","FullyQualifiedName":"Uqs.Arithmetic.Tests.Unit.DivisionTests.Divide_ExtremeInput_CorrectCalculation","DisplayName":"Uqs.Arithmetic.Tests.Unit.DivisionTests.Divide_ExtremeInput_CorrectCalculation(dividend: 2147483647, divisor: -2147483648, expectedQuotient: -0.999999999534)","ExecutorUri":"executor://xunit/VsTestRunner2/netcoreapp","Source":"C:\\Users\\HP\\OneDrive\\Documents\\projects\\tdd\\Pragmatic-Test-Driven-Development-in-C-Sharp-and-NET\\UqsMathLib\\Uqs.Arithmetic.Tests.Unit\\bin\\Debug\\net6.0\\fine-code-coverage\\build-output\\Uqs.Arithmetic.Tests.Unit.dll","CodeFilePath":null,"LineNumber":0,"Properties":[]},"Attachments":[],"Outcome":1,"ErrorMessage":null,"ErrorStackTrace":null,"DisplayName":"Uqs.Arithmetic.Tests.Unit.DivisionTests.Divide_ExtremeInput_CorrectCalculation(dividend: 2147483647, divisor: -2147483648, expectedQuotient: -0.999999999534)","Messages":[],"ComputerName":"DESKTOP-92MG8KH","Duration":"00:00:00.0029575","StartTime":"2022-12-19T11:53:55.5247414+00:00","EndTime":"2022-12-19T11:53:55.5247646+00:00","Properties":[]},{"TestCase":{"Id":"6c211ea2-6aae-7cff-7796-48a05a2195cc","FullyQualifiedName":"Uqs.Arithmetic.Tests.Unit.DivisionTests.Divide_ExtremeInput_CorrectCalculation","DisplayName":"Uqs.Arithmetic.Tests.Unit.DivisionTests.Divide_ExtremeInput_CorrectCalculation(dividend: -2147483648, divisor: 2147483647, expectedQuotient: -1.000000000466)","ExecutorUri":"executor://xunit/VsTestRunner2/netcoreapp","Source":"C:\\Users\\HP\\OneDrive\\Documents\\projects\\tdd\\Pragmatic-Test-Driven-Development-in-C-Sharp-and-NET\\UqsMathLib\\Uqs.Arithmetic.Tests.Unit\\bin\\Debug\\net6.0\\fine-code-coverage\\build-output\\Uqs.Arithmetic.Tests.Unit.dll","CodeFilePath":null,"LineNumber":0,"Properties":[]},"Attachments":[],"Outcome":1,"ErrorMessage":null,"ErrorStackTrace":null,"DisplayName":"Uqs.Arithmetic.Tests.Unit.DivisionTests.Divide_ExtremeInput_CorrectCalculation(dividend: -2147483648, divisor: 2147483647, expectedQuotient: -1.000000000466)","Messages":[],"ComputerName":"DESKTOP-92MG8KH","Duration":"00:00:00.0000116","StartTime":"2022-12-19T11:53:55.5428669+00:00","EndTime":"2022-12-19T11:53:55.5428669+00:00","Properties":[]},{"TestCase":{"Id":"52a52921-27e4-8aae-044c-3d2d27433318","FullyQualifiedName":"Uqs.Arithmetic.Tests.Unit.DivisionTests.Divide_ExtremeInput_CorrectCalculation","DisplayName":"Uqs.Arithmetic.Tests.Unit.DivisionTests.Divide_ExtremeInput_CorrectCalculation(dividend: -2147483648, divisor: -2147483647, expectedQuotient: 1.000000000466)","ExecutorUri":"executor://xunit/VsTestRunner2/netcoreapp","Source":"C:\\Users\\HP\\OneDrive\\Documents\\projects\\tdd\\Pragmatic-Test-Driven-Development-in-C-Sharp-and-NET\\UqsMathLib\\Uqs.Arithmetic.Tests.Unit\\bin\\Debug\\net6.0\\fine-code-coverage\\build-output\\Uqs.Arithmetic.Tests.Unit.dll","CodeFilePath":null,"LineNumber":0,"Properties":[]},"Attachments":[],"Outcome":1,"ErrorMessage":null,"ErrorStackTrace":null,"DisplayName":"Uqs.Arithmetic.Tests.Unit.DivisionTests.Divide_ExtremeInput_CorrectCalculation(dividend: -2147483648, divisor: -2147483647, expectedQuotient: 1.000000000466)","Messages":[],"ComputerName":"DESKTOP-92MG8KH","Duration":"00:00:00.0000040","StartTime":"2022-12-19T11:53:55.5450532+00:00","EndTime":"2022-12-19T11:53:55.5450532+00:00","Properties":[]},{"TestCase":{"Id":"994df80f-a90f-074c-101d-130fe1aeeeaf","FullyQualifiedName":"Uqs.Arithmetic.Tests.Unit.DivisionTests.Divide_ExtremeInput_CorrectCalculation","DisplayName":"Uqs.Arithmetic.Tests.Unit.DivisionTests.Divide_ExtremeInput_CorrectCalculation(dividend: -2147483647, divisor: -2147483648, expectedQuotient: 0.999999999534)","ExecutorUri":"executor://xunit/VsTestRunner2/netcoreapp","Source":"C:\\Users\\HP\\OneDrive\\Documents\\projects\\tdd\\Pragmatic-Test-Driven-Development-in-C-Sharp-and-NET\\UqsMathLib\\Uqs.Arithmetic.Tests.Unit\\bin\\Debug\\net6.0\\fine-code-coverage\\build-output\\Uqs.Arithmetic.Tests.Unit.dll","CodeFilePath":null,"LineNumber":0,"Properties":[]},"Attachments":[],"Outcome":1,"ErrorMessage":null,"ErrorStackTrace":null,"DisplayName":"Uqs.Arithmetic.Tests.Unit.DivisionTests.Divide_ExtremeInput_CorrectCalculation(dividend: -2147483647, divisor: -2147483648, expectedQuotient: 0.999999999534)","Messages":[],"ComputerName":"DESKTOP-92MG8KH","Duration":"00:00:00.0000031","StartTime":"2022-12-19T11:53:55.5468182+00:00","EndTime":"2022-12-19T11:53:55.5468183+00:00","Properties":[]},{"TestCase":{"Id":"3c28e0df-8d8d-850b-b892-a5a74ddbae50","FullyQualifiedName":"Uqs.Arithmetic.Tests.Unit.DivisionTests.Divide_ZeroDivisor_DivideByZeroException","DisplayName":"Uqs.Arithmetic.Tests.Unit.DivisionTests.Divide_ZeroDivisor_DivideByZeroException","ExecutorUri":"executor://xunit/VsTestRunner2/netcoreapp","Source":"C:\\Users\\HP\\OneDrive\\Documents\\projects\\tdd\\Pragmatic-Test-Driven-Development-in-C-Sharp-and-NET\\UqsMathLib\\Uqs.Arithmetic.Tests.Unit\\bin\\Debug\\net6.0\\fine-code-coverage\\build-output\\Uqs.Arithmetic.Tests.Unit.dll","CodeFilePath":null,"LineNumber":0,"Properties":[]},"Attachments":[],"Outcome":1,"ErrorMessage":null,"ErrorStackTrace":null,"DisplayName":"Uqs.Arithmetic.Tests.Unit.DivisionTests.Divide_ZeroDivisor_DivideByZeroException","Messages":[],"ComputerName":"DESKTOP-92MG8KH","Duration":"00:00:00.0006997","StartTime":"2022-12-19T11:53:55.5517025+00:00","EndTime":"2022-12-19T11:53:55.5517025+00:00","Properties":[]},{"TestCase":{"Id":"3673ab5c-8a2b-b6cd-7f17-6cddd9207843","FullyQualifiedName":"Uqs.Arithmetic.Tests.Unit.DivisionTests.Divide_IndivisibleIntegers_DecimalNumber","DisplayName":"Uqs.Arithmetic.Tests.Unit.DivisionTests.Divide_IndivisibleIntegers_DecimalNumber","ExecutorUri":"executor://xunit/VsTestRunner2/netcoreapp","Source":"C:\\Users\\HP\\OneDrive\\Documents\\projects\\tdd\\Pragmatic-Test-Driven-Development-in-C-Sharp-and-NET\\UqsMathLib\\Uqs.Arithmetic.Tests.Unit\\bin\\Debug\\net6.0\\fine-code-coverage\\build-output\\Uqs.Arithmetic.Tests.Unit.dll","CodeFilePath":null,"LineNumber":0,"Properties":[]},"Attachments":[],"Outcome":1,"ErrorMessage":null,"ErrorStackTrace":null,"DisplayName":"Uqs.Arithmetic.Tests.Unit.DivisionTests.Divide_IndivisibleIntegers_DecimalNumber","Messages":[],"ComputerName":"DESKTOP-92MG8KH","Duration":"00:00:00.0023885","StartTime":"2022-12-19T11:53:55.55348+00:00","EndTime":"2022-12-19T11:53:55.55348+00:00","Properties":[]},{"TestCase":{"Id":"ba5e9ff0-3579-6f5f-7593-82ac68d4869f","FullyQualifiedName":"Uqs.Arithmetic.Tests.Unit.DivisionTests.Divide_DivisibleIntegers_WholeNumber","DisplayName":"Uqs.Arithmetic.Tests.Unit.DivisionTests.Divide_DivisibleIntegers_WholeNumber","ExecutorUri":"executor://xunit/VsTestRunner2/netcoreapp","Source":"C:\\Users\\HP\\OneDrive\\Documents\\projects\\tdd\\Pragmatic-Test-Driven-Development-in-C-Sharp-and-NET\\UqsMathLib\\Uqs.Arithmetic.Tests.Unit\\bin\\Debug\\net6.0\\fine-code-coverage\\build-output\\Uqs.Arithmetic.Tests.Unit.dll","CodeFilePath":null,"LineNumber":0,"Properties":[]},"Attachments":[],"Outcome":1,"ErrorMessage":null,"ErrorStackTrace":null,"DisplayName":"Uqs.Arithmetic.Tests.Unit.DivisionTests.Divide_DivisibleIntegers_WholeNumber","Messages":[],"ComputerName":"DESKTOP-92MG8KH","Duration":"00:00:00.0001351","StartTime":"2022-12-19T11:53:55.5550571+00:00","EndTime":"2022-12-19T11:53:55.5550571+00:00","Properties":[]}],"TestRunStatistics":{"ExecutedTests":7,"Stats":{"Passed":7}},"ActiveTests":[]},"RunAttachments":[],"ExecutorUris":["executor://xunit/VsTestRunner2/netcoreapp"]}}
TpTrace Verbose: 0 : 29644, 10, 2022/12/19, 10:53:55.594, 3512153597773, vstest.console.dll, TestRequestSender.EndSession: Sending end session.
TpTrace Verbose: 0 : 29644, 10, 2022/12/19, 10:53:55.594, 3512153599419, vstest.console.dll, ProxyOperationManager.Close: waiting for test host to exit for 100 ms
TpTrace Warning: 0 : 29644, 11, 2022/12/19, 10:53:55.613, 3512153793094, vstest.console.dll, TestHostManagerCallbacks.ErrorReceivedCallback Test host standard error line: 
TpTrace Verbose: 0 : 29644, 11, 2022/12/19, 10:53:55.624, 3512153893590, vstest.console.dll, TestHostProvider.ExitCallBack: Host exited starting callback.
TpTrace Information: 0 : 29644, 11, 2022/12/19, 10:53:55.624, 3512153895432, vstest.console.dll, TestHostManagerCallbacks.ExitCallBack: Testhost processId: 20068 exited with exitcode: 0 error: ''
TpTrace Verbose: 0 : 29644, 11, 2022/12/19, 10:53:55.624, 3512153895873, vstest.console.dll, DotnetTestHostManager.OnHostExited: invoking OnHostExited callback
TpTrace Verbose: 0 : 29644, 11, 2022/12/19, 10:53:55.624, 3512153896337, vstest.console.dll, CrossPlatEngine.TestHostManagerHostExited: calling on client process exit callback.
TpTrace Information: 0 : 29644, 11, 2022/12/19, 10:53:55.624, 3512153896812, vstest.console.dll, TestRequestSender.OnClientProcessExit: Test host process exited. Standard error: 
TpTrace Information: 0 : 29644, 11, 2022/12/19, 10:53:55.624, 3512153897170, vstest.console.dll, SocketServer.Stop: Stop server endPoint: 127.0.0.1:52832
TpTrace Information: 0 : 29644, 11, 2022/12/19, 10:53:55.624, 3512153897419, vstest.console.dll, SocketServer.Stop: Cancellation requested. Stopping message loop.
TpTrace Information: 0 : 29644, 10, 2022/12/19, 10:53:55.624, 3512153898074, vstest.console.dll, SocketServer.Stop: Stop server endPoint: 127.0.0.1:52832
TpTrace Verbose: 0 : 29644, 11, 2022/12/19, 10:53:55.624, 3512153898144, vstest.console.dll, MulticastDelegateUtilities.SafeInvoke: HostProviderEvents.OnHostExited: Invoking callback 1/1 for Microsoft.VisualStudio.TestPlatform.CrossPlatEngine.Client.ProxyOperationManager., took 0 ms.
TpTrace Information: 0 : 29644, 10, 2022/12/19, 10:53:55.624, 3512153898614, vstest.console.dll, SocketServer.Stop: Cancellation requested. Stopping message loop.
TpTrace Information: 0 : 29644, 10, 2022/12/19, 10:53:55.624, 3512153900031, vstest.console.dll, Closing the connection
TpTrace Verbose: 0 : 29644, 10, 2022/12/19, 10:53:55.624, 3512153901995, vstest.console.dll, ProxyDataCollectionManager.InvokeDataCollectionServiceAction: Starting.
TpTrace Information: 0 : 29644, 10, 2022/12/19, 10:53:55.624, 3512153902420, vstest.console.dll, ProxyDataCollectionManager.AfterTestRunEnd: Get attachment set and invoked data collectors processId: 20032 port: 52828
TpTrace Verbose: 0 : 29644, 10, 2022/12/19, 10:53:55.624, 3512153902840, vstest.console.dll, DataCollectionRequestSender.SendAfterTestRunStartAndGetResult: Send AfterTestRunEnd message with isCancelled: False
TpTrace Verbose: 0 : 29644, 10, 2022/12/19, 10:53:55.632, 3512153976336, vstest.console.dll, DataCollectionRequestSender.SendAfterTestRunStartAndGetResult: Received message: (DataCollection.AfterTestRunEndResult) -> {"MessageType":"DataCollection.AfterTestRunEndResult","Payload":{"AttachmentSets":[],"InvokedDataCollectors":[{"Uri":"datacollector://Microsoft/TestPlatform/Extensions/Blame/v1","FriendlyName":"Blame","AssemblyQualifiedName":"Microsoft.TestPlatform.Extensions.BlameDataCollector.BlameCollector, Microsoft.TestPlatform.Extensions.BlameDataCollector, Version=15.0.0.0, Culture=neutral, PublicKeyToken=b03f5f7f11d50a3a","FilePath":"C:\\Program Files\\dotnet\\sdk\\7.0.101\\Extensions\\Microsoft.TestPlatform.Extensions.BlameDataCollector.dll","HasAttachmentProcessor":false}],"Metrics":{}}}
TpTrace Warning: 0 : 29644, 9, 2022/12/19, 10:53:55.636, 3512154019805, vstest.console.dll, DataCollectionLauncher.ErrorReceivedCallback datacollector standard error line: 
TpTrace Information: 0 : 29644, 10, 2022/12/19, 10:53:55.640, 3512154056616, vstest.console.dll, ProxyDataCollectionManager.InvokeDataCollectionServiceAction: Completed.
TpTrace Information: 0 : 29644, 9, 2022/12/19, 10:53:55.644, 3512154102091, vstest.console.dll, DataCollectionLauncher.ExitCallBack: Data collector exited with exitcode: 0 error: ''
TpTrace Verbose: 0 : 29644, 10, 2022/12/19, 10:53:55.694, 3512154598177, vstest.console.dll, TestRunRequest:SendTestRunStatsChange: Starting.
TpTrace Verbose: 0 : 29644, 10, 2022/12/19, 10:53:55.694, 3512154601814, vstest.console.dll, MulticastDelegateUtilities.SafeInvoke: TestRun.RunStatsChanged: Invoking callbacks was skipped because there are no subscribers.
TpTrace Information: 0 : 29644, 10, 2022/12/19, 10:53:55.694, 3512154602341, vstest.console.dll, TestRunRequest:SendTestRunStatsChange: Completed.
TpTrace Verbose: 0 : 29644, 10, 2022/12/19, 10:53:55.695, 3512154606921, vstest.console.dll, ParallelProxyExecutionManager: HandlePartialRunComplete: Total completed clients = 1, Run complete = True, Run canceled: False.
TpTrace Verbose: 0 : 29644, 4, 2022/12/19, 10:53:55.696, 3512154616929, vstest.console.dll, MulticastDelegateUtilities.SafeInvoke: InternalTestLoggerEvents.SendTestResult: Invoking callback 1/1 for Microsoft.VisualStudio.TestPlatform.CommandLine.Internal.ConsoleLogger., took 1 ms.
TpTrace Verbose: 0 : 29644, 4, 2022/12/19, 10:53:55.696, 3512154619170, vstest.console.dll, MulticastDelegateUtilities.SafeInvoke: InternalTestLoggerEvents.SendTestResult: Invoking callback 1/1 for Microsoft.VisualStudio.TestPlatform.CommandLine.Internal.ConsoleLogger., took 0 ms.
TpTrace Verbose: 0 : 29644, 4, 2022/12/19, 10:53:55.696, 3512154619778, vstest.console.dll, MulticastDelegateUtilities.SafeInvoke: InternalTestLoggerEvents.SendTestResult: Invoking callback 1/1 for Microsoft.VisualStudio.TestPlatform.CommandLine.Internal.ConsoleLogger., took 0 ms.
TpTrace Verbose: 0 : 29644, 4, 2022/12/19, 10:53:55.696, 3512154620186, vstest.console.dll, MulticastDelegateUtilities.SafeInvoke: InternalTestLoggerEvents.SendTestResult: Invoking callback 1/1 for Microsoft.VisualStudio.TestPlatform.CommandLine.Internal.ConsoleLogger., took 0 ms.
TpTrace Verbose: 0 : 29644, 4, 2022/12/19, 10:53:55.696, 3512154620606, vstest.console.dll, MulticastDelegateUtilities.SafeInvoke: InternalTestLoggerEvents.SendTestResult: Invoking callback 1/1 for Microsoft.VisualStudio.TestPlatform.CommandLine.Internal.ConsoleLogger., took 0 ms.
TpTrace Verbose: 0 : 29644, 4, 2022/12/19, 10:53:55.696, 3512154621026, vstest.console.dll, MulticastDelegateUtilities.SafeInvoke: InternalTestLoggerEvents.SendTestResult: Invoking callback 1/1 for Microsoft.VisualStudio.TestPlatform.CommandLine.Internal.ConsoleLogger., took 0 ms.
TpTrace Verbose: 0 : 29644, 4, 2022/12/19, 10:53:55.696, 3512154621381, vstest.console.dll, MulticastDelegateUtilities.SafeInvoke: InternalTestLoggerEvents.SendTestResult: Invoking callback 1/1 for Microsoft.VisualStudio.TestPlatform.CommandLine.Internal.ConsoleLogger., took 0 ms.
TpTrace Verbose: 0 : 29644, 4, 2022/12/19, 10:53:55.703, 3512154690767, vstest.console.dll, MulticastDelegateUtilities.SafeInvoke: InternalTestLoggerEvents.SendTestRunComplete: Invoking callback 1/2 for Microsoft.TestPlatform.Extensions.BlameDataCollector.BlameLogger., took 0 ms.
TpTrace Verbose: 0 : 29644, 4, 2022/12/19, 10:53:55.708, 3512154741299, vstest.console.dll, MulticastDelegateUtilities.SafeInvoke: InternalTestLoggerEvents.SendTestRunComplete: Invoking callback 2/2 for Microsoft.VisualStudio.TestPlatform.CommandLine.Internal.ConsoleLogger., took 4 ms.
TpTrace Verbose: 0 : 29644, 10, 2022/12/19, 10:53:55.709, 3512154744642, vstest.console.dll, TestRunRequest:TestRunComplete: Starting. IsAborted:False IsCanceled:False.
TpTrace Verbose: 0 : 29644, 10, 2022/12/19, 10:53:55.710, 3512154756271, vstest.console.dll, TestLoggerManager.HandleTestRunComplete: Ignoring as the object is disposed.
TpTrace Verbose: 0 : 29644, 10, 2022/12/19, 10:53:55.710, 3512154758643, vstest.console.dll, MulticastDelegateUtilities.SafeInvoke: TestRun.TestRunComplete: Invoking callback 1/2 for Microsoft.VisualStudio.TestPlatform.CommandLine.TestRunResultAggregator., took 0 ms.
TpTrace Verbose: 0 : 29644, 10, 2022/12/19, 10:53:55.710, 3512154760045, vstest.console.dll, MulticastDelegateUtilities.SafeInvoke: TestRun.TestRunComplete: Invoking callback 2/2 for Microsoft.VisualStudio.TestPlatform.CommandLine.Processors.RunTestsArgumentExecutor+TestRunRequestEventsRegistrar., took 0 ms.
TpTrace Information: 0 : 29644, 10, 2022/12/19, 10:53:55.710, 3512154760931, vstest.console.dll, TestRunRequest:TestRunComplete: Completed.
TpTrace Verbose: 0 : 29644, 10, 2022/12/19, 10:53:55.710, 3512154761316, vstest.console.dll, TestRequestSender.SetOperationComplete: Setting operation complete.
TpTrace Information: 0 : 29644, 10, 2022/12/19, 10:53:55.710, 3512154761616, vstest.console.dll, SocketServer.Stop: Stop server endPoint: 127.0.0.1:52832
TpTrace Information: 0 : 29644, 10, 2022/12/19, 10:53:55.710, 3512154761866, vstest.console.dll, SocketServer.Stop: Cancellation requested. Stopping message loop.
TpTrace Verbose: 0 : 29644, 1, 2022/12/19, 10:53:55.710, 3512154761910, vstest.console.dll, TestRunRequest.Dispose: Starting.
TpTrace Information: 0 : 29644, 1, 2022/12/19, 10:53:55.710, 3512154762846, vstest.console.dll, TestRunRequest.Dispose: Completed.
TpTrace Verbose: 0 : 29644, 10, 2022/12/19, 10:53:55.710, 3512154762242, vstest.console.dll, MulticastDelegateUtilities.SafeInvoke: LengthPrefixCommunicationChannel: MessageReceived: Invoking callback 1/1 for Microsoft.VisualStudio.TestPlatform.CommunicationUtilities.TestRequestSender+<>c__DisplayClass31_0., took 116 ms.
TpTrace Information: 0 : 29644, 1, 2022/12/19, 10:53:55.710, 3512154763318, vstest.console.dll, TestRequestManager.RunTests: run tests completed.
TpTrace Information: 0 : 29644, 10, 2022/12/19, 10:53:55.711, 3512154763879, vstest.console.dll, SocketServer.PrivateStop: Stopping server endPoint: 127.0.0.1:52832 error: 
TpTrace Information: 0 : 29644, 1, 2022/12/19, 10:53:55.711, 3512154765306, vstest.console.dll, RunTestsArgumentProcessor:Execute: Test run is completed.
TpTrace Verbose: 0 : 29644, 1, 2022/12/19, 10:53:55.711, 3512154767165, vstest.console.dll, Executor.Execute: Exiting with exit code of 0
TpTrace Verbose: 0 : 29644, 10, 2022/12/19, 10:53:55.711, 3512154767499, vstest.console.dll, LengthPrefixCommunicationChannel.Dispose: Dispose reader and writer.
TpTrace Information: 0 : 29644, 10, 2022/12/19, 10:53:55.711, 3512154768151, vstest.console.dll, SocketServer.Stop: Raise disconnected event endPoint: 127.0.0.1:52832 error: 
TpTrace Verbose: 0 : 29644, 10, 2022/12/19, 10:53:55.711, 3512154769218, vstest.console.dll, TestRequestSender: OnTestRunAbort: Operation is already complete. Skip error message.
TpTrace Verbose: 0 : 29644, 10, 2022/12/19, 10:53:55.711, 3512154769660, vstest.console.dll, MulticastDelegateUtilities.SafeInvoke: SocketServer: ClientDisconnected: Invoking callback 1/1 for Microsoft.VisualStudio.TestPlatform.CommunicationUtilities.TestRequestSender., took 0 ms.
TpTrace Verbose: 0 : 29644, 10, 2022/12/19, 10:53:55.711, 3512154769952, vstest.console.dll, TcpClientExtensions.MessageLoopAsync: exiting MessageLoopAsync remoteEndPoint: 127.0.0.1:52833 localEndPoint: 127.0.0.1:52832
