<?xml version="1.0" encoding="utf-8"?>
<coverage line-rate="0.9655" branch-rate="1" version="1.9" timestamp="1671450835" lines-covered="28" lines-valid="29" branches-covered="0" branches-valid="0">
  <sources>
    <source>C:\Users\HP\</source>
  </sources>
  <packages>
    <package name="Uqs.Arithmetic" line-rate="1" branch-rate="1" complexity="1">
      <classes>
        <class name="Uqs.Arithmetic.Division" filename="OneDrive\Documents\projects\tdd\Pragmatic-Test-Driven-Development-in-C-Sharp-and-NET\UqsMathLib\Uqs.Arithmetic\Division.cs" line-rate="1" branch-rate="1" complexity="1">
          <methods>
            <method name="Divide" signature="(System.Int32,System.Int32)" line-rate="1" branch-rate="1" complexity="1">
              <lines>
                <line number="6" hits="7" branch="False" />
                <line number="7" hits="7" branch="False" />
                <line number="8" hits="6" branch="False" />
                <line number="9" hits="6" branch="False" />
              </lines>
            </method>
          </methods>
          <lines>
            <line number="6" hits="7" branch="False" />
            <line number="7" hits="7" branch="False" />
            <line number="8" hits="6" branch="False" />
            <line number="9" hits="6" branch="False" />
          </lines>
        </class>
      </classes>
    </package>
    <package name="Uqs.Arithmetic.Tests.Unit" line-rate="0.96" branch-rate="1" complexity="5">
      <classes>
        <class name="AutoGeneratedProgram" filename=".nuget\packages\microsoft.net.test.sdk\17.3.2\build\netcoreapp2.1\Microsoft.NET.Test.Sdk.Program.cs" line-rate="0" branch-rate="1" complexity="1">
          <methods>
            <method name="Main" signature="(System.String[])" line-rate="0" branch-rate="1" complexity="1">
              <lines>
                <line number="4" hits="0" branch="False" />
              </lines>
            </method>
          </methods>
          <lines>
            <line number="4" hits="0" branch="False" />
          </lines>
        </class>
        <class name="Uqs.Arithmetic.Tests.Unit.DivisionTests" filename="OneDrive\Documents\projects\tdd\Pragmatic-Test-Driven-Development-in-C-Sharp-and-NET\UqsMathLib\Uqs.Arithmetic.Tests.Unit\DivisionTests.cs" line-rate="1" branch-rate="1" complexity="4">
          <methods>
            <method name="Divide_DivisibleIntegers_WholeNumber" signature="()" line-rate="1" branch-rate="1" complexity="1">
              <lines>
                <line number="9" hits="1" branch="False" />
                <line number="11" hits="1" branch="False" />
                <line number="12" hits="1" branch="False" />
                <line number="13" hits="1" branch="False" />
                <line number="16" hits="1" branch="False" />
                <line number="19" hits="1" branch="False" />
                <line number="20" hits="1" branch="False" />
              </lines>
            </method>
            <method name="Divide_IndivisibleIntegers_DecimalNumber" signature="()" line-rate="1" branch-rate="1" complexity="1">
              <lines>
                <line number="24" hits="1" branch="False" />
                <line number="26" hits="1" branch="False" />
                <line number="27" hits="1" branch="False" />
                <line number="28" hits="1" branch="False" />
                <line number="31" hits="1" branch="False" />
                <line number="34" hits="1" branch="False" />
                <line number="35" hits="1" branch="False" />
              </lines>
            </method>
            <method name="Divide_ZeroDivisor_DivideByZeroException" signature="()" line-rate="1" branch-rate="1" complexity="1">
              <lines>
                <line number="39" hits="1" branch="False" />
                <line number="41" hits="1" branch="False" />
                <line number="42" hits="1" branch="False" />
                <line number="45" hits="2" branch="False" />
                <line number="48" hits="1" branch="False" />
                <line number="49" hits="1" branch="False" />
              </lines>
            </method>
            <method name="Divide_ExtremeInput_CorrectCalculation" signature="(System.Int32,System.Int32,System.Decimal)" line-rate="1" branch-rate="1" complexity="1">
              <lines>
                <line number="59" hits="4" branch="False" />
                <line number="63" hits="4" branch="False" />
                <line number="66" hits="4" branch="False" />
                <line number="67" hits="4" branch="False" />
              </lines>
            </method>
          </methods>
          <lines>
            <line number="9" hits="1" branch="False" />
            <line number="11" hits="1" branch="False" />
            <line number="12" hits="1" branch="False" />
            <line number="13" hits="1" branch="False" />
            <line number="16" hits="1" branch="False" />
            <line number="19" hits="1" branch="False" />
            <line number="20" hits="1" branch="False" />
            <line number="24" hits="1" branch="False" />
            <line number="26" hits="1" branch="False" />
            <line number="27" hits="1" branch="False" />
            <line number="28" hits="1" branch="False" />
            <line number="31" hits="1" branch="False" />
            <line number="34" hits="1" branch="False" />
            <line number="35" hits="1" branch="False" />
            <line number="39" hits="1" branch="False" />
            <line number="41" hits="1" branch="False" />
            <line number="42" hits="1" branch="False" />
            <line number="45" hits="2" branch="False" />
            <line number="48" hits="1" branch="False" />
            <line number="49" hits="1" branch="False" />
            <line number="59" hits="4" branch="False" />
            <line number="63" hits="4" branch="False" />
            <line number="66" hits="4" branch="False" />
            <line number="67" hits="4" branch="False" />
          </lines>
        </class>
      </classes>
    </package>
  </packages>
</coverage>